CRITICAL - 2021-12-02 17:34:59 --> Undefined offset: 0
#0 /home/joyarico/public_html/joyari_new/app/Controllers/Categories.php(39): CodeIgniter\Debug\Exceptions->errorHandler(8, 'Undefined offse...', '/home/joyarico/...', 39, Array)
#1 /home/joyarico/public_html/joyari_new/system/CodeIgniter.php(931): App\Controllers\Categories->products('products', 'test-1')
#2 /home/joyarico/public_html/joyari_new/system/CodeIgniter.php(439): CodeIgniter\CodeIgniter->runController(Object(App\Controllers\Categories))
#3 /home/joyarico/public_html/joyari_new/system/CodeIgniter.php(339): CodeIgniter\CodeIgniter->handleRequest(NULL, Object(Config\Cache), false)
#4 /home/joyarico/public_html/joyari_new/public/index.php(45): CodeIgniter\CodeIgniter->run()
#5 {main}
CRITICAL - 2021-12-02 17:35:04 --> Undefined offset: 0
#0 /home/joyarico/public_html/joyari_new/app/Controllers/Categories.php(39): CodeIgniter\Debug\Exceptions->errorHandler(8, 'Undefined offse...', '/home/joyarico/...', 39, Array)
#1 /home/joyarico/public_html/joyari_new/system/CodeIgniter.php(931): App\Controllers\Categories->products('products', 'test-1')
#2 /home/joyarico/public_html/joyari_new/system/CodeIgniter.php(439): CodeIgniter\CodeIgniter->runController(Object(App\Controllers\Categories))
#3 /home/joyarico/public_html/joyari_new/system/CodeIgniter.php(339): CodeIgniter\CodeIgniter->handleRequest(NULL, Object(Config\Cache), false)
#4 /home/joyarico/public_html/joyari_new/index.php(44): CodeIgniter\CodeIgniter->run()
#5 {main}
CRITICAL - 2021-12-02 17:36:14 --> Undefined offset: 0
#0 /home/joyarico/public_html/joyari_new/app/Controllers/Categories.php(39): CodeIgniter\Debug\Exceptions->errorHandler(8, 'Undefined offse...', '/home/joyarico/...', 39, Array)
#1 /home/joyarico/public_html/joyari_new/system/CodeIgniter.php(931): App\Controllers\Categories->products('products', 'test-1')
#2 /home/joyarico/public_html/joyari_new/system/CodeIgniter.php(439): CodeIgniter\CodeIgniter->runController(Object(App\Controllers\Categories))
#3 /home/joyarico/public_html/joyari_new/system/CodeIgniter.php(339): CodeIgniter\CodeIgniter->handleRequest(NULL, Object(Config\Cache), false)
#4 /home/joyarico/public_html/joyari_new/index.php(44): CodeIgniter\CodeIgniter->run()
#5 {main}
CRITICAL - 2021-12-02 17:37:08 --> Undefined offset: 0
#0 /home/joyarico/public_html/joyari_new/app/Controllers/Categories.php(39): CodeIgniter\Debug\Exceptions->errorHandler(8, 'Undefined offse...', '/home/joyarico/...', 39, Array)
#1 /home/joyarico/public_html/joyari_new/system/CodeIgniter.php(931): App\Controllers\Categories->products('products', 'test-1')
#2 /home/joyarico/public_html/joyari_new/system/CodeIgniter.php(439): CodeIgniter\CodeIgniter->runController(Object(App\Controllers\Categories))
#3 /home/joyarico/public_html/joyari_new/system/CodeIgniter.php(339): CodeIgniter\CodeIgniter->handleRequest(NULL, Object(Config\Cache), false)
#4 /home/joyarico/public_html/joyari_new/index.php(44): CodeIgniter\CodeIgniter->run()
#5 {main}
CRITICAL - 2021-12-02 17:37:42 --> Invalid file: {0}
#0 /home/joyarico/public_html/joyari_new/system/View/View.php(213): CodeIgniter\Exceptions\FrameworkException::forInvalidFile('frontend/pages/...')
#1 /home/joyarico/public_html/joyari_new/system/Common.php(1271): CodeIgniter\View\View->render('frontend/pages/...', Array, true)
#2 /home/joyarico/public_html/joyari_new/app/Controllers/Categories.php(28): view('frontend/pages/...', Array)
#3 /home/joyarico/public_html/joyari_new/system/CodeIgniter.php(931): App\Controllers\Categories->index('products', 'test-1')
#4 /home/joyarico/public_html/joyari_new/system/CodeIgniter.php(439): CodeIgniter\CodeIgniter->runController(Object(App\Controllers\Categories))
#5 /home/joyarico/public_html/joyari_new/system/CodeIgniter.php(339): CodeIgniter\CodeIgniter->handleRequest(NULL, Object(Config\Cache), false)
#6 /home/joyarico/public_html/joyari_new/index.php(44): CodeIgniter\CodeIgniter->run()
#7 {main}
CRITICAL - 2021-12-02 17:38:31 --> Undefined offset: 0
#0 /home/joyarico/public_html/joyari_new/app/Controllers/Categories.php(39): CodeIgniter\Debug\Exceptions->errorHandler(8, 'Undefined offse...', '/home/joyarico/...', 39, Array)
#1 /home/joyarico/public_html/joyari_new/system/CodeIgniter.php(931): App\Controllers\Categories->products('products', 'test-1')
#2 /home/joyarico/public_html/joyari_new/system/CodeIgniter.php(439): CodeIgniter\CodeIgniter->runController(Object(App\Controllers\Categories))
#3 /home/joyarico/public_html/joyari_new/system/CodeIgniter.php(339): CodeIgniter\CodeIgniter->handleRequest(NULL, Object(Config\Cache), false)
#4 /home/joyarico/public_html/joyari_new/index.php(44): CodeIgniter\CodeIgniter->run()
#5 {main}
CRITICAL - 2021-12-02 17:39:00 --> Undefined offset: 0
#0 /home/joyarico/public_html/joyari_new/app/Controllers/Categories.php(39): CodeIgniter\Debug\Exceptions->errorHandler(8, 'Undefined offse...', '/home/joyarico/...', 39, Array)
#1 /home/joyarico/public_html/joyari_new/system/CodeIgniter.php(931): App\Controllers\Categories->products('products', 'test-1')
#2 /home/joyarico/public_html/joyari_new/system/CodeIgniter.php(439): CodeIgniter\CodeIgniter->runController(Object(App\Controllers\Categories))
#3 /home/joyarico/public_html/joyari_new/system/CodeIgniter.php(339): CodeIgniter\CodeIgniter->handleRequest(NULL, Object(Config\Cache), false)
#4 /home/joyarico/public_html/joyari_new/index.php(44): CodeIgniter\CodeIgniter->run()
#5 {main}
CRITICAL - 2021-12-02 17:39:05 --> Undefined offset: 0
#0 /home/joyarico/public_html/joyari_new/app/Controllers/Categories.php(39): CodeIgniter\Debug\Exceptions->errorHandler(8, 'Undefined offse...', '/home/joyarico/...', 39, Array)
#1 /home/joyarico/public_html/joyari_new/system/CodeIgniter.php(931): App\Controllers\Categories->products('products')
#2 /home/joyarico/public_html/joyari_new/system/CodeIgniter.php(439): CodeIgniter\CodeIgniter->runController(Object(App\Controllers\Categories))
#3 /home/joyarico/public_html/joyari_new/system/CodeIgniter.php(339): CodeIgniter\CodeIgniter->handleRequest(NULL, Object(Config\Cache), false)
#4 /home/joyarico/public_html/joyari_new/index.php(44): CodeIgniter\CodeIgniter->run()
#5 {main}
CRITICAL - 2021-12-02 17:39:18 --> Undefined offset: 0
#0 /home/joyarico/public_html/joyari_new/app/Controllers/Categories.php(39): CodeIgniter\Debug\Exceptions->errorHandler(8, 'Undefined offse...', '/home/joyarico/...', 39, Array)
#1 /home/joyarico/public_html/joyari_new/system/CodeIgniter.php(931): App\Controllers\Categories->products('products', 'test-1')
#2 /home/joyarico/public_html/joyari_new/system/CodeIgniter.php(439): CodeIgniter\CodeIgniter->runController(Object(App\Controllers\Categories))
#3 /home/joyarico/public_html/joyari_new/system/CodeIgniter.php(339): CodeIgniter\CodeIgniter->handleRequest(NULL, Object(Config\Cache), false)
#4 /home/joyarico/public_html/joyari_new/index.php(44): CodeIgniter\CodeIgniter->run()
#5 {main}
CRITICAL - 2021-12-02 17:40:03 --> Undefined variable: record
#0 /home/joyarico/public_html/joyari_new/app/Views/frontend/pages/products/product_single.php(54): CodeIgniter\Debug\Exceptions->errorHandler(8, 'Undefined varia...', '/home/joyarico/...', 54, Array)
#1 /home/joyarico/public_html/joyari_new/system/View/View.php(230): include('/home/joyarico/...')
#2 /home/joyarico/public_html/joyari_new/system/View/View.php(232): CodeIgniter\View\View->CodeIgniter\View\{closure}()
#3 /home/joyarico/public_html/joyari_new/system/Common.php(1271): CodeIgniter\View\View->render('frontend/pages/...', Array, true)
#4 /home/joyarico/public_html/joyari_new/app/Controllers/Products.php(47): view('frontend/pages/...', Array)
#5 /home/joyarico/public_html/joyari_new/system/CodeIgniter.php(931): App\Controllers\Products->productdetail('test-1')
#6 /home/joyarico/public_html/joyari_new/system/CodeIgniter.php(439): CodeIgniter\CodeIgniter->runController(Object(App\Controllers\Products))
#7 /home/joyarico/public_html/joyari_new/system/CodeIgniter.php(339): CodeIgniter\CodeIgniter->handleRequest(NULL, Object(Config\Cache), false)
#8 /home/joyarico/public_html/joyari_new/index.php(44): CodeIgniter\CodeIgniter->run()
#9 {main}
CRITICAL - 2021-12-02 17:57:50 --> Undefined variable: record
#0 /home/joyarico/public_html/joyari_new/app/Views/frontend/pages/products/product_single.php(54): CodeIgniter\Debug\Exceptions->errorHandler(8, 'Undefined varia...', '/home/joyarico/...', 54, Array)
#1 /home/joyarico/public_html/joyari_new/system/View/View.php(230): include('/home/joyarico/...')
#2 /home/joyarico/public_html/joyari_new/system/View/View.php(232): CodeIgniter\View\View->CodeIgniter\View\{closure}()
#3 /home/joyarico/public_html/joyari_new/system/Common.php(1271): CodeIgniter\View\View->render('frontend/pages/...', Array, true)
#4 /home/joyarico/public_html/joyari_new/app/Controllers/Products.php(47): view('frontend/pages/...', Array)
#5 /home/joyarico/public_html/joyari_new/system/CodeIgniter.php(931): App\Controllers\Products->productdetail('test-1')
#6 /home/joyarico/public_html/joyari_new/system/CodeIgniter.php(439): CodeIgniter\CodeIgniter->runController(Object(App\Controllers\Products))
#7 /home/joyarico/public_html/joyari_new/system/CodeIgniter.php(339): CodeIgniter\CodeIgniter->handleRequest(NULL, Object(Config\Cache), false)
#8 /home/joyarico/public_html/joyari_new/index.php(44): CodeIgniter\CodeIgniter->run()
#9 {main}
CRITICAL - 2021-12-02 17:57:52 --> Undefined offset: 0
#0 /home/joyarico/public_html/joyari_new/app/Controllers/Categories.php(39): CodeIgniter\Debug\Exceptions->errorHandler(8, 'Undefined offse...', '/home/joyarico/...', 39, Array)
#1 /home/joyarico/public_html/joyari_new/system/CodeIgniter.php(931): App\Controllers\Categories->products('products', 'test-1')
#2 /home/joyarico/public_html/joyari_new/system/CodeIgniter.php(439): CodeIgniter\CodeIgniter->runController(Object(App\Controllers\Categories))
#3 /home/joyarico/public_html/joyari_new/system/CodeIgniter.php(339): CodeIgniter\CodeIgniter->handleRequest(NULL, Object(Config\Cache), false)
#4 /home/joyarico/public_html/joyari_new/index.php(44): CodeIgniter\CodeIgniter->run()
#5 {main}
CRITICAL - 2021-12-02 17:57:55 --> Undefined offset: 0
#0 /home/joyarico/public_html/joyari_new/app/Controllers/Categories.php(39): CodeIgniter\Debug\Exceptions->errorHandler(8, 'Undefined offse...', '/home/joyarico/...', 39, Array)
#1 /home/joyarico/public_html/joyari_new/system/CodeIgniter.php(931): App\Controllers\Categories->products('products')
#2 /home/joyarico/public_html/joyari_new/system/CodeIgniter.php(439): CodeIgniter\CodeIgniter->runController(Object(App\Controllers\Categories))
#3 /home/joyarico/public_html/joyari_new/system/CodeIgniter.php(339): CodeIgniter\CodeIgniter->handleRequest(NULL, Object(Config\Cache), false)
#4 /home/joyarico/public_html/joyari_new/index.php(44): CodeIgniter\CodeIgniter->run()
#5 {main}
CRITICAL - 2021-12-02 17:57:59 --> Undefined offset: 0
#0 /home/joyarico/public_html/joyari_new/app/Controllers/Categories.php(39): CodeIgniter\Debug\Exceptions->errorHandler(8, 'Undefined offse...', '/home/joyarico/...', 39, Array)
#1 /home/joyarico/public_html/joyari_new/system/CodeIgniter.php(931): App\Controllers\Categories->products('products', 'test-1')
#2 /home/joyarico/public_html/joyari_new/system/CodeIgniter.php(439): CodeIgniter\CodeIgniter->runController(Object(App\Controllers\Categories))
#3 /home/joyarico/public_html/joyari_new/system/CodeIgniter.php(339): CodeIgniter\CodeIgniter->handleRequest(NULL, Object(Config\Cache), false)
#4 /home/joyarico/public_html/joyari_new/index.php(44): CodeIgniter\CodeIgniter->run()
#5 {main}
CRITICAL - 2021-12-02 17:58:00 --> Undefined offset: 0
#0 /home/joyarico/public_html/joyari_new/app/Controllers/Categories.php(39): CodeIgniter\Debug\Exceptions->errorHandler(8, 'Undefined offse...', '/home/joyarico/...', 39, Array)
#1 /home/joyarico/public_html/joyari_new/system/CodeIgniter.php(931): App\Controllers\Categories->products('products', 'test-1')
#2 /home/joyarico/public_html/joyari_new/system/CodeIgniter.php(439): CodeIgniter\CodeIgniter->runController(Object(App\Controllers\Categories))
#3 /home/joyarico/public_html/joyari_new/system/CodeIgniter.php(339): CodeIgniter\CodeIgniter->handleRequest(NULL, Object(Config\Cache), false)
#4 /home/joyarico/public_html/joyari_new/public/index.php(45): CodeIgniter\CodeIgniter->run()
#5 {main}
CRITICAL - 2021-12-02 18:16:45 --> Undefined variable: record
#0 /home/joyarico/public_html/joyari_new/app/Views/frontend/pages/products/product_single.php(54): CodeIgniter\Debug\Exceptions->errorHandler(8, 'Undefined varia...', '/home/joyarico/...', 54, Array)
#1 /home/joyarico/public_html/joyari_new/system/View/View.php(230): include('/home/joyarico/...')
#2 /home/joyarico/public_html/joyari_new/system/View/View.php(232): CodeIgniter\View\View->CodeIgniter\View\{closure}()
#3 /home/joyarico/public_html/joyari_new/system/Common.php(1271): CodeIgniter\View\View->render('frontend/pages/...', Array, true)
#4 /home/joyarico/public_html/joyari_new/app/Controllers/Products.php(47): view('frontend/pages/...', Array)
#5 /home/joyarico/public_html/joyari_new/system/CodeIgniter.php(931): App\Controllers\Products->productdetail('test-1')
#6 /home/joyarico/public_html/joyari_new/system/CodeIgniter.php(439): CodeIgniter\CodeIgniter->runController(Object(App\Controllers\Products))
#7 /home/joyarico/public_html/joyari_new/system/CodeIgniter.php(339): CodeIgniter\CodeIgniter->handleRequest(NULL, Object(Config\Cache), false)
#8 /home/joyarico/public_html/joyari_new/index.php(44): CodeIgniter\CodeIgniter->run()
#9 {main}
CRITICAL - 2021-12-02 18:17:00 --> Undefined variable: record
#0 /home/joyarico/public_html/joyari_new/app/Views/frontend/pages/products/product_single.php(54): CodeIgniter\Debug\Exceptions->errorHandler(8, 'Undefined varia...', '/home/joyarico/...', 54, Array)
#1 /home/joyarico/public_html/joyari_new/system/View/View.php(230): include('/home/joyarico/...')
#2 /home/joyarico/public_html/joyari_new/system/View/View.php(232): CodeIgniter\View\View->CodeIgniter\View\{closure}()
#3 /home/joyarico/public_html/joyari_new/system/Common.php(1271): CodeIgniter\View\View->render('frontend/pages/...', Array, true)
#4 /home/joyarico/public_html/joyari_new/app/Controllers/Products.php(47): view('frontend/pages/...', Array)
#5 /home/joyarico/public_html/joyari_new/system/CodeIgniter.php(931): App\Controllers\Products->productdetail('test-1')
#6 /home/joyarico/public_html/joyari_new/system/CodeIgniter.php(439): CodeIgniter\CodeIgniter->runController(Object(App\Controllers\Products))
#7 /home/joyarico/public_html/joyari_new/system/CodeIgniter.php(339): CodeIgniter\CodeIgniter->handleRequest(NULL, Object(Config\Cache), false)
#8 /home/joyarico/public_html/joyari_new/index.php(44): CodeIgniter\CodeIgniter->run()
#9 {main}
CRITICAL - 2021-12-02 18:17:17 --> Undefined variable: record
#0 /home/joyarico/public_html/joyari_new/app/Views/frontend/pages/products/product_single.php(54): CodeIgniter\Debug\Exceptions->errorHandler(8, 'Undefined varia...', '/home/joyarico/...', 54, Array)
#1 /home/joyarico/public_html/joyari_new/system/View/View.php(230): include('/home/joyarico/...')
#2 /home/joyarico/public_html/joyari_new/system/View/View.php(232): CodeIgniter\View\View->CodeIgniter\View\{closure}()
#3 /home/joyarico/public_html/joyari_new/system/Common.php(1271): CodeIgniter\View\View->render('frontend/pages/...', Array, true)
#4 /home/joyarico/public_html/joyari_new/app/Controllers/Products.php(47): view('frontend/pages/...', Array)
#5 /home/joyarico/public_html/joyari_new/system/CodeIgniter.php(931): App\Controllers\Products->productdetail('test-1')
#6 /home/joyarico/public_html/joyari_new/system/CodeIgniter.php(439): CodeIgniter\CodeIgniter->runController(Object(App\Controllers\Products))
#7 /home/joyarico/public_html/joyari_new/system/CodeIgniter.php(339): CodeIgniter\CodeIgniter->handleRequest(NULL, Object(Config\Cache), false)
#8 /home/joyarico/public_html/joyari_new/index.php(44): CodeIgniter\CodeIgniter->run()
#9 {main}
CRITICAL - 2021-12-02 18:17:57 --> Call to undefined method CodeIgniter\Database\MySQLi\Connection::where()
#0 /home/joyarico/public_html/joyari_new/system/View/View.php(230): include()
#1 /home/joyarico/public_html/joyari_new/system/View/View.php(232): CodeIgniter\View\View->CodeIgniter\View\{closure}()
#2 /home/joyarico/public_html/joyari_new/system/Common.php(1271): CodeIgniter\View\View->render('frontend/pages/...', Array, true)
#3 /home/joyarico/public_html/joyari_new/app/Controllers/Products.php(47): view('frontend/pages/...', Array)
#4 /home/joyarico/public_html/joyari_new/system/CodeIgniter.php(931): App\Controllers\Products->productdetail('test-1')
#5 /home/joyarico/public_html/joyari_new/system/CodeIgniter.php(439): CodeIgniter\CodeIgniter->runController(Object(App\Controllers\Products))
#6 /home/joyarico/public_html/joyari_new/system/CodeIgniter.php(339): CodeIgniter\CodeIgniter->handleRequest(NULL, Object(Config\Cache), false)
#7 /home/joyarico/public_html/joyari_new/index.php(44): CodeIgniter\CodeIgniter->run()
#8 {main}
