CRITICAL - 2021-11-04 15:10:34 --> unserialize(): Error at offset 0 of 63082 bytes
#0 [internal function]: CodeIgniter\Debug\Exceptions->errorHandler(8, 'unserialize(): ...', '/home1/reselorr...', 452, Array)
#1 /home1/reselorr/public_html/joyari/app/Controllers/Admin/Products.php(452): unserialize('pid=1&country_c...')
#2 /home1/reselorr/public_html/joyari/system/CodeIgniter.php(931): App\Controllers\Admin\Products->updatestock()
#3 /home1/reselorr/public_html/joyari/system/CodeIgniter.php(439): CodeIgniter\CodeIgniter->runController(Object(App\Controllers\Admin\Products))
#4 /home1/reselorr/public_html/joyari/system/CodeIgniter.php(339): CodeIgniter\CodeIgniter->handleRequest(NULL, Object(Config\Cache), false)
#5 /home1/reselorr/public_html/joyari/public/index.php(45): CodeIgniter\CodeIgniter->run()
#6 {main}
CRITICAL - 2021-11-04 15:11:14 --> unserialize(): Error at offset 0 of 63082 bytes
#0 [internal function]: CodeIgniter\Debug\Exceptions->errorHandler(8, 'unserialize(): ...', '/home1/reselorr...', 452, Array)
#1 /home1/reselorr/public_html/joyari/app/Controllers/Admin/Products.php(452): unserialize('pid=1&country_c...')
#2 /home1/reselorr/public_html/joyari/system/CodeIgniter.php(931): App\Controllers\Admin\Products->updatestock()
#3 /home1/reselorr/public_html/joyari/system/CodeIgniter.php(439): CodeIgniter\CodeIgniter->runController(Object(App\Controllers\Admin\Products))
#4 /home1/reselorr/public_html/joyari/system/CodeIgniter.php(339): CodeIgniter\CodeIgniter->handleRequest(NULL, Object(Config\Cache), false)
#5 /home1/reselorr/public_html/joyari/public/index.php(45): CodeIgniter\CodeIgniter->run()
#6 {main}
CRITICAL - 2021-11-04 16:22:25 --> Array to string conversion
#0 /home1/reselorr/public_html/joyari/app/Controllers/Admin/Products.php(452): CodeIgniter\Debug\Exceptions->errorHandler(8, 'Array to string...', '/home1/reselorr...', 452, Array)
#1 /home1/reselorr/public_html/joyari/system/CodeIgniter.php(931): App\Controllers\Admin\Products->updatestock()
#2 /home1/reselorr/public_html/joyari/system/CodeIgniter.php(439): CodeIgniter\CodeIgniter->runController(Object(App\Controllers\Admin\Products))
#3 /home1/reselorr/public_html/joyari/system/CodeIgniter.php(339): CodeIgniter\CodeIgniter->handleRequest(NULL, Object(Config\Cache), false)
#4 /home1/reselorr/public_html/joyari/public/index.php(45): CodeIgniter\CodeIgniter->run()
#5 {main}
CRITICAL - 2021-11-04 16:24:43 --> Array to string conversion
#0 /home1/reselorr/public_html/joyari/app/Controllers/Admin/Products.php(452): CodeIgniter\Debug\Exceptions->errorHandler(8, 'Array to string...', '/home1/reselorr...', 452, Array)
#1 /home1/reselorr/public_html/joyari/system/CodeIgniter.php(931): App\Controllers\Admin\Products->updatestock()
#2 /home1/reselorr/public_html/joyari/system/CodeIgniter.php(439): CodeIgniter\CodeIgniter->runController(Object(App\Controllers\Admin\Products))
#3 /home1/reselorr/public_html/joyari/system/CodeIgniter.php(339): CodeIgniter\CodeIgniter->handleRequest(NULL, Object(Config\Cache), false)
#4 /home1/reselorr/public_html/joyari/public/index.php(45): CodeIgniter\CodeIgniter->run()
#5 {main}
CRITICAL - 2021-11-04 16:34:41 --> Invalid argument supplied for foreach()
#0 /home1/reselorr/public_html/joyari/app/Controllers/Admin/Products.php(471): CodeIgniter\Debug\Exceptions->errorHandler(2, 'Invalid argumen...', '/home1/reselorr...', 471, Array)
#1 /home1/reselorr/public_html/joyari/system/CodeIgniter.php(931): App\Controllers\Admin\Products->updatestock()
#2 /home1/reselorr/public_html/joyari/system/CodeIgniter.php(439): CodeIgniter\CodeIgniter->runController(Object(App\Controllers\Admin\Products))
#3 /home1/reselorr/public_html/joyari/system/CodeIgniter.php(339): CodeIgniter\CodeIgniter->handleRequest(NULL, Object(Config\Cache), false)
#4 /home1/reselorr/public_html/joyari/public/index.php(45): CodeIgniter\CodeIgniter->run()
#5 {main}
CRITICAL - 2021-11-04 16:42:48 --> Call to a member function getResultArray() on bool
#0 /home1/reselorr/public_html/joyari/system/CodeIgniter.php(931): App\Controllers\Categories->index()
#1 /home1/reselorr/public_html/joyari/system/CodeIgniter.php(439): CodeIgniter\CodeIgniter->runController(Object(App\Controllers\Categories))
#2 /home1/reselorr/public_html/joyari/system/CodeIgniter.php(339): CodeIgniter\CodeIgniter->handleRequest(NULL, Object(Config\Cache), false)
#3 /home1/reselorr/public_html/joyari/index.php(44): CodeIgniter\CodeIgniter->run()
#4 {main}
CRITICAL - 2021-11-04 16:59:40 --> syntax error, unexpected '}', expecting end of file
#0 /home1/reselorr/public_html/joyari/system/View/View.php(232): CodeIgniter\View\View->CodeIgniter\View\{closure}()
#1 /home1/reselorr/public_html/joyari/system/View/View.php(487): CodeIgniter\View\View->render('frontend/partia...', NULL, true)
#2 /home1/reselorr/public_html/joyari/app/Views/frontend/pages/categories.php(13): CodeIgniter\View\View->include('frontend/partia...')
#3 /home1/reselorr/public_html/joyari/system/View/View.php(230): include('/home1/reselorr...')
#4 /home1/reselorr/public_html/joyari/system/View/View.php(232): CodeIgniter\View\View->CodeIgniter\View\{closure}()
#5 /home1/reselorr/public_html/joyari/system/Common.php(1271): CodeIgniter\View\View->render('frontend/pages/...', Array, true)
#6 /home1/reselorr/public_html/joyari/app/Controllers/Categories.php(13): view('frontend/pages/...', Array)
#7 /home1/reselorr/public_html/joyari/system/CodeIgniter.php(931): App\Controllers\Categories->index()
#8 /home1/reselorr/public_html/joyari/system/CodeIgniter.php(439): CodeIgniter\CodeIgniter->runController(Object(App\Controllers\Categories))
#9 /home1/reselorr/public_html/joyari/system/CodeIgniter.php(339): CodeIgniter\CodeIgniter->handleRequest(NULL, Object(Config\Cache), false)
#10 /home1/reselorr/public_html/joyari/index.php(44): CodeIgniter\CodeIgniter->run()
#11 {main}
CRITICAL - 2021-11-04 17:06:15 --> Table 'reselorr_joyari.brands' doesn't exist
#0 /home1/reselorr/public_html/joyari/system/Database/MySQLi/Connection.php(329): mysqli->query('select * from b...')
#1 /home1/reselorr/public_html/joyari/system/Database/BaseConnection.php(732): CodeIgniter\Database\MySQLi\Connection->execute('select * from b...')
#2 /home1/reselorr/public_html/joyari/system/Database/BaseConnection.php(647): CodeIgniter\Database\BaseConnection->simpleQuery('select * from b...')
#3 /home1/reselorr/public_html/joyari/app/Controllers/Categories.php(19): CodeIgniter\Database\BaseConnection->query('select * from b...')
#4 /home1/reselorr/public_html/joyari/system/CodeIgniter.php(931): App\Controllers\Categories->products('jewelry')
#5 /home1/reselorr/public_html/joyari/system/CodeIgniter.php(439): CodeIgniter\CodeIgniter->runController(Object(App\Controllers\Categories))
#6 /home1/reselorr/public_html/joyari/system/CodeIgniter.php(339): CodeIgniter\CodeIgniter->handleRequest(NULL, Object(Config\Cache), false)
#7 /home1/reselorr/public_html/joyari/public/index.php(45): CodeIgniter\CodeIgniter->run()
#8 {main}
CRITICAL - 2021-11-04 17:35:23 --> Call to a member function get() on null
#0 /home1/reselorr/public_html/joyari/system/View/View.php(230): include()
#1 /home1/reselorr/public_html/joyari/system/View/View.php(232): CodeIgniter\View\View->CodeIgniter\View\{closure}()
#2 /home1/reselorr/public_html/joyari/system/Common.php(1271): CodeIgniter\View\View->render('frontend/pages/...', Array, true)
#3 /home1/reselorr/public_html/joyari/app/Controllers/Categories.php(13): view('frontend/pages/...', Array)
#4 /home1/reselorr/public_html/joyari/system/CodeIgniter.php(931): App\Controllers\Categories->index()
#5 /home1/reselorr/public_html/joyari/system/CodeIgniter.php(439): CodeIgniter\CodeIgniter->runController(Object(App\Controllers\Categories))
#6 /home1/reselorr/public_html/joyari/system/CodeIgniter.php(339): CodeIgniter\CodeIgniter->handleRequest(NULL, Object(Config\Cache), false)
#7 /home1/reselorr/public_html/joyari/index.php(44): CodeIgniter\CodeIgniter->run()
#8 {main}
CRITICAL - 2021-11-04 18:44:54 --> json_decode() expects parameter 1 to be string, array given
#0 [internal function]: CodeIgniter\Debug\Exceptions->errorHandler(2, 'json_decode() e...', '/home1/reselorr...', 452, Array)
#1 /home1/reselorr/public_html/joyari/app/Controllers/Admin/Products.php(452): json_decode(Array)
#2 /home1/reselorr/public_html/joyari/system/CodeIgniter.php(931): App\Controllers\Admin\Products->updatestock()
#3 /home1/reselorr/public_html/joyari/system/CodeIgniter.php(439): CodeIgniter\CodeIgniter->runController(Object(App\Controllers\Admin\Products))
#4 /home1/reselorr/public_html/joyari/system/CodeIgniter.php(339): CodeIgniter\CodeIgniter->handleRequest(NULL, Object(Config\Cache), false)
#5 /home1/reselorr/public_html/joyari/public/index.php(45): CodeIgniter\CodeIgniter->run()
#6 {main}
