CRITICAL - 2021-09-03 11:51:25 --> The framework needs the following extension(s) installed and loaded: intl.
#0 /home/joyarico/public_html/bebabybridal/dev/system/CodeIgniter.php(228): CodeIgniter\Exceptions\FrameworkException::forMissingExtension('intl')
#1 /home/joyarico/public_html/bebabybridal/dev/system/CodeIgniter.php(180): CodeIgniter\CodeIgniter->resolvePlatformExtensions()
#2 /home/joyarico/public_html/bebabybridal/dev/system/bootstrap.php(157): CodeIgniter\CodeIgniter->initialize()
#3 /home/joyarico/public_html/bebabybridal/dev/index.php(36): require('/home/joyarico/...')
#4 {main}
CRITICAL - 2021-09-03 11:56:12 --> Call to undefined function CodeIgniter\locale_set_default()
#0 /home/joyarico/public_html/bebabybridal/dev/system/bootstrap.php(157): CodeIgniter\CodeIgniter->initialize()
#1 /home/joyarico/public_html/bebabybridal/dev/index.php(36): require('/home/joyarico/...')
#2 {main}
CRITICAL - 2021-09-03 17:30:17 --> ini_set(): Headers already sent. You cannot change the session module's ini settings at this time
#0 [internal function]: CodeIgniter\Debug\Exceptions->errorHandler(2, 'ini_set(): Head...', '/home/joyarico/...', 80, Array)
#1 /home/joyarico/public_html/bebabybridal/dev/system/Session/Handlers/FileHandler.php(80): ini_set('session.save_pa...', '/home/joyarico/...')
#2 /home/joyarico/public_html/bebabybridal/dev/system/Config/Services.php(728): CodeIgniter\Session\Handlers\FileHandler->__construct(Object(Config\App), '103.37.183.99')
#3 /home/joyarico/public_html/bebabybridal/dev/system/Config/BaseService.php(192): CodeIgniter\Config\Services::session(Object(Config\App), false)
#4 /home/joyarico/public_html/bebabybridal/dev/system/Config/Services.php(721): CodeIgniter\Config\BaseService::getSharedInstance('session', NULL)
#5 /home/joyarico/public_html/bebabybridal/dev/app/Controllers/BaseController.php(44): CodeIgniter\Config\Services::session()
#6 /home/joyarico/public_html/bebabybridal/dev/system/CodeIgniter.php(904): App\Controllers\BaseController->initController(Object(CodeIgniter\HTTP\IncomingRequest), Object(CodeIgniter\HTTP\Response), Object(CodeIgniter\Log\Logger))
#7 /home/joyarico/public_html/bebabybridal/dev/system/CodeIgniter.php(429): CodeIgniter\CodeIgniter->createController()
#8 /home/joyarico/public_html/bebabybridal/dev/system/CodeIgniter.php(339): CodeIgniter\CodeIgniter->handleRequest(NULL, Object(Config\Cache), false)
#9 /home/joyarico/public_html/bebabybridal/dev/index.php(45): CodeIgniter\CodeIgniter->run()
#10 {main}
CRITICAL - 2021-09-03 17:30:17 --> Uncaught ErrorException: Cannot modify header information - headers already sent by (output started at /home/joyarico/public_html/bebabybridal/dev/index.php:18) in /home/joyarico/public_html/bebabybridal/dev/system/Debug/Exceptions.php:137
Stack trace:
#0 [internal function]: CodeIgniter\Debug\Exceptions->errorHandler(2, 'Cannot modify h...', '/home/joyarico/...', 137, Array)
#1 /home/joyarico/public_html/bebabybridal/dev/system/Debug/Exceptions.php(137): header('HTTP/1.1 500 In...', true, 500)
#2 [internal function]: CodeIgniter\Debug\Exceptions->exceptionHandler(Object(ErrorException))
#3 {main}
  thrown
#0 [internal function]: CodeIgniter\Debug\Exceptions->shutdownHandler()
#1 {main}
CRITICAL - 2021-09-03 17:31:43 --> ini_set(): Headers already sent. You cannot change the session module's ini settings at this time
#0 [internal function]: CodeIgniter\Debug\Exceptions->errorHandler(2, 'ini_set(): Head...', '/home/joyarico/...', 80, Array)
#1 /home/joyarico/public_html/bebabybridal/dev/system/Session/Handlers/FileHandler.php(80): ini_set('session.save_pa...', '/home/joyarico/...')
#2 /home/joyarico/public_html/bebabybridal/dev/system/Config/Services.php(728): CodeIgniter\Session\Handlers\FileHandler->__construct(Object(Config\App), '103.37.183.99')
#3 /home/joyarico/public_html/bebabybridal/dev/system/Config/BaseService.php(192): CodeIgniter\Config\Services::session(Object(Config\App), false)
#4 /home/joyarico/public_html/bebabybridal/dev/system/Config/Services.php(721): CodeIgniter\Config\BaseService::getSharedInstance('session', NULL)
#5 /home/joyarico/public_html/bebabybridal/dev/app/Controllers/BaseController.php(44): CodeIgniter\Config\Services::session()
#6 /home/joyarico/public_html/bebabybridal/dev/system/CodeIgniter.php(904): App\Controllers\BaseController->initController(Object(CodeIgniter\HTTP\IncomingRequest), Object(CodeIgniter\HTTP\Response), Object(CodeIgniter\Log\Logger))
#7 /home/joyarico/public_html/bebabybridal/dev/system/CodeIgniter.php(429): CodeIgniter\CodeIgniter->createController()
#8 /home/joyarico/public_html/bebabybridal/dev/system/CodeIgniter.php(339): CodeIgniter\CodeIgniter->handleRequest(NULL, Object(Config\Cache), false)
#9 /home/joyarico/public_html/bebabybridal/dev/index.php(45): CodeIgniter\CodeIgniter->run()
#10 {main}
CRITICAL - 2021-09-03 17:31:43 --> Uncaught ErrorException: Cannot modify header information - headers already sent by (output started at /home/joyarico/public_html/bebabybridal/dev/index.php:18) in /home/joyarico/public_html/bebabybridal/dev/system/Debug/Exceptions.php:137
Stack trace:
#0 [internal function]: CodeIgniter\Debug\Exceptions->errorHandler(2, 'Cannot modify h...', '/home/joyarico/...', 137, Array)
#1 /home/joyarico/public_html/bebabybridal/dev/system/Debug/Exceptions.php(137): header('HTTP/1.1 500 In...', true, 500)
#2 [internal function]: CodeIgniter\Debug\Exceptions->exceptionHandler(Object(ErrorException))
#3 {main}
  thrown
#0 [internal function]: CodeIgniter\Debug\Exceptions->shutdownHandler()
#1 {main}
CRITICAL - 2021-09-03 17:39:17 --> Undefined variable: a
#0 /home/joyarico/public_html/bebabybridal/dev/app/Views/frontend/pages/product_details.php(338): CodeIgniter\Debug\Exceptions->errorHandler(8, 'Undefined varia...', '/home/joyarico/...', 338, Array)
#1 /home/joyarico/public_html/bebabybridal/dev/system/View/View.php(230): include('/home/joyarico/...')
#2 /home/joyarico/public_html/bebabybridal/dev/system/View/View.php(232): CodeIgniter\View\View->CodeIgniter\View\{closure}()
#3 /home/joyarico/public_html/bebabybridal/dev/system/Common.php(1271): CodeIgniter\View\View->render('frontend/pages/...', Array, true)
#4 /home/joyarico/public_html/bebabybridal/dev/app/Controllers/Products.php(41): view('frontend/pages/...', Array)
#5 /home/joyarico/public_html/bebabybridal/dev/system/CodeIgniter.php(931): App\Controllers\Products->productdetail('lg-mlr0368')
#6 /home/joyarico/public_html/bebabybridal/dev/system/CodeIgniter.php(439): CodeIgniter\CodeIgniter->runController(Object(App\Controllers\Products))
#7 /home/joyarico/public_html/bebabybridal/dev/system/CodeIgniter.php(339): CodeIgniter\CodeIgniter->handleRequest(NULL, Object(Config\Cache), false)
#8 /home/joyarico/public_html/bebabybridal/dev/public/index.php(45): CodeIgniter\CodeIgniter->run()
#9 {main}
