CRITICAL - 2021-12-06 16:31:11 --> array_filter() expects parameter 2 to be a valid callback, class 'CodeIgniter\View\View' does not have a method 'arrayFilter'
#0 [internal function]: CodeIgniter\Debug\Exceptions->errorHandler(2, 'array_filter() ...', '/home/joyarico/...', 92, Array)
#1 /home/joyarico/public_html/new/app/Views/frontend/pages/categories/product_filter.php(92): array_filter(Array, Array)
#2 /home/joyarico/public_html/new/system/View/View.php(230): include('/home/joyarico/...')
#3 /home/joyarico/public_html/new/system/View/View.php(232): CodeIgniter\View\View->CodeIgniter\View\{closure}()
#4 /home/joyarico/public_html/new/system/Common.php(1271): CodeIgniter\View\View->render('frontend/pages/...', Array, true)
#5 /home/joyarico/public_html/new/app/Controllers/Categories.php(60): view('frontend/pages/...', Array)
#6 /home/joyarico/public_html/new/system/CodeIgniter.php(931): App\Controllers\Categories->ajax('diamond-rings')
#7 /home/joyarico/public_html/new/system/CodeIgniter.php(439): CodeIgniter\CodeIgniter->runController(Object(App\Controllers\Categories))
#8 /home/joyarico/public_html/new/system/CodeIgniter.php(339): CodeIgniter\CodeIgniter->handleRequest(NULL, Object(Config\Cache), false)
#9 /home/joyarico/public_html/new/public/index.php(45): CodeIgniter\CodeIgniter->run()
#10 {main}
CRITICAL - 2021-12-06 16:31:14 --> array_filter() expects parameter 2 to be a valid callback, class 'CodeIgniter\View\View' does not have a method 'arrayFilter'
#0 [internal function]: CodeIgniter\Debug\Exceptions->errorHandler(2, 'array_filter() ...', '/home/joyarico/...', 92, Array)
#1 /home/joyarico/public_html/new/app/Views/frontend/pages/categories/product_filter.php(92): array_filter(Array, Array)
#2 /home/joyarico/public_html/new/system/View/View.php(230): include('/home/joyarico/...')
#3 /home/joyarico/public_html/new/system/View/View.php(232): CodeIgniter\View\View->CodeIgniter\View\{closure}()
#4 /home/joyarico/public_html/new/system/Common.php(1271): CodeIgniter\View\View->render('frontend/pages/...', Array, true)
#5 /home/joyarico/public_html/new/app/Controllers/Categories.php(60): view('frontend/pages/...', Array)
#6 /home/joyarico/public_html/new/system/CodeIgniter.php(931): App\Controllers\Categories->ajax('diamond-rings')
#7 /home/joyarico/public_html/new/system/CodeIgniter.php(439): CodeIgniter\CodeIgniter->runController(Object(App\Controllers\Categories))
#8 /home/joyarico/public_html/new/system/CodeIgniter.php(339): CodeIgniter\CodeIgniter->handleRequest(NULL, Object(Config\Cache), false)
#9 /home/joyarico/public_html/new/public/index.php(45): CodeIgniter\CodeIgniter->run()
#10 {main}
CRITICAL - 2021-12-06 16:32:54 --> Trying to get property 'mrp' of non-object
#0 /home/joyarico/public_html/new/app/Views/frontend/pages/categories/product_filter.php(120): CodeIgniter\Debug\Exceptions->errorHandler(8, 'Trying to get p...', '/home/joyarico/...', 120, Array)
#1 /home/joyarico/public_html/new/system/View/View.php(230): include('/home/joyarico/...')
#2 /home/joyarico/public_html/new/system/View/View.php(232): CodeIgniter\View\View->CodeIgniter\View\{closure}()
#3 /home/joyarico/public_html/new/system/Common.php(1271): CodeIgniter\View\View->render('frontend/pages/...', Array, true)
#4 /home/joyarico/public_html/new/app/Controllers/Categories.php(60): view('frontend/pages/...', Array)
#5 /home/joyarico/public_html/new/system/CodeIgniter.php(931): App\Controllers\Categories->ajax('diamond-rings')
#6 /home/joyarico/public_html/new/system/CodeIgniter.php(439): CodeIgniter\CodeIgniter->runController(Object(App\Controllers\Categories))
#7 /home/joyarico/public_html/new/system/CodeIgniter.php(339): CodeIgniter\CodeIgniter->handleRequest(NULL, Object(Config\Cache), false)
#8 /home/joyarico/public_html/new/public/index.php(45): CodeIgniter\CodeIgniter->run()
#9 {main}
CRITICAL - 2021-12-06 16:33:03 --> Trying to get property 'mrp' of non-object
#0 /home/joyarico/public_html/new/app/Views/frontend/pages/categories/product_filter.php(120): CodeIgniter\Debug\Exceptions->errorHandler(8, 'Trying to get p...', '/home/joyarico/...', 120, Array)
#1 /home/joyarico/public_html/new/system/View/View.php(230): include('/home/joyarico/...')
#2 /home/joyarico/public_html/new/system/View/View.php(232): CodeIgniter\View\View->CodeIgniter\View\{closure}()
#3 /home/joyarico/public_html/new/system/Common.php(1271): CodeIgniter\View\View->render('frontend/pages/...', Array, true)
#4 /home/joyarico/public_html/new/app/Controllers/Categories.php(60): view('frontend/pages/...', Array)
#5 /home/joyarico/public_html/new/system/CodeIgniter.php(931): App\Controllers\Categories->ajax('diamond-rings')
#6 /home/joyarico/public_html/new/system/CodeIgniter.php(439): CodeIgniter\CodeIgniter->runController(Object(App\Controllers\Categories))
#7 /home/joyarico/public_html/new/system/CodeIgniter.php(339): CodeIgniter\CodeIgniter->handleRequest(NULL, Object(Config\Cache), false)
#8 /home/joyarico/public_html/new/public/index.php(45): CodeIgniter\CodeIgniter->run()
#9 {main}
CRITICAL - 2021-12-06 16:34:20 --> Undefined index: mrp
#0 /home/joyarico/public_html/new/app/Views/frontend/pages/categories/product_filter.php(120): CodeIgniter\Debug\Exceptions->errorHandler(8, 'Undefined index...', '/home/joyarico/...', 120, Array)
#1 /home/joyarico/public_html/new/system/View/View.php(230): include('/home/joyarico/...')
#2 /home/joyarico/public_html/new/system/View/View.php(232): CodeIgniter\View\View->CodeIgniter\View\{closure}()
#3 /home/joyarico/public_html/new/system/Common.php(1271): CodeIgniter\View\View->render('frontend/pages/...', Array, true)
#4 /home/joyarico/public_html/new/app/Controllers/Categories.php(60): view('frontend/pages/...', Array)
#5 /home/joyarico/public_html/new/system/CodeIgniter.php(931): App\Controllers\Categories->ajax('diamond-rings')
#6 /home/joyarico/public_html/new/system/CodeIgniter.php(439): CodeIgniter\CodeIgniter->runController(Object(App\Controllers\Categories))
#7 /home/joyarico/public_html/new/system/CodeIgniter.php(339): CodeIgniter\CodeIgniter->handleRequest(NULL, Object(Config\Cache), false)
#8 /home/joyarico/public_html/new/public/index.php(45): CodeIgniter\CodeIgniter->run()
#9 {main}
CRITICAL - 2021-12-06 16:34:24 --> Undefined index: mrp
#0 /home/joyarico/public_html/new/app/Views/frontend/pages/categories/product_filter.php(120): CodeIgniter\Debug\Exceptions->errorHandler(8, 'Undefined index...', '/home/joyarico/...', 120, Array)
#1 /home/joyarico/public_html/new/system/View/View.php(230): include('/home/joyarico/...')
#2 /home/joyarico/public_html/new/system/View/View.php(232): CodeIgniter\View\View->CodeIgniter\View\{closure}()
#3 /home/joyarico/public_html/new/system/Common.php(1271): CodeIgniter\View\View->render('frontend/pages/...', Array, true)
#4 /home/joyarico/public_html/new/app/Controllers/Categories.php(60): view('frontend/pages/...', Array)
#5 /home/joyarico/public_html/new/system/CodeIgniter.php(931): App\Controllers\Categories->ajax('diamond-rings')
#6 /home/joyarico/public_html/new/system/CodeIgniter.php(439): CodeIgniter\CodeIgniter->runController(Object(App\Controllers\Categories))
#7 /home/joyarico/public_html/new/system/CodeIgniter.php(339): CodeIgniter\CodeIgniter->handleRequest(NULL, Object(Config\Cache), false)
#8 /home/joyarico/public_html/new/public/index.php(45): CodeIgniter\CodeIgniter->run()
#9 {main}
CRITICAL - 2021-12-06 16:34:57 --> Undefined index: mrp
#0 /home/joyarico/public_html/new/app/Views/frontend/pages/categories/product_filter.php(120): CodeIgniter\Debug\Exceptions->errorHandler(8, 'Undefined index...', '/home/joyarico/...', 120, Array)
#1 /home/joyarico/public_html/new/system/View/View.php(230): include('/home/joyarico/...')
#2 /home/joyarico/public_html/new/system/View/View.php(232): CodeIgniter\View\View->CodeIgniter\View\{closure}()
#3 /home/joyarico/public_html/new/system/Common.php(1271): CodeIgniter\View\View->render('frontend/pages/...', Array, true)
#4 /home/joyarico/public_html/new/app/Controllers/Categories.php(60): view('frontend/pages/...', Array)
#5 /home/joyarico/public_html/new/system/CodeIgniter.php(931): App\Controllers\Categories->ajax('diamond-rings')
#6 /home/joyarico/public_html/new/system/CodeIgniter.php(439): CodeIgniter\CodeIgniter->runController(Object(App\Controllers\Categories))
#7 /home/joyarico/public_html/new/system/CodeIgniter.php(339): CodeIgniter\CodeIgniter->handleRequest(NULL, Object(Config\Cache), false)
#8 /home/joyarico/public_html/new/public/index.php(45): CodeIgniter\CodeIgniter->run()
#9 {main}
CRITICAL - 2021-12-06 16:36:26 --> Undefined index: mrp
#0 /home/joyarico/public_html/new/app/Views/frontend/pages/categories/product_filter.php(122): CodeIgniter\Debug\Exceptions->errorHandler(8, 'Undefined index...', '/home/joyarico/...', 122, Array)
#1 /home/joyarico/public_html/new/system/View/View.php(230): include('/home/joyarico/...')
#2 /home/joyarico/public_html/new/system/View/View.php(232): CodeIgniter\View\View->CodeIgniter\View\{closure}()
#3 /home/joyarico/public_html/new/system/Common.php(1271): CodeIgniter\View\View->render('frontend/pages/...', Array, true)
#4 /home/joyarico/public_html/new/app/Controllers/Categories.php(60): view('frontend/pages/...', Array)
#5 /home/joyarico/public_html/new/system/CodeIgniter.php(931): App\Controllers\Categories->ajax('diamond-rings')
#6 /home/joyarico/public_html/new/system/CodeIgniter.php(439): CodeIgniter\CodeIgniter->runController(Object(App\Controllers\Categories))
#7 /home/joyarico/public_html/new/system/CodeIgniter.php(339): CodeIgniter\CodeIgniter->handleRequest(NULL, Object(Config\Cache), false)
#8 /home/joyarico/public_html/new/public/index.php(45): CodeIgniter\CodeIgniter->run()
#9 {main}
CRITICAL - 2021-12-06 16:36:58 --> Undefined variable: mrp
#0 /home/joyarico/public_html/new/app/Views/frontend/pages/categories/product_filter.php(95): CodeIgniter\Debug\Exceptions->errorHandler(8, 'Undefined varia...', '/home/joyarico/...', 95, Array)
#1 /home/joyarico/public_html/new/system/View/View.php(230): include('/home/joyarico/...')
#2 /home/joyarico/public_html/new/system/View/View.php(232): CodeIgniter\View\View->CodeIgniter\View\{closure}()
#3 /home/joyarico/public_html/new/system/Common.php(1271): CodeIgniter\View\View->render('frontend/pages/...', Array, true)
#4 /home/joyarico/public_html/new/app/Controllers/Categories.php(60): view('frontend/pages/...', Array)
#5 /home/joyarico/public_html/new/system/CodeIgniter.php(931): App\Controllers\Categories->ajax('diamond-rings')
#6 /home/joyarico/public_html/new/system/CodeIgniter.php(439): CodeIgniter\CodeIgniter->runController(Object(App\Controllers\Categories))
#7 /home/joyarico/public_html/new/system/CodeIgniter.php(339): CodeIgniter\CodeIgniter->handleRequest(NULL, Object(Config\Cache), false)
#8 /home/joyarico/public_html/new/public/index.php(45): CodeIgniter\CodeIgniter->run()
#9 {main}
CRITICAL - 2021-12-06 16:39:31 --> Array to string conversion
#0 /home/joyarico/public_html/new/app/Views/frontend/pages/categories/product_filter.php(95): CodeIgniter\Debug\Exceptions->errorHandler(8, 'Array to string...', '/home/joyarico/...', 95, Array)
#1 /home/joyarico/public_html/new/system/View/View.php(230): include('/home/joyarico/...')
#2 /home/joyarico/public_html/new/system/View/View.php(232): CodeIgniter\View\View->CodeIgniter\View\{closure}()
#3 /home/joyarico/public_html/new/system/Common.php(1271): CodeIgniter\View\View->render('frontend/pages/...', Array, true)
#4 /home/joyarico/public_html/new/app/Controllers/Categories.php(60): view('frontend/pages/...', Array)
#5 /home/joyarico/public_html/new/system/CodeIgniter.php(931): App\Controllers\Categories->ajax('diamond-rings')
#6 /home/joyarico/public_html/new/system/CodeIgniter.php(439): CodeIgniter\CodeIgniter->runController(Object(App\Controllers\Categories))
#7 /home/joyarico/public_html/new/system/CodeIgniter.php(339): CodeIgniter\CodeIgniter->handleRequest(NULL, Object(Config\Cache), false)
#8 /home/joyarico/public_html/new/public/index.php(45): CodeIgniter\CodeIgniter->run()
#9 {main}
CRITICAL - 2021-12-06 16:39:54 --> Array to string conversion
#0 /home/joyarico/public_html/new/app/Views/frontend/pages/categories/product_filter.php(95): CodeIgniter\Debug\Exceptions->errorHandler(8, 'Array to string...', '/home/joyarico/...', 95, Array)
#1 /home/joyarico/public_html/new/system/View/View.php(230): include('/home/joyarico/...')
#2 /home/joyarico/public_html/new/system/View/View.php(232): CodeIgniter\View\View->CodeIgniter\View\{closure}()
#3 /home/joyarico/public_html/new/system/Common.php(1271): CodeIgniter\View\View->render('frontend/pages/...', Array, true)
#4 /home/joyarico/public_html/new/app/Controllers/Categories.php(60): view('frontend/pages/...', Array)
#5 /home/joyarico/public_html/new/system/CodeIgniter.php(931): App\Controllers\Categories->ajax('diamond-rings')
#6 /home/joyarico/public_html/new/system/CodeIgniter.php(439): CodeIgniter\CodeIgniter->runController(Object(App\Controllers\Categories))
#7 /home/joyarico/public_html/new/system/CodeIgniter.php(339): CodeIgniter\CodeIgniter->handleRequest(NULL, Object(Config\Cache), false)
#8 /home/joyarico/public_html/new/public/index.php(45): CodeIgniter\CodeIgniter->run()
#9 {main}
CRITICAL - 2021-12-06 16:40:15 --> Undefined variable: detail
#0 /home/joyarico/public_html/new/app/Views/frontend/pages/categories/product_filter.php(122): CodeIgniter\Debug\Exceptions->errorHandler(8, 'Undefined varia...', '/home/joyarico/...', 122, Array)
#1 /home/joyarico/public_html/new/system/View/View.php(230): include('/home/joyarico/...')
#2 /home/joyarico/public_html/new/system/View/View.php(232): CodeIgniter\View\View->CodeIgniter\View\{closure}()
#3 /home/joyarico/public_html/new/system/Common.php(1271): CodeIgniter\View\View->render('frontend/pages/...', Array, true)
#4 /home/joyarico/public_html/new/app/Controllers/Categories.php(60): view('frontend/pages/...', Array)
#5 /home/joyarico/public_html/new/system/CodeIgniter.php(931): App\Controllers\Categories->ajax('diamond-rings')
#6 /home/joyarico/public_html/new/system/CodeIgniter.php(439): CodeIgniter\CodeIgniter->runController(Object(App\Controllers\Categories))
#7 /home/joyarico/public_html/new/system/CodeIgniter.php(339): CodeIgniter\CodeIgniter->handleRequest(NULL, Object(Config\Cache), false)
#8 /home/joyarico/public_html/new/public/index.php(45): CodeIgniter\CodeIgniter->run()
#9 {main}
CRITICAL - 2021-12-06 16:40:45 --> Undefined variable: detail
#0 /home/joyarico/public_html/new/app/Views/frontend/pages/categories/product_filter.php(122): CodeIgniter\Debug\Exceptions->errorHandler(8, 'Undefined varia...', '/home/joyarico/...', 122, Array)
#1 /home/joyarico/public_html/new/system/View/View.php(230): include('/home/joyarico/...')
#2 /home/joyarico/public_html/new/system/View/View.php(232): CodeIgniter\View\View->CodeIgniter\View\{closure}()
#3 /home/joyarico/public_html/new/system/Common.php(1271): CodeIgniter\View\View->render('frontend/pages/...', Array, true)
#4 /home/joyarico/public_html/new/app/Controllers/Categories.php(60): view('frontend/pages/...', Array)
#5 /home/joyarico/public_html/new/system/CodeIgniter.php(931): App\Controllers\Categories->ajax('diamond-rings')
#6 /home/joyarico/public_html/new/system/CodeIgniter.php(439): CodeIgniter\CodeIgniter->runController(Object(App\Controllers\Categories))
#7 /home/joyarico/public_html/new/system/CodeIgniter.php(339): CodeIgniter\CodeIgniter->handleRequest(NULL, Object(Config\Cache), false)
#8 /home/joyarico/public_html/new/public/index.php(45): CodeIgniter\CodeIgniter->run()
#9 {main}
CRITICAL - 2021-12-06 16:41:25 --> Undefined variable: detail
#0 /home/joyarico/public_html/new/app/Views/frontend/pages/categories/product_filter.php(122): CodeIgniter\Debug\Exceptions->errorHandler(8, 'Undefined varia...', '/home/joyarico/...', 122, Array)
#1 /home/joyarico/public_html/new/system/View/View.php(230): include('/home/joyarico/...')
#2 /home/joyarico/public_html/new/system/View/View.php(232): CodeIgniter\View\View->CodeIgniter\View\{closure}()
#3 /home/joyarico/public_html/new/system/Common.php(1271): CodeIgniter\View\View->render('frontend/pages/...', Array, true)
#4 /home/joyarico/public_html/new/app/Controllers/Categories.php(60): view('frontend/pages/...', Array)
#5 /home/joyarico/public_html/new/system/CodeIgniter.php(931): App\Controllers\Categories->ajax('diamond-rings')
#6 /home/joyarico/public_html/new/system/CodeIgniter.php(439): CodeIgniter\CodeIgniter->runController(Object(App\Controllers\Categories))
#7 /home/joyarico/public_html/new/system/CodeIgniter.php(339): CodeIgniter\CodeIgniter->handleRequest(NULL, Object(Config\Cache), false)
#8 /home/joyarico/public_html/new/public/index.php(45): CodeIgniter\CodeIgniter->run()
#9 {main}
CRITICAL - 2021-12-06 16:41:57 --> Undefined variable: detail
#0 /home/joyarico/public_html/new/app/Views/frontend/pages/categories/product_filter.php(122): CodeIgniter\Debug\Exceptions->errorHandler(8, 'Undefined varia...', '/home/joyarico/...', 122, Array)
#1 /home/joyarico/public_html/new/system/View/View.php(230): include('/home/joyarico/...')
#2 /home/joyarico/public_html/new/system/View/View.php(232): CodeIgniter\View\View->CodeIgniter\View\{closure}()
#3 /home/joyarico/public_html/new/system/Common.php(1271): CodeIgniter\View\View->render('frontend/pages/...', Array, true)
#4 /home/joyarico/public_html/new/app/Controllers/Categories.php(60): view('frontend/pages/...', Array)
#5 /home/joyarico/public_html/new/system/CodeIgniter.php(931): App\Controllers\Categories->ajax('diamond-rings')
#6 /home/joyarico/public_html/new/system/CodeIgniter.php(439): CodeIgniter\CodeIgniter->runController(Object(App\Controllers\Categories))
#7 /home/joyarico/public_html/new/system/CodeIgniter.php(339): CodeIgniter\CodeIgniter->handleRequest(NULL, Object(Config\Cache), false)
#8 /home/joyarico/public_html/new/public/index.php(45): CodeIgniter\CodeIgniter->run()
#9 {main}
CRITICAL - 2021-12-06 16:42:00 --> Undefined variable: detail
#0 /home/joyarico/public_html/new/app/Views/frontend/pages/categories/product_filter.php(122): CodeIgniter\Debug\Exceptions->errorHandler(8, 'Undefined varia...', '/home/joyarico/...', 122, Array)
#1 /home/joyarico/public_html/new/system/View/View.php(230): include('/home/joyarico/...')
#2 /home/joyarico/public_html/new/system/View/View.php(232): CodeIgniter\View\View->CodeIgniter\View\{closure}()
#3 /home/joyarico/public_html/new/system/Common.php(1271): CodeIgniter\View\View->render('frontend/pages/...', Array, true)
#4 /home/joyarico/public_html/new/app/Controllers/Categories.php(60): view('frontend/pages/...', Array)
#5 /home/joyarico/public_html/new/system/CodeIgniter.php(931): App\Controllers\Categories->ajax('diamond-rings')
#6 /home/joyarico/public_html/new/system/CodeIgniter.php(439): CodeIgniter\CodeIgniter->runController(Object(App\Controllers\Categories))
#7 /home/joyarico/public_html/new/system/CodeIgniter.php(339): CodeIgniter\CodeIgniter->handleRequest(NULL, Object(Config\Cache), false)
#8 /home/joyarico/public_html/new/public/index.php(45): CodeIgniter\CodeIgniter->run()
#9 {main}
CRITICAL - 2021-12-06 16:42:25 --> Undefined variable: detail
#0 /home/joyarico/public_html/new/app/Views/frontend/pages/categories/product_filter.php(122): CodeIgniter\Debug\Exceptions->errorHandler(8, 'Undefined varia...', '/home/joyarico/...', 122, Array)
#1 /home/joyarico/public_html/new/system/View/View.php(230): include('/home/joyarico/...')
#2 /home/joyarico/public_html/new/system/View/View.php(232): CodeIgniter\View\View->CodeIgniter\View\{closure}()
#3 /home/joyarico/public_html/new/system/Common.php(1271): CodeIgniter\View\View->render('frontend/pages/...', Array, true)
#4 /home/joyarico/public_html/new/app/Controllers/Categories.php(60): view('frontend/pages/...', Array)
#5 /home/joyarico/public_html/new/system/CodeIgniter.php(931): App\Controllers\Categories->ajax('diamond-rings')
#6 /home/joyarico/public_html/new/system/CodeIgniter.php(439): CodeIgniter\CodeIgniter->runController(Object(App\Controllers\Categories))
#7 /home/joyarico/public_html/new/system/CodeIgniter.php(339): CodeIgniter\CodeIgniter->handleRequest(NULL, Object(Config\Cache), false)
#8 /home/joyarico/public_html/new/public/index.php(45): CodeIgniter\CodeIgniter->run()
#9 {main}
CRITICAL - 2021-12-06 16:43:11 --> Undefined offset: 0
#0 /home/joyarico/public_html/new/app/Views/frontend/pages/categories/product_filter.php(121): CodeIgniter\Debug\Exceptions->errorHandler(8, 'Undefined offse...', '/home/joyarico/...', 121, Array)
#1 /home/joyarico/public_html/new/system/View/View.php(230): include('/home/joyarico/...')
#2 /home/joyarico/public_html/new/system/View/View.php(232): CodeIgniter\View\View->CodeIgniter\View\{closure}()
#3 /home/joyarico/public_html/new/system/Common.php(1271): CodeIgniter\View\View->render('frontend/pages/...', Array, true)
#4 /home/joyarico/public_html/new/app/Controllers/Categories.php(60): view('frontend/pages/...', Array)
#5 /home/joyarico/public_html/new/system/CodeIgniter.php(931): App\Controllers\Categories->ajax('diamond-rings')
#6 /home/joyarico/public_html/new/system/CodeIgniter.php(439): CodeIgniter\CodeIgniter->runController(Object(App\Controllers\Categories))
#7 /home/joyarico/public_html/new/system/CodeIgniter.php(339): CodeIgniter\CodeIgniter->handleRequest(NULL, Object(Config\Cache), false)
#8 /home/joyarico/public_html/new/public/index.php(45): CodeIgniter\CodeIgniter->run()
#9 {main}
CRITICAL - 2021-12-06 16:43:19 --> Undefined offset: 0
#0 /home/joyarico/public_html/new/app/Views/frontend/pages/categories/product_filter.php(121): CodeIgniter\Debug\Exceptions->errorHandler(8, 'Undefined offse...', '/home/joyarico/...', 121, Array)
#1 /home/joyarico/public_html/new/system/View/View.php(230): include('/home/joyarico/...')
#2 /home/joyarico/public_html/new/system/View/View.php(232): CodeIgniter\View\View->CodeIgniter\View\{closure}()
#3 /home/joyarico/public_html/new/system/Common.php(1271): CodeIgniter\View\View->render('frontend/pages/...', Array, true)
#4 /home/joyarico/public_html/new/app/Controllers/Categories.php(60): view('frontend/pages/...', Array)
#5 /home/joyarico/public_html/new/system/CodeIgniter.php(931): App\Controllers\Categories->ajax('diamond-rings')
#6 /home/joyarico/public_html/new/system/CodeIgniter.php(439): CodeIgniter\CodeIgniter->runController(Object(App\Controllers\Categories))
#7 /home/joyarico/public_html/new/system/CodeIgniter.php(339): CodeIgniter\CodeIgniter->handleRequest(NULL, Object(Config\Cache), false)
#8 /home/joyarico/public_html/new/public/index.php(45): CodeIgniter\CodeIgniter->run()
#9 {main}
CRITICAL - 2021-12-06 16:44:10 --> Undefined offset: 0
#0 /home/joyarico/public_html/new/app/Views/frontend/pages/categories/product_filter.php(94): CodeIgniter\Debug\Exceptions->errorHandler(8, 'Undefined offse...', '/home/joyarico/...', 94, Array)
#1 /home/joyarico/public_html/new/system/View/View.php(230): include('/home/joyarico/...')
#2 /home/joyarico/public_html/new/system/View/View.php(232): CodeIgniter\View\View->CodeIgniter\View\{closure}()
#3 /home/joyarico/public_html/new/system/Common.php(1271): CodeIgniter\View\View->render('frontend/pages/...', Array, true)
#4 /home/joyarico/public_html/new/app/Controllers/Categories.php(60): view('frontend/pages/...', Array)
#5 /home/joyarico/public_html/new/system/CodeIgniter.php(931): App\Controllers\Categories->ajax('diamond-rings')
#6 /home/joyarico/public_html/new/system/CodeIgniter.php(439): CodeIgniter\CodeIgniter->runController(Object(App\Controllers\Categories))
#7 /home/joyarico/public_html/new/system/CodeIgniter.php(339): CodeIgniter\CodeIgniter->handleRequest(NULL, Object(Config\Cache), false)
#8 /home/joyarico/public_html/new/public/index.php(45): CodeIgniter\CodeIgniter->run()
#9 {main}
CRITICAL - 2021-12-06 16:44:30 --> Undefined offset: 0
#0 /home/joyarico/public_html/new/app/Views/frontend/pages/categories/product_filter.php(94): CodeIgniter\Debug\Exceptions->errorHandler(8, 'Undefined offse...', '/home/joyarico/...', 94, Array)
#1 /home/joyarico/public_html/new/system/View/View.php(230): include('/home/joyarico/...')
#2 /home/joyarico/public_html/new/system/View/View.php(232): CodeIgniter\View\View->CodeIgniter\View\{closure}()
#3 /home/joyarico/public_html/new/system/Common.php(1271): CodeIgniter\View\View->render('frontend/pages/...', Array, true)
#4 /home/joyarico/public_html/new/app/Controllers/Categories.php(60): view('frontend/pages/...', Array)
#5 /home/joyarico/public_html/new/system/CodeIgniter.php(931): App\Controllers\Categories->ajax('diamond-rings')
#6 /home/joyarico/public_html/new/system/CodeIgniter.php(439): CodeIgniter\CodeIgniter->runController(Object(App\Controllers\Categories))
#7 /home/joyarico/public_html/new/system/CodeIgniter.php(339): CodeIgniter\CodeIgniter->handleRequest(NULL, Object(Config\Cache), false)
#8 /home/joyarico/public_html/new/public/index.php(45): CodeIgniter\CodeIgniter->run()
#9 {main}
CRITICAL - 2021-12-06 16:44:46 --> Undefined offset: 0
#0 /home/joyarico/public_html/new/app/Views/frontend/pages/categories/product_filter.php(94): CodeIgniter\Debug\Exceptions->errorHandler(8, 'Undefined offse...', '/home/joyarico/...', 94, Array)
#1 /home/joyarico/public_html/new/system/View/View.php(230): include('/home/joyarico/...')
#2 /home/joyarico/public_html/new/system/View/View.php(232): CodeIgniter\View\View->CodeIgniter\View\{closure}()
#3 /home/joyarico/public_html/new/system/Common.php(1271): CodeIgniter\View\View->render('frontend/pages/...', Array, true)
#4 /home/joyarico/public_html/new/app/Controllers/Categories.php(60): view('frontend/pages/...', Array)
#5 /home/joyarico/public_html/new/system/CodeIgniter.php(931): App\Controllers\Categories->ajax('diamond-rings')
#6 /home/joyarico/public_html/new/system/CodeIgniter.php(439): CodeIgniter\CodeIgniter->runController(Object(App\Controllers\Categories))
#7 /home/joyarico/public_html/new/system/CodeIgniter.php(339): CodeIgniter\CodeIgniter->handleRequest(NULL, Object(Config\Cache), false)
#8 /home/joyarico/public_html/new/public/index.php(45): CodeIgniter\CodeIgniter->run()
#9 {main}
CRITICAL - 2021-12-06 16:45:15 --> Undefined offset: 0
#0 /home/joyarico/public_html/new/app/Views/frontend/pages/categories/product_filter.php(121): CodeIgniter\Debug\Exceptions->errorHandler(8, 'Undefined offse...', '/home/joyarico/...', 121, Array)
#1 /home/joyarico/public_html/new/system/View/View.php(230): include('/home/joyarico/...')
#2 /home/joyarico/public_html/new/system/View/View.php(232): CodeIgniter\View\View->CodeIgniter\View\{closure}()
#3 /home/joyarico/public_html/new/system/Common.php(1271): CodeIgniter\View\View->render('frontend/pages/...', Array, true)
#4 /home/joyarico/public_html/new/app/Controllers/Categories.php(60): view('frontend/pages/...', Array)
#5 /home/joyarico/public_html/new/system/CodeIgniter.php(931): App\Controllers\Categories->ajax('diamond-rings')
#6 /home/joyarico/public_html/new/system/CodeIgniter.php(439): CodeIgniter\CodeIgniter->runController(Object(App\Controllers\Categories))
#7 /home/joyarico/public_html/new/system/CodeIgniter.php(339): CodeIgniter\CodeIgniter->handleRequest(NULL, Object(Config\Cache), false)
#8 /home/joyarico/public_html/new/public/index.php(45): CodeIgniter\CodeIgniter->run()
#9 {main}
