CRITICAL - 2021-12-21 14:17:58 --> Invalid argument supplied for foreach()
#0 /home/joyarico/public_html/new/app/Controllers/Products.php(167): CodeIgniter\Debug\Exceptions->errorHandler(2, 'Invalid argumen...', '/home/joyarico/...', 167, Array)
#1 /home/joyarico/public_html/new/system/CodeIgniter.php(931): App\Controllers\Products->stockfilterajax()
#2 /home/joyarico/public_html/new/system/CodeIgniter.php(439): CodeIgniter\CodeIgniter->runController(Object(App\Controllers\Products))
#3 /home/joyarico/public_html/new/system/CodeIgniter.php(339): CodeIgniter\CodeIgniter->handleRequest(NULL, Object(Config\Cache), false)
#4 /home/joyarico/public_html/new/public/index.php(45): CodeIgniter\CodeIgniter->run()
#5 {main}
CRITICAL - 2021-12-21 14:19:47 --> Invalid argument supplied for foreach()
#0 /home/joyarico/public_html/new/app/Controllers/Products.php(167): CodeIgniter\Debug\Exceptions->errorHandler(2, 'Invalid argumen...', '/home/joyarico/...', 167, Array)
#1 /home/joyarico/public_html/new/system/CodeIgniter.php(931): App\Controllers\Products->stockfilterajax()
#2 /home/joyarico/public_html/new/system/CodeIgniter.php(439): CodeIgniter\CodeIgniter->runController(Object(App\Controllers\Products))
#3 /home/joyarico/public_html/new/system/CodeIgniter.php(339): CodeIgniter\CodeIgniter->handleRequest(NULL, Object(Config\Cache), false)
#4 /home/joyarico/public_html/new/public/index.php(45): CodeIgniter\CodeIgniter->run()
#5 {main}
CRITICAL - 2021-12-21 14:19:51 --> Invalid argument supplied for foreach()
#0 /home/joyarico/public_html/new/app/Controllers/Products.php(167): CodeIgniter\Debug\Exceptions->errorHandler(2, 'Invalid argumen...', '/home/joyarico/...', 167, Array)
#1 /home/joyarico/public_html/new/system/CodeIgniter.php(931): App\Controllers\Products->stockfilterajax()
#2 /home/joyarico/public_html/new/system/CodeIgniter.php(439): CodeIgniter\CodeIgniter->runController(Object(App\Controllers\Products))
#3 /home/joyarico/public_html/new/system/CodeIgniter.php(339): CodeIgniter\CodeIgniter->handleRequest(NULL, Object(Config\Cache), false)
#4 /home/joyarico/public_html/new/public/index.php(45): CodeIgniter\CodeIgniter->run()
#5 {main}
CRITICAL - 2021-12-21 14:19:54 --> Invalid argument supplied for foreach()
#0 /home/joyarico/public_html/new/app/Controllers/Products.php(167): CodeIgniter\Debug\Exceptions->errorHandler(2, 'Invalid argumen...', '/home/joyarico/...', 167, Array)
#1 /home/joyarico/public_html/new/system/CodeIgniter.php(931): App\Controllers\Products->stockfilterajax()
#2 /home/joyarico/public_html/new/system/CodeIgniter.php(439): CodeIgniter\CodeIgniter->runController(Object(App\Controllers\Products))
#3 /home/joyarico/public_html/new/system/CodeIgniter.php(339): CodeIgniter\CodeIgniter->handleRequest(NULL, Object(Config\Cache), false)
#4 /home/joyarico/public_html/new/public/index.php(45): CodeIgniter\CodeIgniter->run()
#5 {main}
CRITICAL - 2021-12-21 14:19:57 --> Invalid argument supplied for foreach()
#0 /home/joyarico/public_html/new/app/Controllers/Products.php(167): CodeIgniter\Debug\Exceptions->errorHandler(2, 'Invalid argumen...', '/home/joyarico/...', 167, Array)
#1 /home/joyarico/public_html/new/system/CodeIgniter.php(931): App\Controllers\Products->stockfilterajax()
#2 /home/joyarico/public_html/new/system/CodeIgniter.php(439): CodeIgniter\CodeIgniter->runController(Object(App\Controllers\Products))
#3 /home/joyarico/public_html/new/system/CodeIgniter.php(339): CodeIgniter\CodeIgniter->handleRequest(NULL, Object(Config\Cache), false)
#4 /home/joyarico/public_html/new/public/index.php(45): CodeIgniter\CodeIgniter->run()
#5 {main}
CRITICAL - 2021-12-21 14:20:53 --> Invalid argument supplied for foreach()
#0 /home/joyarico/public_html/new/app/Controllers/Products.php(167): CodeIgniter\Debug\Exceptions->errorHandler(2, 'Invalid argumen...', '/home/joyarico/...', 167, Array)
#1 /home/joyarico/public_html/new/system/CodeIgniter.php(931): App\Controllers\Products->stockfilterajax()
#2 /home/joyarico/public_html/new/system/CodeIgniter.php(439): CodeIgniter\CodeIgniter->runController(Object(App\Controllers\Products))
#3 /home/joyarico/public_html/new/system/CodeIgniter.php(339): CodeIgniter\CodeIgniter->handleRequest(NULL, Object(Config\Cache), false)
#4 /home/joyarico/public_html/new/public/index.php(45): CodeIgniter\CodeIgniter->run()
#5 {main}
CRITICAL - 2021-12-21 14:20:56 --> Invalid argument supplied for foreach()
#0 /home/joyarico/public_html/new/app/Controllers/Products.php(167): CodeIgniter\Debug\Exceptions->errorHandler(2, 'Invalid argumen...', '/home/joyarico/...', 167, Array)
#1 /home/joyarico/public_html/new/system/CodeIgniter.php(931): App\Controllers\Products->stockfilterajax()
#2 /home/joyarico/public_html/new/system/CodeIgniter.php(439): CodeIgniter\CodeIgniter->runController(Object(App\Controllers\Products))
#3 /home/joyarico/public_html/new/system/CodeIgniter.php(339): CodeIgniter\CodeIgniter->handleRequest(NULL, Object(Config\Cache), false)
#4 /home/joyarico/public_html/new/public/index.php(45): CodeIgniter\CodeIgniter->run()
#5 {main}
CRITICAL - 2021-12-21 14:20:59 --> Invalid argument supplied for foreach()
#0 /home/joyarico/public_html/new/app/Controllers/Products.php(167): CodeIgniter\Debug\Exceptions->errorHandler(2, 'Invalid argumen...', '/home/joyarico/...', 167, Array)
#1 /home/joyarico/public_html/new/system/CodeIgniter.php(931): App\Controllers\Products->stockfilterajax()
#2 /home/joyarico/public_html/new/system/CodeIgniter.php(439): CodeIgniter\CodeIgniter->runController(Object(App\Controllers\Products))
#3 /home/joyarico/public_html/new/system/CodeIgniter.php(339): CodeIgniter\CodeIgniter->handleRequest(NULL, Object(Config\Cache), false)
#4 /home/joyarico/public_html/new/public/index.php(45): CodeIgniter\CodeIgniter->run()
#5 {main}
CRITICAL - 2021-12-21 14:21:07 --> Invalid argument supplied for foreach()
#0 /home/joyarico/public_html/new/app/Controllers/Products.php(167): CodeIgniter\Debug\Exceptions->errorHandler(2, 'Invalid argumen...', '/home/joyarico/...', 167, Array)
#1 /home/joyarico/public_html/new/system/CodeIgniter.php(931): App\Controllers\Products->stockfilterajax()
#2 /home/joyarico/public_html/new/system/CodeIgniter.php(439): CodeIgniter\CodeIgniter->runController(Object(App\Controllers\Products))
#3 /home/joyarico/public_html/new/system/CodeIgniter.php(339): CodeIgniter\CodeIgniter->handleRequest(NULL, Object(Config\Cache), false)
#4 /home/joyarico/public_html/new/public/index.php(45): CodeIgniter\CodeIgniter->run()
#5 {main}
