CRITICAL - 2022-11-29 15:57:10 --> Invalid argument supplied for foreach()
#0 /home/joyarico/public_html/app/Views/frontend/pages/products/product_single.php(60): CodeIgniter\Debug\Exceptions->errorHandler(2, 'Invalid argumen...', '/home/joyarico/...', 60, Array)
#1 /home/joyarico/public_html/system/View/View.php(230): include('/home/joyarico/...')
#2 /home/joyarico/public_html/system/View/View.php(232): CodeIgniter\View\View->CodeIgniter\View\{closure}()
#3 /home/joyarico/public_html/system/Common.php(1271): CodeIgniter\View\View->render('frontend/pages/...', Array, true)
#4 /home/joyarico/public_html/app/Controllers/Products.php(50): view('frontend/pages/...', Array)
#5 /home/joyarico/public_html/system/CodeIgniter.php(931): App\Controllers\Products->productdetail('js', 'jquery.min.js')
#6 /home/joyarico/public_html/system/CodeIgniter.php(439): CodeIgniter\CodeIgniter->runController(Object(App\Controllers\Products))
#7 /home/joyarico/public_html/system/CodeIgniter.php(339): CodeIgniter\CodeIgniter->handleRequest(NULL, Object(Config\Cache), false)
#8 /home/joyarico/public_html/index.php(43): CodeIgniter\CodeIgniter->run()
#9 {main}
CRITICAL - 2022-11-29 15:57:10 --> Invalid argument supplied for foreach()
#0 /home/joyarico/public_html/app/Views/frontend/pages/products/product_single.php(60): CodeIgniter\Debug\Exceptions->errorHandler(2, 'Invalid argumen...', '/home/joyarico/...', 60, Array)
#1 /home/joyarico/public_html/system/View/View.php(230): include('/home/joyarico/...')
#2 /home/joyarico/public_html/system/View/View.php(232): CodeIgniter\View\View->CodeIgniter\View\{closure}()
#3 /home/joyarico/public_html/system/Common.php(1271): CodeIgniter\View\View->render('frontend/pages/...', Array, true)
#4 /home/joyarico/public_html/app/Controllers/Products.php(50): view('frontend/pages/...', Array)
#5 /home/joyarico/public_html/system/CodeIgniter.php(931): App\Controllers\Products->productdetail('js', 'popper.min.js')
#6 /home/joyarico/public_html/system/CodeIgniter.php(439): CodeIgniter\CodeIgniter->runController(Object(App\Controllers\Products))
#7 /home/joyarico/public_html/system/CodeIgniter.php(339): CodeIgniter\CodeIgniter->handleRequest(NULL, Object(Config\Cache), false)
#8 /home/joyarico/public_html/index.php(43): CodeIgniter\CodeIgniter->run()
#9 {main}
CRITICAL - 2022-11-29 15:57:11 --> Invalid argument supplied for foreach()
#0 /home/joyarico/public_html/app/Views/frontend/pages/products/product_single.php(60): CodeIgniter\Debug\Exceptions->errorHandler(2, 'Invalid argumen...', '/home/joyarico/...', 60, Array)
#1 /home/joyarico/public_html/system/View/View.php(230): include('/home/joyarico/...')
#2 /home/joyarico/public_html/system/View/View.php(232): CodeIgniter\View\View->CodeIgniter\View\{closure}()
#3 /home/joyarico/public_html/system/Common.php(1271): CodeIgniter\View\View->render('frontend/pages/...', Array, true)
#4 /home/joyarico/public_html/app/Controllers/Products.php(50): view('frontend/pages/...', Array)
#5 /home/joyarico/public_html/system/CodeIgniter.php(931): App\Controllers\Products->productdetail('js', 'bootstrap.min.j...')
#6 /home/joyarico/public_html/system/CodeIgniter.php(439): CodeIgniter\CodeIgniter->runController(Object(App\Controllers\Products))
#7 /home/joyarico/public_html/system/CodeIgniter.php(339): CodeIgniter\CodeIgniter->handleRequest(NULL, Object(Config\Cache), false)
#8 /home/joyarico/public_html/index.php(43): CodeIgniter\CodeIgniter->run()
#9 {main}
CRITICAL - 2022-11-29 15:57:20 --> Invalid argument supplied for foreach()
#0 /home/joyarico/public_html/app/Views/frontend/pages/products/product_single.php(60): CodeIgniter\Debug\Exceptions->errorHandler(2, 'Invalid argumen...', '/home/joyarico/...', 60, Array)
#1 /home/joyarico/public_html/system/View/View.php(230): include('/home/joyarico/...')
#2 /home/joyarico/public_html/system/View/View.php(232): CodeIgniter\View\View->CodeIgniter\View\{closure}()
#3 /home/joyarico/public_html/system/Common.php(1271): CodeIgniter\View\View->render('frontend/pages/...', Array, true)
#4 /home/joyarico/public_html/app/Controllers/Products.php(50): view('frontend/pages/...', Array)
#5 /home/joyarico/public_html/system/CodeIgniter.php(931): App\Controllers\Products->productdetail('js', 'jquery.min.js')
#6 /home/joyarico/public_html/system/CodeIgniter.php(439): CodeIgniter\CodeIgniter->runController(Object(App\Controllers\Products))
#7 /home/joyarico/public_html/system/CodeIgniter.php(339): CodeIgniter\CodeIgniter->handleRequest(NULL, Object(Config\Cache), false)
#8 /home/joyarico/public_html/index.php(43): CodeIgniter\CodeIgniter->run()
#9 {main}
CRITICAL - 2022-11-29 15:57:21 --> Invalid argument supplied for foreach()
#0 /home/joyarico/public_html/app/Views/frontend/pages/products/product_single.php(60): CodeIgniter\Debug\Exceptions->errorHandler(2, 'Invalid argumen...', '/home/joyarico/...', 60, Array)
#1 /home/joyarico/public_html/system/View/View.php(230): include('/home/joyarico/...')
#2 /home/joyarico/public_html/system/View/View.php(232): CodeIgniter\View\View->CodeIgniter\View\{closure}()
#3 /home/joyarico/public_html/system/Common.php(1271): CodeIgniter\View\View->render('frontend/pages/...', Array, true)
#4 /home/joyarico/public_html/app/Controllers/Products.php(50): view('frontend/pages/...', Array)
#5 /home/joyarico/public_html/system/CodeIgniter.php(931): App\Controllers\Products->productdetail('js', 'popper.min.js')
#6 /home/joyarico/public_html/system/CodeIgniter.php(439): CodeIgniter\CodeIgniter->runController(Object(App\Controllers\Products))
#7 /home/joyarico/public_html/system/CodeIgniter.php(339): CodeIgniter\CodeIgniter->handleRequest(NULL, Object(Config\Cache), false)
#8 /home/joyarico/public_html/index.php(43): CodeIgniter\CodeIgniter->run()
#9 {main}
CRITICAL - 2022-11-29 15:57:21 --> Invalid argument supplied for foreach()
#0 /home/joyarico/public_html/app/Views/frontend/pages/products/product_single.php(60): CodeIgniter\Debug\Exceptions->errorHandler(2, 'Invalid argumen...', '/home/joyarico/...', 60, Array)
#1 /home/joyarico/public_html/system/View/View.php(230): include('/home/joyarico/...')
#2 /home/joyarico/public_html/system/View/View.php(232): CodeIgniter\View\View->CodeIgniter\View\{closure}()
#3 /home/joyarico/public_html/system/Common.php(1271): CodeIgniter\View\View->render('frontend/pages/...', Array, true)
#4 /home/joyarico/public_html/app/Controllers/Products.php(50): view('frontend/pages/...', Array)
#5 /home/joyarico/public_html/system/CodeIgniter.php(931): App\Controllers\Products->productdetail('js', 'bootstrap.min.j...')
#6 /home/joyarico/public_html/system/CodeIgniter.php(439): CodeIgniter\CodeIgniter->runController(Object(App\Controllers\Products))
#7 /home/joyarico/public_html/system/CodeIgniter.php(339): CodeIgniter\CodeIgniter->handleRequest(NULL, Object(Config\Cache), false)
#8 /home/joyarico/public_html/index.php(43): CodeIgniter\CodeIgniter->run()
#9 {main}
