CRITICAL - 2021-11-03 18:36:21 --> Call to a member function getRowArray() on bool
#0 /home1/reselorr/public_html/joyari/system/CodeIgniter.php(931): App\Controllers\Home->index()
#1 /home1/reselorr/public_html/joyari/system/CodeIgniter.php(439): CodeIgniter\CodeIgniter->runController(Object(App\Controllers\Home))
#2 /home1/reselorr/public_html/joyari/system/CodeIgniter.php(339): CodeIgniter\CodeIgniter->handleRequest(NULL, Object(Config\Cache), false)
#3 /home1/reselorr/public_html/joyari/index.php(44): CodeIgniter\CodeIgniter->run()
#4 {main}
CRITICAL - 2021-11-03 18:36:50 --> Table 'reselorr_joyari.settings' doesn't exist
#0 /home1/reselorr/public_html/joyari/system/Database/MySQLi/Connection.php(329): mysqli->query('select * from s...')
#1 /home1/reselorr/public_html/joyari/system/Database/BaseConnection.php(732): CodeIgniter\Database\MySQLi\Connection->execute('select * from s...')
#2 /home1/reselorr/public_html/joyari/system/Database/BaseConnection.php(647): CodeIgniter\Database\BaseConnection->simpleQuery('select * from s...')
#3 /home1/reselorr/public_html/joyari/app/Controllers/Home.php(9): CodeIgniter\Database\BaseConnection->query('select * from s...')
#4 /home1/reselorr/public_html/joyari/system/CodeIgniter.php(931): App\Controllers\Home->index()
#5 /home1/reselorr/public_html/joyari/system/CodeIgniter.php(439): CodeIgniter\CodeIgniter->runController(Object(App\Controllers\Home))
#6 /home1/reselorr/public_html/joyari/system/CodeIgniter.php(339): CodeIgniter\CodeIgniter->handleRequest(NULL, Object(Config\Cache), false)
#7 /home1/reselorr/public_html/joyari/index.php(44): CodeIgniter\CodeIgniter->run()
#8 {main}
CRITICAL - 2021-11-03 18:37:36 --> Table 'reselorr_joyari.settings' doesn't exist
#0 /home1/reselorr/public_html/joyari/system/Database/MySQLi/Connection.php(329): mysqli->query('select * from s...')
#1 /home1/reselorr/public_html/joyari/system/Database/BaseConnection.php(732): CodeIgniter\Database\MySQLi\Connection->execute('select * from s...')
#2 /home1/reselorr/public_html/joyari/system/Database/BaseConnection.php(647): CodeIgniter\Database\BaseConnection->simpleQuery('select * from s...')
#3 /home1/reselorr/public_html/joyari/app/Views/frontend/partial/head.php(3): CodeIgniter\Database\BaseConnection->query('select * from s...')
#4 /home1/reselorr/public_html/joyari/system/View/View.php(230): include('/home1/reselorr...')
#5 /home1/reselorr/public_html/joyari/system/View/View.php(232): CodeIgniter\View\View->CodeIgniter\View\{closure}()
#6 /home1/reselorr/public_html/joyari/system/View/View.php(487): CodeIgniter\View\View->render('frontend/partia...', NULL, true)
#7 /home1/reselorr/public_html/joyari/app/Views/frontend/pages/index.php(7): CodeIgniter\View\View->include('frontend/partia...')
#8 /home1/reselorr/public_html/joyari/system/View/View.php(230): include('/home1/reselorr...')
#9 /home1/reselorr/public_html/joyari/system/View/View.php(232): CodeIgniter\View\View->CodeIgniter\View\{closure}()
#10 /home1/reselorr/public_html/joyari/system/Common.php(1271): CodeIgniter\View\View->render('frontend/pages/...', Array, true)
#11 /home1/reselorr/public_html/joyari/app/Controllers/Home.php(15): view('frontend/pages/...', Array)
#12 /home1/reselorr/public_html/joyari/system/CodeIgniter.php(931): App\Controllers\Home->index()
#13 /home1/reselorr/public_html/joyari/system/CodeIgniter.php(439): CodeIgniter\CodeIgniter->runController(Object(App\Controllers\Home))
#14 /home1/reselorr/public_html/joyari/system/CodeIgniter.php(339): CodeIgniter\CodeIgniter->handleRequest(NULL, Object(Config\Cache), false)
#15 /home1/reselorr/public_html/joyari/index.php(44): CodeIgniter\CodeIgniter->run()
#16 {main}
CRITICAL - 2021-11-03 18:38:26 --> Table 'reselorr_joyari.settings' doesn't exist
#0 /home1/reselorr/public_html/joyari/system/Database/MySQLi/Connection.php(329): mysqli->query('select * from s...')
#1 /home1/reselorr/public_html/joyari/system/Database/BaseConnection.php(732): CodeIgniter\Database\MySQLi\Connection->execute('select * from s...')
#2 /home1/reselorr/public_html/joyari/system/Database/BaseConnection.php(647): CodeIgniter\Database\BaseConnection->simpleQuery('select * from s...')
#3 /home1/reselorr/public_html/joyari/app/Views/frontend/partial/head.php(3): CodeIgniter\Database\BaseConnection->query('select * from s...')
#4 /home1/reselorr/public_html/joyari/system/View/View.php(230): include('/home1/reselorr...')
#5 /home1/reselorr/public_html/joyari/system/View/View.php(232): CodeIgniter\View\View->CodeIgniter\View\{closure}()
#6 /home1/reselorr/public_html/joyari/system/View/View.php(487): CodeIgniter\View\View->render('frontend/partia...', NULL, true)
#7 /home1/reselorr/public_html/joyari/app/Views/frontend/pages/index.php(7): CodeIgniter\View\View->include('frontend/partia...')
#8 /home1/reselorr/public_html/joyari/system/View/View.php(230): include('/home1/reselorr...')
#9 /home1/reselorr/public_html/joyari/system/View/View.php(232): CodeIgniter\View\View->CodeIgniter\View\{closure}()
#10 /home1/reselorr/public_html/joyari/system/Common.php(1271): CodeIgniter\View\View->render('frontend/pages/...', Array, true)
#11 /home1/reselorr/public_html/joyari/app/Controllers/Home.php(15): view('frontend/pages/...', Array)
#12 /home1/reselorr/public_html/joyari/system/CodeIgniter.php(931): App\Controllers\Home->index()
#13 /home1/reselorr/public_html/joyari/system/CodeIgniter.php(439): CodeIgniter\CodeIgniter->runController(Object(App\Controllers\Home))
#14 /home1/reselorr/public_html/joyari/system/CodeIgniter.php(339): CodeIgniter\CodeIgniter->handleRequest(NULL, Object(Config\Cache), false)
#15 /home1/reselorr/public_html/joyari/index.php(44): CodeIgniter\CodeIgniter->run()
#16 {main}
CRITICAL - 2021-11-03 18:39:00 --> Undefined index: site_name
#0 /home1/reselorr/public_html/joyari/app/Views/frontend/partial/head.php(7): CodeIgniter\Debug\Exceptions->errorHandler(8, 'Undefined index...', '/home1/reselorr...', 7, Array)
#1 /home1/reselorr/public_html/joyari/system/View/View.php(230): include('/home1/reselorr...')
#2 /home1/reselorr/public_html/joyari/system/View/View.php(232): CodeIgniter\View\View->CodeIgniter\View\{closure}()
#3 /home1/reselorr/public_html/joyari/system/View/View.php(487): CodeIgniter\View\View->render('frontend/partia...', NULL, true)
#4 /home1/reselorr/public_html/joyari/app/Views/frontend/pages/index.php(7): CodeIgniter\View\View->include('frontend/partia...')
#5 /home1/reselorr/public_html/joyari/system/View/View.php(230): include('/home1/reselorr...')
#6 /home1/reselorr/public_html/joyari/system/View/View.php(232): CodeIgniter\View\View->CodeIgniter\View\{closure}()
#7 /home1/reselorr/public_html/joyari/system/Common.php(1271): CodeIgniter\View\View->render('frontend/pages/...', Array, true)
#8 /home1/reselorr/public_html/joyari/app/Controllers/Home.php(15): view('frontend/pages/...', Array)
#9 /home1/reselorr/public_html/joyari/system/CodeIgniter.php(931): App\Controllers\Home->index()
#10 /home1/reselorr/public_html/joyari/system/CodeIgniter.php(439): CodeIgniter\CodeIgniter->runController(Object(App\Controllers\Home))
#11 /home1/reselorr/public_html/joyari/system/CodeIgniter.php(339): CodeIgniter\CodeIgniter->handleRequest(NULL, Object(Config\Cache), false)
#12 /home1/reselorr/public_html/joyari/index.php(44): CodeIgniter\CodeIgniter->run()
#13 {main}
CRITICAL - 2021-11-03 18:54:51 --> Unknown column 'site_name' in 'field list'
#0 /home1/reselorr/public_html/joyari/system/Database/MySQLi/Connection.php(329): mysqli->query('UPDATE `setting...')
#1 /home1/reselorr/public_html/joyari/system/Database/BaseConnection.php(732): CodeIgniter\Database\MySQLi\Connection->execute('UPDATE `setting...')
#2 /home1/reselorr/public_html/joyari/system/Database/BaseConnection.php(647): CodeIgniter\Database\BaseConnection->simpleQuery('UPDATE `setting...')
#3 /home1/reselorr/public_html/joyari/system/Database/BaseBuilder.php(2482): CodeIgniter\Database\BaseConnection->query('UPDATE `setting...', Array, false)
#4 /home1/reselorr/public_html/joyari/app/Controllers/Admin/Siteconfiguration.php(163): CodeIgniter\Database\BaseBuilder->update(Array)
#5 /home1/reselorr/public_html/joyari/system/CodeIgniter.php(931): App\Controllers\Admin\Siteconfiguration->add()
#6 /home1/reselorr/public_html/joyari/system/CodeIgniter.php(439): CodeIgniter\CodeIgniter->runController(Object(App\Controllers\Admin\Siteconfiguration))
#7 /home1/reselorr/public_html/joyari/system/CodeIgniter.php(339): CodeIgniter\CodeIgniter->handleRequest(NULL, Object(Config\Cache), false)
#8 /home1/reselorr/public_html/joyari/public/index.php(45): CodeIgniter\CodeIgniter->run()
#9 {main}
CRITICAL - 2021-11-03 18:55:05 --> Unknown column 'site_name' in 'field list'
#0 /home1/reselorr/public_html/joyari/system/Database/MySQLi/Connection.php(329): mysqli->query('UPDATE `setting...')
#1 /home1/reselorr/public_html/joyari/system/Database/BaseConnection.php(732): CodeIgniter\Database\MySQLi\Connection->execute('UPDATE `setting...')
#2 /home1/reselorr/public_html/joyari/system/Database/BaseConnection.php(647): CodeIgniter\Database\BaseConnection->simpleQuery('UPDATE `setting...')
#3 /home1/reselorr/public_html/joyari/system/Database/BaseBuilder.php(2482): CodeIgniter\Database\BaseConnection->query('UPDATE `setting...', Array, false)
#4 /home1/reselorr/public_html/joyari/app/Controllers/Admin/Siteconfiguration.php(163): CodeIgniter\Database\BaseBuilder->update(Array)
#5 /home1/reselorr/public_html/joyari/system/CodeIgniter.php(931): App\Controllers\Admin\Siteconfiguration->add()
#6 /home1/reselorr/public_html/joyari/system/CodeIgniter.php(439): CodeIgniter\CodeIgniter->runController(Object(App\Controllers\Admin\Siteconfiguration))
#7 /home1/reselorr/public_html/joyari/system/CodeIgniter.php(339): CodeIgniter\CodeIgniter->handleRequest(NULL, Object(Config\Cache), false)
#8 /home1/reselorr/public_html/joyari/public/index.php(45): CodeIgniter\CodeIgniter->run()
#9 {main}
CRITICAL - 2021-11-03 18:55:43 --> Unknown column 'site_brochure' in 'field list'
#0 /home1/reselorr/public_html/joyari/system/Database/MySQLi/Connection.php(329): mysqli->query('UPDATE `setting...')
#1 /home1/reselorr/public_html/joyari/system/Database/BaseConnection.php(732): CodeIgniter\Database\MySQLi\Connection->execute('UPDATE `setting...')
#2 /home1/reselorr/public_html/joyari/system/Database/BaseConnection.php(647): CodeIgniter\Database\BaseConnection->simpleQuery('UPDATE `setting...')
#3 /home1/reselorr/public_html/joyari/system/Database/BaseBuilder.php(2482): CodeIgniter\Database\BaseConnection->query('UPDATE `setting...', Array, false)
#4 /home1/reselorr/public_html/joyari/app/Controllers/Admin/Siteconfiguration.php(163): CodeIgniter\Database\BaseBuilder->update(Array)
#5 /home1/reselorr/public_html/joyari/system/CodeIgniter.php(931): App\Controllers\Admin\Siteconfiguration->add()
#6 /home1/reselorr/public_html/joyari/system/CodeIgniter.php(439): CodeIgniter\CodeIgniter->runController(Object(App\Controllers\Admin\Siteconfiguration))
#7 /home1/reselorr/public_html/joyari/system/CodeIgniter.php(339): CodeIgniter\CodeIgniter->handleRequest(NULL, Object(Config\Cache), false)
#8 /home1/reselorr/public_html/joyari/public/index.php(45): CodeIgniter\CodeIgniter->run()
#9 {main}
CRITICAL - 2021-11-03 18:56:01 --> Unknown column 'email1' in 'field list'
#0 /home1/reselorr/public_html/joyari/system/Database/MySQLi/Connection.php(329): mysqli->query('UPDATE `setting...')
#1 /home1/reselorr/public_html/joyari/system/Database/BaseConnection.php(732): CodeIgniter\Database\MySQLi\Connection->execute('UPDATE `setting...')
#2 /home1/reselorr/public_html/joyari/system/Database/BaseConnection.php(647): CodeIgniter\Database\BaseConnection->simpleQuery('UPDATE `setting...')
#3 /home1/reselorr/public_html/joyari/system/Database/BaseBuilder.php(2482): CodeIgniter\Database\BaseConnection->query('UPDATE `setting...', Array, false)
#4 /home1/reselorr/public_html/joyari/app/Controllers/Admin/Siteconfiguration.php(163): CodeIgniter\Database\BaseBuilder->update(Array)
#5 /home1/reselorr/public_html/joyari/system/CodeIgniter.php(931): App\Controllers\Admin\Siteconfiguration->add()
#6 /home1/reselorr/public_html/joyari/system/CodeIgniter.php(439): CodeIgniter\CodeIgniter->runController(Object(App\Controllers\Admin\Siteconfiguration))
#7 /home1/reselorr/public_html/joyari/system/CodeIgniter.php(339): CodeIgniter\CodeIgniter->handleRequest(NULL, Object(Config\Cache), false)
#8 /home1/reselorr/public_html/joyari/public/index.php(45): CodeIgniter\CodeIgniter->run()
#9 {main}
CRITICAL - 2021-11-03 19:15:59 --> Unknown column 'site_linked' in 'field list'
#0 /home1/reselorr/public_html/joyari/system/Database/MySQLi/Connection.php(329): mysqli->query('UPDATE `setting...')
#1 /home1/reselorr/public_html/joyari/system/Database/BaseConnection.php(732): CodeIgniter\Database\MySQLi\Connection->execute('UPDATE `setting...')
#2 /home1/reselorr/public_html/joyari/system/Database/BaseConnection.php(647): CodeIgniter\Database\BaseConnection->simpleQuery('UPDATE `setting...')
#3 /home1/reselorr/public_html/joyari/system/Database/BaseBuilder.php(2482): CodeIgniter\Database\BaseConnection->query('UPDATE `setting...', Array, false)
#4 /home1/reselorr/public_html/joyari/app/Controllers/Admin/Siteconfiguration.php(163): CodeIgniter\Database\BaseBuilder->update(Array)
#5 /home1/reselorr/public_html/joyari/system/CodeIgniter.php(931): App\Controllers\Admin\Siteconfiguration->add()
#6 /home1/reselorr/public_html/joyari/system/CodeIgniter.php(439): CodeIgniter\CodeIgniter->runController(Object(App\Controllers\Admin\Siteconfiguration))
#7 /home1/reselorr/public_html/joyari/system/CodeIgniter.php(339): CodeIgniter\CodeIgniter->handleRequest(NULL, Object(Config\Cache), false)
#8 /home1/reselorr/public_html/joyari/public/index.php(45): CodeIgniter\CodeIgniter->run()
#9 {main}
CRITICAL - 2021-11-03 19:16:06 --> Unknown column 'site_linked' in 'field list'
#0 /home1/reselorr/public_html/joyari/system/Database/MySQLi/Connection.php(329): mysqli->query('UPDATE `setting...')
#1 /home1/reselorr/public_html/joyari/system/Database/BaseConnection.php(732): CodeIgniter\Database\MySQLi\Connection->execute('UPDATE `setting...')
#2 /home1/reselorr/public_html/joyari/system/Database/BaseConnection.php(647): CodeIgniter\Database\BaseConnection->simpleQuery('UPDATE `setting...')
#3 /home1/reselorr/public_html/joyari/system/Database/BaseBuilder.php(2482): CodeIgniter\Database\BaseConnection->query('UPDATE `setting...', Array, false)
#4 /home1/reselorr/public_html/joyari/app/Controllers/Admin/Siteconfiguration.php(163): CodeIgniter\Database\BaseBuilder->update(Array)
#5 /home1/reselorr/public_html/joyari/system/CodeIgniter.php(931): App\Controllers\Admin\Siteconfiguration->add()
#6 /home1/reselorr/public_html/joyari/system/CodeIgniter.php(439): CodeIgniter\CodeIgniter->runController(Object(App\Controllers\Admin\Siteconfiguration))
#7 /home1/reselorr/public_html/joyari/system/CodeIgniter.php(339): CodeIgniter\CodeIgniter->handleRequest(NULL, Object(Config\Cache), false)
#8 /home1/reselorr/public_html/joyari/public/index.php(45): CodeIgniter\CodeIgniter->run()
#9 {main}
