CRITICAL - 2021-12-01 17:06:05 --> Undefined variable: siteconfiguration
#0 /home/joyarico/public_html/joyari_new/app/Views/frontend/partial/head.php(26): CodeIgniter\Debug\Exceptions->errorHandler(8, 'Undefined varia...', '/home/joyarico/...', 26, Array)
#1 /home/joyarico/public_html/joyari_new/system/View/View.php(230): include('/home/joyarico/...')
#2 /home/joyarico/public_html/joyari_new/system/View/View.php(232): CodeIgniter\View\View->CodeIgniter\View\{closure}()
#3 /home/joyarico/public_html/joyari_new/system/View/View.php(487): CodeIgniter\View\View->render('frontend/partia...', NULL, true)
#4 /home/joyarico/public_html/joyari_new/app/Views/frontend/pages/index.php(5): CodeIgniter\View\View->include('frontend/partia...')
#5 /home/joyarico/public_html/joyari_new/system/View/View.php(230): include('/home/joyarico/...')
#6 /home/joyarico/public_html/joyari_new/system/View/View.php(232): CodeIgniter\View\View->CodeIgniter\View\{closure}()
#7 /home/joyarico/public_html/joyari_new/system/Common.php(1271): CodeIgniter\View\View->render('frontend/pages/...', Array, true)
#8 /home/joyarico/public_html/joyari_new/app/Controllers/Home.php(15): view('frontend/pages/...', Array)
#9 /home/joyarico/public_html/joyari_new/system/CodeIgniter.php(931): App\Controllers\Home->index()
#10 /home/joyarico/public_html/joyari_new/system/CodeIgniter.php(439): CodeIgniter\CodeIgniter->runController(Object(App\Controllers\Home))
#11 /home/joyarico/public_html/joyari_new/system/CodeIgniter.php(339): CodeIgniter\CodeIgniter->handleRequest(NULL, Object(Config\Cache), false)
#12 /home/joyarico/public_html/joyari_new/index.php(44): CodeIgniter\CodeIgniter->run()
#13 {main}
CRITICAL - 2021-12-01 17:06:40 --> Call to undefined method CodeIgniter\Session\Session::flashdata()
#0 /home/joyarico/public_html/joyari_new/system/View/View.php(230): include()
#1 /home/joyarico/public_html/joyari_new/system/View/View.php(232): CodeIgniter\View\View->CodeIgniter\View\{closure}()
#2 /home/joyarico/public_html/joyari_new/system/View/View.php(487): CodeIgniter\View\View->render('frontend/partia...', NULL, true)
#3 /home/joyarico/public_html/joyari_new/app/Views/frontend/pages/index.php(5): CodeIgniter\View\View->include('frontend/partia...')
#4 /home/joyarico/public_html/joyari_new/system/View/View.php(230): include('/home/joyarico/...')
#5 /home/joyarico/public_html/joyari_new/system/View/View.php(232): CodeIgniter\View\View->CodeIgniter\View\{closure}()
#6 /home/joyarico/public_html/joyari_new/system/Common.php(1271): CodeIgniter\View\View->render('frontend/pages/...', Array, true)
#7 /home/joyarico/public_html/joyari_new/app/Controllers/Home.php(15): view('frontend/pages/...', Array)
#8 /home/joyarico/public_html/joyari_new/system/CodeIgniter.php(931): App\Controllers\Home->index()
#9 /home/joyarico/public_html/joyari_new/system/CodeIgniter.php(439): CodeIgniter\CodeIgniter->runController(Object(App\Controllers\Home))
#10 /home/joyarico/public_html/joyari_new/system/CodeIgniter.php(339): CodeIgniter\CodeIgniter->handleRequest(NULL, Object(Config\Cache), false)
#11 /home/joyarico/public_html/joyari_new/index.php(44): CodeIgniter\CodeIgniter->run()
#12 {main}
CRITICAL - 2021-12-01 17:06:58 --> Undefined variable: siteconfiguration
#0 /home/joyarico/public_html/joyari_new/app/Views/frontend/partial/menu.php(48): CodeIgniter\Debug\Exceptions->errorHandler(8, 'Undefined varia...', '/home/joyarico/...', 48, Array)
#1 /home/joyarico/public_html/joyari_new/system/View/View.php(230): include('/home/joyarico/...')
#2 /home/joyarico/public_html/joyari_new/system/View/View.php(232): CodeIgniter\View\View->CodeIgniter\View\{closure}()
#3 /home/joyarico/public_html/joyari_new/system/View/View.php(487): CodeIgniter\View\View->render('frontend/partia...', NULL, true)
#4 /home/joyarico/public_html/joyari_new/app/Views/frontend/pages/index.php(10): CodeIgniter\View\View->include('frontend/partia...')
#5 /home/joyarico/public_html/joyari_new/system/View/View.php(230): include('/home/joyarico/...')
#6 /home/joyarico/public_html/joyari_new/system/View/View.php(232): CodeIgniter\View\View->CodeIgniter\View\{closure}()
#7 /home/joyarico/public_html/joyari_new/system/Common.php(1271): CodeIgniter\View\View->render('frontend/pages/...', Array, true)
#8 /home/joyarico/public_html/joyari_new/app/Controllers/Home.php(15): view('frontend/pages/...', Array)
#9 /home/joyarico/public_html/joyari_new/system/CodeIgniter.php(931): App\Controllers\Home->index()
#10 /home/joyarico/public_html/joyari_new/system/CodeIgniter.php(439): CodeIgniter\CodeIgniter->runController(Object(App\Controllers\Home))
#11 /home/joyarico/public_html/joyari_new/system/CodeIgniter.php(339): CodeIgniter\CodeIgniter->handleRequest(NULL, Object(Config\Cache), false)
#12 /home/joyarico/public_html/joyari_new/index.php(44): CodeIgniter\CodeIgniter->run()
#13 {main}
CRITICAL - 2021-12-01 17:07:57 --> Undefined variable: siteconfiguration
#0 /home/joyarico/public_html/joyari_new/app/Views/frontend/partial/menu.php(62): CodeIgniter\Debug\Exceptions->errorHandler(8, 'Undefined varia...', '/home/joyarico/...', 62, Array)
#1 /home/joyarico/public_html/joyari_new/system/View/View.php(230): include('/home/joyarico/...')
#2 /home/joyarico/public_html/joyari_new/system/View/View.php(232): CodeIgniter\View\View->CodeIgniter\View\{closure}()
#3 /home/joyarico/public_html/joyari_new/system/View/View.php(487): CodeIgniter\View\View->render('frontend/partia...', NULL, true)
#4 /home/joyarico/public_html/joyari_new/app/Views/frontend/pages/index.php(10): CodeIgniter\View\View->include('frontend/partia...')
#5 /home/joyarico/public_html/joyari_new/system/View/View.php(230): include('/home/joyarico/...')
#6 /home/joyarico/public_html/joyari_new/system/View/View.php(232): CodeIgniter\View\View->CodeIgniter\View\{closure}()
#7 /home/joyarico/public_html/joyari_new/system/Common.php(1271): CodeIgniter\View\View->render('frontend/pages/...', Array, true)
#8 /home/joyarico/public_html/joyari_new/app/Controllers/Home.php(15): view('frontend/pages/...', Array)
#9 /home/joyarico/public_html/joyari_new/system/CodeIgniter.php(931): App\Controllers\Home->index()
#10 /home/joyarico/public_html/joyari_new/system/CodeIgniter.php(439): CodeIgniter\CodeIgniter->runController(Object(App\Controllers\Home))
#11 /home/joyarico/public_html/joyari_new/system/CodeIgniter.php(339): CodeIgniter\CodeIgniter->handleRequest(NULL, Object(Config\Cache), false)
#12 /home/joyarico/public_html/joyari_new/index.php(44): CodeIgniter\CodeIgniter->run()
#13 {main}
CRITICAL - 2021-12-01 17:08:21 --> Undefined variable: siteconfiguration
#0 /home/joyarico/public_html/joyari_new/app/Views/frontend/partial/menu.php(69): CodeIgniter\Debug\Exceptions->errorHandler(8, 'Undefined varia...', '/home/joyarico/...', 69, Array)
#1 /home/joyarico/public_html/joyari_new/system/View/View.php(230): include('/home/joyarico/...')
#2 /home/joyarico/public_html/joyari_new/system/View/View.php(232): CodeIgniter\View\View->CodeIgniter\View\{closure}()
#3 /home/joyarico/public_html/joyari_new/system/View/View.php(487): CodeIgniter\View\View->render('frontend/partia...', NULL, true)
#4 /home/joyarico/public_html/joyari_new/app/Views/frontend/pages/index.php(10): CodeIgniter\View\View->include('frontend/partia...')
#5 /home/joyarico/public_html/joyari_new/system/View/View.php(230): include('/home/joyarico/...')
#6 /home/joyarico/public_html/joyari_new/system/View/View.php(232): CodeIgniter\View\View->CodeIgniter\View\{closure}()
#7 /home/joyarico/public_html/joyari_new/system/Common.php(1271): CodeIgniter\View\View->render('frontend/pages/...', Array, true)
#8 /home/joyarico/public_html/joyari_new/app/Controllers/Home.php(15): view('frontend/pages/...', Array)
#9 /home/joyarico/public_html/joyari_new/system/CodeIgniter.php(931): App\Controllers\Home->index()
#10 /home/joyarico/public_html/joyari_new/system/CodeIgniter.php(439): CodeIgniter\CodeIgniter->runController(Object(App\Controllers\Home))
#11 /home/joyarico/public_html/joyari_new/system/CodeIgniter.php(339): CodeIgniter\CodeIgniter->handleRequest(NULL, Object(Config\Cache), false)
#12 /home/joyarico/public_html/joyari_new/index.php(44): CodeIgniter\CodeIgniter->run()
#13 {main}
CRITICAL - 2021-12-01 17:08:58 --> Undefined property: CodeIgniter\View\View::$ion_auth
#0 /home/joyarico/public_html/joyari_new/app/Views/frontend/partial/menu.php(82): CodeIgniter\Debug\Exceptions->errorHandler(8, 'Undefined prope...', '/home/joyarico/...', 82, Array)
#1 /home/joyarico/public_html/joyari_new/system/View/View.php(230): include('/home/joyarico/...')
#2 /home/joyarico/public_html/joyari_new/system/View/View.php(232): CodeIgniter\View\View->CodeIgniter\View\{closure}()
#3 /home/joyarico/public_html/joyari_new/system/View/View.php(487): CodeIgniter\View\View->render('frontend/partia...', NULL, true)
#4 /home/joyarico/public_html/joyari_new/app/Views/frontend/pages/index.php(10): CodeIgniter\View\View->include('frontend/partia...')
#5 /home/joyarico/public_html/joyari_new/system/View/View.php(230): include('/home/joyarico/...')
#6 /home/joyarico/public_html/joyari_new/system/View/View.php(232): CodeIgniter\View\View->CodeIgniter\View\{closure}()
#7 /home/joyarico/public_html/joyari_new/system/Common.php(1271): CodeIgniter\View\View->render('frontend/pages/...', Array, true)
#8 /home/joyarico/public_html/joyari_new/app/Controllers/Home.php(15): view('frontend/pages/...', Array)
#9 /home/joyarico/public_html/joyari_new/system/CodeIgniter.php(931): App\Controllers\Home->index()
#10 /home/joyarico/public_html/joyari_new/system/CodeIgniter.php(439): CodeIgniter\CodeIgniter->runController(Object(App\Controllers\Home))
#11 /home/joyarico/public_html/joyari_new/system/CodeIgniter.php(339): CodeIgniter\CodeIgniter->handleRequest(NULL, Object(Config\Cache), false)
#12 /home/joyarico/public_html/joyari_new/index.php(44): CodeIgniter\CodeIgniter->run()
#13 {main}
CRITICAL - 2021-12-01 17:10:47 --> Undefined property: CodeIgniter\View\View::$ionAuth
#0 /home/joyarico/public_html/joyari_new/app/Views/frontend/partial/menu.php(82): CodeIgniter\Debug\Exceptions->errorHandler(8, 'Undefined prope...', '/home/joyarico/...', 82, Array)
#1 /home/joyarico/public_html/joyari_new/system/View/View.php(230): include('/home/joyarico/...')
#2 /home/joyarico/public_html/joyari_new/system/View/View.php(232): CodeIgniter\View\View->CodeIgniter\View\{closure}()
#3 /home/joyarico/public_html/joyari_new/system/View/View.php(487): CodeIgniter\View\View->render('frontend/partia...', NULL, true)
#4 /home/joyarico/public_html/joyari_new/app/Views/frontend/pages/index.php(10): CodeIgniter\View\View->include('frontend/partia...')
#5 /home/joyarico/public_html/joyari_new/system/View/View.php(230): include('/home/joyarico/...')
#6 /home/joyarico/public_html/joyari_new/system/View/View.php(232): CodeIgniter\View\View->CodeIgniter\View\{closure}()
#7 /home/joyarico/public_html/joyari_new/system/Common.php(1271): CodeIgniter\View\View->render('frontend/pages/...', Array, true)
#8 /home/joyarico/public_html/joyari_new/app/Controllers/Home.php(15): view('frontend/pages/...', Array)
#9 /home/joyarico/public_html/joyari_new/system/CodeIgniter.php(931): App\Controllers\Home->index()
#10 /home/joyarico/public_html/joyari_new/system/CodeIgniter.php(439): CodeIgniter\CodeIgniter->runController(Object(App\Controllers\Home))
#11 /home/joyarico/public_html/joyari_new/system/CodeIgniter.php(339): CodeIgniter\CodeIgniter->handleRequest(NULL, Object(Config\Cache), false)
#12 /home/joyarico/public_html/joyari_new/index.php(44): CodeIgniter\CodeIgniter->run()
#13 {main}
CRITICAL - 2021-12-01 17:12:27 --> Undefined property: CodeIgniter\View\View::$ionAuth
#0 /home/joyarico/public_html/joyari_new/app/Views/frontend/partial/menu.php(83): CodeIgniter\Debug\Exceptions->errorHandler(8, 'Undefined prope...', '/home/joyarico/...', 83, Array)
#1 /home/joyarico/public_html/joyari_new/system/View/View.php(230): include('/home/joyarico/...')
#2 /home/joyarico/public_html/joyari_new/system/View/View.php(232): CodeIgniter\View\View->CodeIgniter\View\{closure}()
#3 /home/joyarico/public_html/joyari_new/system/View/View.php(487): CodeIgniter\View\View->render('frontend/partia...', NULL, true)
#4 /home/joyarico/public_html/joyari_new/app/Views/frontend/pages/index.php(10): CodeIgniter\View\View->include('frontend/partia...')
#5 /home/joyarico/public_html/joyari_new/system/View/View.php(230): include('/home/joyarico/...')
#6 /home/joyarico/public_html/joyari_new/system/View/View.php(232): CodeIgniter\View\View->CodeIgniter\View\{closure}()
#7 /home/joyarico/public_html/joyari_new/system/Common.php(1271): CodeIgniter\View\View->render('frontend/pages/...', Array, true)
#8 /home/joyarico/public_html/joyari_new/app/Controllers/Home.php(15): view('frontend/pages/...', Array)
#9 /home/joyarico/public_html/joyari_new/system/CodeIgniter.php(931): App\Controllers\Home->index()
#10 /home/joyarico/public_html/joyari_new/system/CodeIgniter.php(439): CodeIgniter\CodeIgniter->runController(Object(App\Controllers\Home))
#11 /home/joyarico/public_html/joyari_new/system/CodeIgniter.php(339): CodeIgniter\CodeIgniter->handleRequest(NULL, Object(Config\Cache), false)
#12 /home/joyarico/public_html/joyari_new/index.php(44): CodeIgniter\CodeIgniter->run()
#13 {main}
CRITICAL - 2021-12-01 17:12:39 --> Undefined property: CodeIgniter\View\View::$ionAuth
#0 /home/joyarico/public_html/joyari_new/app/Views/frontend/partial/menu.php(83): CodeIgniter\Debug\Exceptions->errorHandler(8, 'Undefined prope...', '/home/joyarico/...', 83, Array)
#1 /home/joyarico/public_html/joyari_new/system/View/View.php(230): include('/home/joyarico/...')
#2 /home/joyarico/public_html/joyari_new/system/View/View.php(232): CodeIgniter\View\View->CodeIgniter\View\{closure}()
#3 /home/joyarico/public_html/joyari_new/system/View/View.php(487): CodeIgniter\View\View->render('frontend/partia...', NULL, true)
#4 /home/joyarico/public_html/joyari_new/app/Views/frontend/pages/index.php(10): CodeIgniter\View\View->include('frontend/partia...')
#5 /home/joyarico/public_html/joyari_new/system/View/View.php(230): include('/home/joyarico/...')
#6 /home/joyarico/public_html/joyari_new/system/View/View.php(232): CodeIgniter\View\View->CodeIgniter\View\{closure}()
#7 /home/joyarico/public_html/joyari_new/system/Common.php(1271): CodeIgniter\View\View->render('frontend/pages/...', Array, true)
#8 /home/joyarico/public_html/joyari_new/app/Controllers/Home.php(15): view('frontend/pages/...', Array)
#9 /home/joyarico/public_html/joyari_new/system/CodeIgniter.php(931): App\Controllers\Home->index()
#10 /home/joyarico/public_html/joyari_new/system/CodeIgniter.php(439): CodeIgniter\CodeIgniter->runController(Object(App\Controllers\Home))
#11 /home/joyarico/public_html/joyari_new/system/CodeIgniter.php(339): CodeIgniter\CodeIgniter->handleRequest(NULL, Object(Config\Cache), false)
#12 /home/joyarico/public_html/joyari_new/index.php(44): CodeIgniter\CodeIgniter->run()
#13 {main}
CRITICAL - 2021-12-01 17:13:11 --> Call to undefined method CodeIgniter\Database\MySQLi\Connection::get_where()
#0 /home/joyarico/public_html/joyari_new/system/View/View.php(230): include()
#1 /home/joyarico/public_html/joyari_new/system/View/View.php(232): CodeIgniter\View\View->CodeIgniter\View\{closure}()
#2 /home/joyarico/public_html/joyari_new/system/View/View.php(487): CodeIgniter\View\View->render('frontend/partia...', NULL, true)
#3 /home/joyarico/public_html/joyari_new/app/Views/frontend/pages/index.php(10): CodeIgniter\View\View->include('frontend/partia...')
#4 /home/joyarico/public_html/joyari_new/system/View/View.php(230): include('/home/joyarico/...')
#5 /home/joyarico/public_html/joyari_new/system/View/View.php(232): CodeIgniter\View\View->CodeIgniter\View\{closure}()
#6 /home/joyarico/public_html/joyari_new/system/Common.php(1271): CodeIgniter\View\View->render('frontend/pages/...', Array, true)
#7 /home/joyarico/public_html/joyari_new/app/Controllers/Home.php(15): view('frontend/pages/...', Array)
#8 /home/joyarico/public_html/joyari_new/system/CodeIgniter.php(931): App\Controllers\Home->index()
#9 /home/joyarico/public_html/joyari_new/system/CodeIgniter.php(439): CodeIgniter\CodeIgniter->runController(Object(App\Controllers\Home))
#10 /home/joyarico/public_html/joyari_new/system/CodeIgniter.php(339): CodeIgniter\CodeIgniter->handleRequest(NULL, Object(Config\Cache), false)
#11 /home/joyarico/public_html/joyari_new/index.php(44): CodeIgniter\CodeIgniter->run()
#12 {main}
CRITICAL - 2021-12-01 17:15:27 --> syntax error, unexpected 'if' (T_IF)
#0 /home/joyarico/public_html/joyari_new/system/View/View.php(232): CodeIgniter\View\View->CodeIgniter\View\{closure}()
#1 /home/joyarico/public_html/joyari_new/system/View/View.php(487): CodeIgniter\View\View->render('frontend/partia...', NULL, true)
#2 /home/joyarico/public_html/joyari_new/app/Views/frontend/pages/index.php(10): CodeIgniter\View\View->include('frontend/partia...')
#3 /home/joyarico/public_html/joyari_new/system/View/View.php(230): include('/home/joyarico/...')
#4 /home/joyarico/public_html/joyari_new/system/View/View.php(232): CodeIgniter\View\View->CodeIgniter\View\{closure}()
#5 /home/joyarico/public_html/joyari_new/system/Common.php(1271): CodeIgniter\View\View->render('frontend/pages/...', Array, true)
#6 /home/joyarico/public_html/joyari_new/app/Controllers/Home.php(15): view('frontend/pages/...', Array)
#7 /home/joyarico/public_html/joyari_new/system/CodeIgniter.php(931): App\Controllers\Home->index()
#8 /home/joyarico/public_html/joyari_new/system/CodeIgniter.php(439): CodeIgniter\CodeIgniter->runController(Object(App\Controllers\Home))
#9 /home/joyarico/public_html/joyari_new/system/CodeIgniter.php(339): CodeIgniter\CodeIgniter->handleRequest(NULL, Object(Config\Cache), false)
#10 /home/joyarico/public_html/joyari_new/index.php(44): CodeIgniter\CodeIgniter->run()
#11 {main}
CRITICAL - 2021-12-01 17:16:14 --> Trying to get property 'id' of non-object
#0 /home/joyarico/public_html/joyari_new/app/Views/frontend/partial/menu.php(111): CodeIgniter\Debug\Exceptions->errorHandler(8, 'Trying to get p...', '/home/joyarico/...', 111, Array)
#1 /home/joyarico/public_html/joyari_new/system/View/View.php(230): include('/home/joyarico/...')
#2 /home/joyarico/public_html/joyari_new/system/View/View.php(232): CodeIgniter\View\View->CodeIgniter\View\{closure}()
#3 /home/joyarico/public_html/joyari_new/system/View/View.php(487): CodeIgniter\View\View->render('frontend/partia...', NULL, true)
#4 /home/joyarico/public_html/joyari_new/app/Views/frontend/pages/index.php(10): CodeIgniter\View\View->include('frontend/partia...')
#5 /home/joyarico/public_html/joyari_new/system/View/View.php(230): include('/home/joyarico/...')
#6 /home/joyarico/public_html/joyari_new/system/View/View.php(232): CodeIgniter\View\View->CodeIgniter\View\{closure}()
#7 /home/joyarico/public_html/joyari_new/system/Common.php(1271): CodeIgniter\View\View->render('frontend/pages/...', Array, true)
#8 /home/joyarico/public_html/joyari_new/app/Controllers/Home.php(15): view('frontend/pages/...', Array)
#9 /home/joyarico/public_html/joyari_new/system/CodeIgniter.php(931): App\Controllers\Home->index()
#10 /home/joyarico/public_html/joyari_new/system/CodeIgniter.php(439): CodeIgniter\CodeIgniter->runController(Object(App\Controllers\Home))
#11 /home/joyarico/public_html/joyari_new/system/CodeIgniter.php(339): CodeIgniter\CodeIgniter->handleRequest(NULL, Object(Config\Cache), false)
#12 /home/joyarico/public_html/joyari_new/index.php(44): CodeIgniter\CodeIgniter->run()
#13 {main}
CRITICAL - 2021-12-01 17:16:45 --> Trying to get property 'alias' of non-object
#0 /home/joyarico/public_html/joyari_new/app/Views/frontend/partial/menu.php(141): CodeIgniter\Debug\Exceptions->errorHandler(8, 'Trying to get p...', '/home/joyarico/...', 141, Array)
#1 /home/joyarico/public_html/joyari_new/system/View/View.php(230): include('/home/joyarico/...')
#2 /home/joyarico/public_html/joyari_new/system/View/View.php(232): CodeIgniter\View\View->CodeIgniter\View\{closure}()
#3 /home/joyarico/public_html/joyari_new/system/View/View.php(487): CodeIgniter\View\View->render('frontend/partia...', NULL, true)
#4 /home/joyarico/public_html/joyari_new/app/Views/frontend/pages/index.php(10): CodeIgniter\View\View->include('frontend/partia...')
#5 /home/joyarico/public_html/joyari_new/system/View/View.php(230): include('/home/joyarico/...')
#6 /home/joyarico/public_html/joyari_new/system/View/View.php(232): CodeIgniter\View\View->CodeIgniter\View\{closure}()
#7 /home/joyarico/public_html/joyari_new/system/Common.php(1271): CodeIgniter\View\View->render('frontend/pages/...', Array, true)
#8 /home/joyarico/public_html/joyari_new/app/Controllers/Home.php(15): view('frontend/pages/...', Array)
#9 /home/joyarico/public_html/joyari_new/system/CodeIgniter.php(931): App\Controllers\Home->index()
#10 /home/joyarico/public_html/joyari_new/system/CodeIgniter.php(439): CodeIgniter\CodeIgniter->runController(Object(App\Controllers\Home))
#11 /home/joyarico/public_html/joyari_new/system/CodeIgniter.php(339): CodeIgniter\CodeIgniter->handleRequest(NULL, Object(Config\Cache), false)
#12 /home/joyarico/public_html/joyari_new/index.php(44): CodeIgniter\CodeIgniter->run()
#13 {main}
CRITICAL - 2021-12-01 17:18:13 --> Undefined variable: wishlist_count
#0 /home/joyarico/public_html/joyari_new/app/Views/frontend/partial/menu.php(200): CodeIgniter\Debug\Exceptions->errorHandler(8, 'Undefined varia...', '/home/joyarico/...', 200, Array)
#1 /home/joyarico/public_html/joyari_new/system/View/View.php(230): include('/home/joyarico/...')
#2 /home/joyarico/public_html/joyari_new/system/View/View.php(232): CodeIgniter\View\View->CodeIgniter\View\{closure}()
#3 /home/joyarico/public_html/joyari_new/system/View/View.php(487): CodeIgniter\View\View->render('frontend/partia...', NULL, true)
#4 /home/joyarico/public_html/joyari_new/app/Views/frontend/pages/index.php(10): CodeIgniter\View\View->include('frontend/partia...')
#5 /home/joyarico/public_html/joyari_new/system/View/View.php(230): include('/home/joyarico/...')
#6 /home/joyarico/public_html/joyari_new/system/View/View.php(232): CodeIgniter\View\View->CodeIgniter\View\{closure}()
#7 /home/joyarico/public_html/joyari_new/system/Common.php(1271): CodeIgniter\View\View->render('frontend/pages/...', Array, true)
#8 /home/joyarico/public_html/joyari_new/app/Controllers/Home.php(15): view('frontend/pages/...', Array)
#9 /home/joyarico/public_html/joyari_new/system/CodeIgniter.php(931): App\Controllers\Home->index()
#10 /home/joyarico/public_html/joyari_new/system/CodeIgniter.php(439): CodeIgniter\CodeIgniter->runController(Object(App\Controllers\Home))
#11 /home/joyarico/public_html/joyari_new/system/CodeIgniter.php(339): CodeIgniter\CodeIgniter->handleRequest(NULL, Object(Config\Cache), false)
#12 /home/joyarico/public_html/joyari_new/index.php(44): CodeIgniter\CodeIgniter->run()
#13 {main}
CRITICAL - 2021-12-01 17:18:32 --> Undefined variable: homeslides
#0 /home/joyarico/public_html/joyari_new/app/Views/frontend/pages/index.php(15): CodeIgniter\Debug\Exceptions->errorHandler(8, 'Undefined varia...', '/home/joyarico/...', 15, Array)
#1 /home/joyarico/public_html/joyari_new/system/View/View.php(230): include('/home/joyarico/...')
#2 /home/joyarico/public_html/joyari_new/system/View/View.php(232): CodeIgniter\View\View->CodeIgniter\View\{closure}()
#3 /home/joyarico/public_html/joyari_new/system/Common.php(1271): CodeIgniter\View\View->render('frontend/pages/...', Array, true)
#4 /home/joyarico/public_html/joyari_new/app/Controllers/Home.php(15): view('frontend/pages/...', Array)
#5 /home/joyarico/public_html/joyari_new/system/CodeIgniter.php(931): App\Controllers\Home->index()
#6 /home/joyarico/public_html/joyari_new/system/CodeIgniter.php(439): CodeIgniter\CodeIgniter->runController(Object(App\Controllers\Home))
#7 /home/joyarico/public_html/joyari_new/system/CodeIgniter.php(339): CodeIgniter\CodeIgniter->handleRequest(NULL, Object(Config\Cache), false)
#8 /home/joyarico/public_html/joyari_new/index.php(44): CodeIgniter\CodeIgniter->run()
#9 {main}
CRITICAL - 2021-12-01 17:20:47 --> Undefined variable: category
#0 /home/joyarico/public_html/joyari_new/app/Views/frontend/pages/index.php(26): CodeIgniter\Debug\Exceptions->errorHandler(8, 'Undefined varia...', '/home/joyarico/...', 26, Array)
#1 /home/joyarico/public_html/joyari_new/system/View/View.php(230): include('/home/joyarico/...')
#2 /home/joyarico/public_html/joyari_new/system/View/View.php(232): CodeIgniter\View\View->CodeIgniter\View\{closure}()
#3 /home/joyarico/public_html/joyari_new/system/Common.php(1271): CodeIgniter\View\View->render('frontend/pages/...', Array, true)
#4 /home/joyarico/public_html/joyari_new/app/Controllers/Home.php(15): view('frontend/pages/...', Array)
#5 /home/joyarico/public_html/joyari_new/system/CodeIgniter.php(931): App\Controllers\Home->index()
#6 /home/joyarico/public_html/joyari_new/system/CodeIgniter.php(439): CodeIgniter\CodeIgniter->runController(Object(App\Controllers\Home))
#7 /home/joyarico/public_html/joyari_new/system/CodeIgniter.php(339): CodeIgniter\CodeIgniter->handleRequest(NULL, Object(Config\Cache), false)
#8 /home/joyarico/public_html/joyari_new/index.php(44): CodeIgniter\CodeIgniter->run()
#9 {main}
CRITICAL - 2021-12-01 17:21:16 --> Unknown column 'display_order' in 'order clause'
#0 /home/joyarico/public_html/joyari_new/system/Database/MySQLi/Connection.php(329): mysqli->query('select * from c...')
#1 /home/joyarico/public_html/joyari_new/system/Database/BaseConnection.php(732): CodeIgniter\Database\MySQLi\Connection->execute('select * from c...')
#2 /home/joyarico/public_html/joyari_new/system/Database/BaseConnection.php(647): CodeIgniter\Database\BaseConnection->simpleQuery('select * from c...')
#3 /home/joyarico/public_html/joyari_new/app/Controllers/Home.php(13): CodeIgniter\Database\BaseConnection->query('select * from c...')
#4 /home/joyarico/public_html/joyari_new/system/CodeIgniter.php(931): App\Controllers\Home->index()
#5 /home/joyarico/public_html/joyari_new/system/CodeIgniter.php(439): CodeIgniter\CodeIgniter->runController(Object(App\Controllers\Home))
#6 /home/joyarico/public_html/joyari_new/system/CodeIgniter.php(339): CodeIgniter\CodeIgniter->handleRequest(NULL, Object(Config\Cache), false)
#7 /home/joyarico/public_html/joyari_new/index.php(44): CodeIgniter\CodeIgniter->run()
#8 {main}
CRITICAL - 2021-12-01 17:22:14 --> Undefined variable: category
#0 /home/joyarico/public_html/joyari_new/app/Views/frontend/pages/index.php(26): CodeIgniter\Debug\Exceptions->errorHandler(8, 'Undefined varia...', '/home/joyarico/...', 26, Array)
#1 /home/joyarico/public_html/joyari_new/system/View/View.php(230): include('/home/joyarico/...')
#2 /home/joyarico/public_html/joyari_new/system/View/View.php(232): CodeIgniter\View\View->CodeIgniter\View\{closure}()
#3 /home/joyarico/public_html/joyari_new/system/Common.php(1271): CodeIgniter\View\View->render('frontend/pages/...', Array, true)
#4 /home/joyarico/public_html/joyari_new/app/Controllers/Home.php(15): view('frontend/pages/...', Array)
#5 /home/joyarico/public_html/joyari_new/system/CodeIgniter.php(931): App\Controllers\Home->index()
#6 /home/joyarico/public_html/joyari_new/system/CodeIgniter.php(439): CodeIgniter\CodeIgniter->runController(Object(App\Controllers\Home))
#7 /home/joyarico/public_html/joyari_new/system/CodeIgniter.php(339): CodeIgniter\CodeIgniter->handleRequest(NULL, Object(Config\Cache), false)
#8 /home/joyarico/public_html/joyari_new/index.php(44): CodeIgniter\CodeIgniter->run()
#9 {main}
CRITICAL - 2021-12-01 17:22:29 --> Undefined variable: collections
#0 /home/joyarico/public_html/joyari_new/app/Views/frontend/pages/index.php(67): CodeIgniter\Debug\Exceptions->errorHandler(8, 'Undefined varia...', '/home/joyarico/...', 67, Array)
#1 /home/joyarico/public_html/joyari_new/system/View/View.php(230): include('/home/joyarico/...')
#2 /home/joyarico/public_html/joyari_new/system/View/View.php(232): CodeIgniter\View\View->CodeIgniter\View\{closure}()
#3 /home/joyarico/public_html/joyari_new/system/Common.php(1271): CodeIgniter\View\View->render('frontend/pages/...', Array, true)
#4 /home/joyarico/public_html/joyari_new/app/Controllers/Home.php(15): view('frontend/pages/...', Array)
#5 /home/joyarico/public_html/joyari_new/system/CodeIgniter.php(931): App\Controllers\Home->index()
#6 /home/joyarico/public_html/joyari_new/system/CodeIgniter.php(439): CodeIgniter\CodeIgniter->runController(Object(App\Controllers\Home))
#7 /home/joyarico/public_html/joyari_new/system/CodeIgniter.php(339): CodeIgniter\CodeIgniter->handleRequest(NULL, Object(Config\Cache), false)
#8 /home/joyarico/public_html/joyari_new/index.php(44): CodeIgniter\CodeIgniter->run()
#9 {main}
CRITICAL - 2021-12-01 17:23:24 --> Undefined variable: mproduct
#0 /home/joyarico/public_html/joyari_new/app/Views/frontend/pages/index.php(182): CodeIgniter\Debug\Exceptions->errorHandler(8, 'Undefined varia...', '/home/joyarico/...', 182, Array)
#1 /home/joyarico/public_html/joyari_new/system/View/View.php(230): include('/home/joyarico/...')
#2 /home/joyarico/public_html/joyari_new/system/View/View.php(232): CodeIgniter\View\View->CodeIgniter\View\{closure}()
#3 /home/joyarico/public_html/joyari_new/system/Common.php(1271): CodeIgniter\View\View->render('frontend/pages/...', Array, true)
#4 /home/joyarico/public_html/joyari_new/app/Controllers/Home.php(15): view('frontend/pages/...', Array)
#5 /home/joyarico/public_html/joyari_new/system/CodeIgniter.php(931): App\Controllers\Home->index()
#6 /home/joyarico/public_html/joyari_new/system/CodeIgniter.php(439): CodeIgniter\CodeIgniter->runController(Object(App\Controllers\Home))
#7 /home/joyarico/public_html/joyari_new/system/CodeIgniter.php(339): CodeIgniter\CodeIgniter->handleRequest(NULL, Object(Config\Cache), false)
#8 /home/joyarico/public_html/joyari_new/index.php(44): CodeIgniter\CodeIgniter->run()
#9 {main}
CRITICAL - 2021-12-01 17:24:01 --> Unknown column 'is_home' in 'where clause'
#0 /home/joyarico/public_html/joyari_new/system/Database/MySQLi/Connection.php(329): mysqli->query('select * from p...')
#1 /home/joyarico/public_html/joyari_new/system/Database/BaseConnection.php(732): CodeIgniter\Database\MySQLi\Connection->execute('select * from p...')
#2 /home/joyarico/public_html/joyari_new/system/Database/BaseConnection.php(647): CodeIgniter\Database\BaseConnection->simpleQuery('select * from p...')
#3 /home/joyarico/public_html/joyari_new/app/Controllers/Home.php(13): CodeIgniter\Database\BaseConnection->query('select * from p...')
#4 /home/joyarico/public_html/joyari_new/system/CodeIgniter.php(931): App\Controllers\Home->index()
#5 /home/joyarico/public_html/joyari_new/system/CodeIgniter.php(439): CodeIgniter\CodeIgniter->runController(Object(App\Controllers\Home))
#6 /home/joyarico/public_html/joyari_new/system/CodeIgniter.php(339): CodeIgniter\CodeIgniter->handleRequest(NULL, Object(Config\Cache), false)
#7 /home/joyarico/public_html/joyari_new/index.php(44): CodeIgniter\CodeIgniter->run()
#8 {main}
CRITICAL - 2021-12-01 17:24:29 --> Undefined variable: mproduct
#0 /home/joyarico/public_html/joyari_new/app/Views/frontend/pages/index.php(182): CodeIgniter\Debug\Exceptions->errorHandler(8, 'Undefined varia...', '/home/joyarico/...', 182, Array)
#1 /home/joyarico/public_html/joyari_new/system/View/View.php(230): include('/home/joyarico/...')
#2 /home/joyarico/public_html/joyari_new/system/View/View.php(232): CodeIgniter\View\View->CodeIgniter\View\{closure}()
#3 /home/joyarico/public_html/joyari_new/system/Common.php(1271): CodeIgniter\View\View->render('frontend/pages/...', Array, true)
#4 /home/joyarico/public_html/joyari_new/app/Controllers/Home.php(16): view('frontend/pages/...', Array)
#5 /home/joyarico/public_html/joyari_new/system/CodeIgniter.php(931): App\Controllers\Home->index()
#6 /home/joyarico/public_html/joyari_new/system/CodeIgniter.php(439): CodeIgniter\CodeIgniter->runController(Object(App\Controllers\Home))
#7 /home/joyarico/public_html/joyari_new/system/CodeIgniter.php(339): CodeIgniter\CodeIgniter->handleRequest(NULL, Object(Config\Cache), false)
#8 /home/joyarico/public_html/joyari_new/index.php(44): CodeIgniter\CodeIgniter->run()
#9 {main}
CRITICAL - 2021-12-01 17:24:44 --> Trying to get property 'video' of non-object
#0 /home/joyarico/public_html/joyari_new/app/Views/frontend/pages/index.php(183): CodeIgniter\Debug\Exceptions->errorHandler(8, 'Trying to get p...', '/home/joyarico/...', 183, Array)
#1 /home/joyarico/public_html/joyari_new/system/View/View.php(230): include('/home/joyarico/...')
#2 /home/joyarico/public_html/joyari_new/system/View/View.php(232): CodeIgniter\View\View->CodeIgniter\View\{closure}()
#3 /home/joyarico/public_html/joyari_new/system/Common.php(1271): CodeIgniter\View\View->render('frontend/pages/...', Array, true)
#4 /home/joyarico/public_html/joyari_new/app/Controllers/Home.php(16): view('frontend/pages/...', Array)
#5 /home/joyarico/public_html/joyari_new/system/CodeIgniter.php(931): App\Controllers\Home->index()
#6 /home/joyarico/public_html/joyari_new/system/CodeIgniter.php(439): CodeIgniter\CodeIgniter->runController(Object(App\Controllers\Home))
#7 /home/joyarico/public_html/joyari_new/system/CodeIgniter.php(339): CodeIgniter\CodeIgniter->handleRequest(NULL, Object(Config\Cache), false)
#8 /home/joyarico/public_html/joyari_new/index.php(44): CodeIgniter\CodeIgniter->run()
#9 {main}
CRITICAL - 2021-12-01 17:26:59 --> Trying to get property 'first_name' of non-object
#0 /home/joyarico/public_html/joyari_new/app/Views/frontend/pages/index.php(197): CodeIgniter\Debug\Exceptions->errorHandler(8, 'Trying to get p...', '/home/joyarico/...', 197, Array)
#1 /home/joyarico/public_html/joyari_new/system/View/View.php(230): include('/home/joyarico/...')
#2 /home/joyarico/public_html/joyari_new/system/View/View.php(232): CodeIgniter\View\View->CodeIgniter\View\{closure}()
#3 /home/joyarico/public_html/joyari_new/system/Common.php(1271): CodeIgniter\View\View->render('frontend/pages/...', Array, true)
#4 /home/joyarico/public_html/joyari_new/app/Controllers/Home.php(16): view('frontend/pages/...', Array)
#5 /home/joyarico/public_html/joyari_new/system/CodeIgniter.php(931): App\Controllers\Home->index()
#6 /home/joyarico/public_html/joyari_new/system/CodeIgniter.php(439): CodeIgniter\CodeIgniter->runController(Object(App\Controllers\Home))
#7 /home/joyarico/public_html/joyari_new/system/CodeIgniter.php(339): CodeIgniter\CodeIgniter->handleRequest(NULL, Object(Config\Cache), false)
#8 /home/joyarico/public_html/joyari_new/index.php(44): CodeIgniter\CodeIgniter->run()
#9 {main}
CRITICAL - 2021-12-01 18:13:00 --> Undefined offset: 0
#0 /home/joyarico/public_html/joyari_new/app/Controllers/Categories.php(43): CodeIgniter\Debug\Exceptions->errorHandler(8, 'Undefined offse...', '/home/joyarico/...', 43, Array)
#1 /home/joyarico/public_html/joyari_new/system/CodeIgniter.php(931): App\Controllers\Categories->products('rings')
#2 /home/joyarico/public_html/joyari_new/system/CodeIgniter.php(439): CodeIgniter\CodeIgniter->runController(Object(App\Controllers\Categories))
#3 /home/joyarico/public_html/joyari_new/system/CodeIgniter.php(339): CodeIgniter\CodeIgniter->handleRequest(NULL, Object(Config\Cache), false)
#4 /home/joyarico/public_html/joyari_new/index.php(44): CodeIgniter\CodeIgniter->run()
#5 {main}
CRITICAL - 2021-12-01 18:14:52 --> Unknown column 'category_id' in 'where clause'
#0 /home/joyarico/public_html/joyari_new/system/Database/MySQLi/Connection.php(329): mysqli->query('select * from p...')
#1 /home/joyarico/public_html/joyari_new/system/Database/BaseConnection.php(732): CodeIgniter\Database\MySQLi\Connection->execute('select * from p...')
#2 /home/joyarico/public_html/joyari_new/system/Database/BaseConnection.php(647): CodeIgniter\Database\BaseConnection->simpleQuery('select * from p...')
#3 /home/joyarico/public_html/joyari_new/app/Controllers/Categories.php(45): CodeIgniter\Database\BaseConnection->query('select * from p...')
#4 /home/joyarico/public_html/joyari_new/system/CodeIgniter.php(931): App\Controllers\Categories->products('diamond-rings')
#5 /home/joyarico/public_html/joyari_new/system/CodeIgniter.php(439): CodeIgniter\CodeIgniter->runController(Object(App\Controllers\Categories))
#6 /home/joyarico/public_html/joyari_new/system/CodeIgniter.php(339): CodeIgniter\CodeIgniter->handleRequest(NULL, Object(Config\Cache), false)
#7 /home/joyarico/public_html/joyari_new/index.php(44): CodeIgniter\CodeIgniter->run()
#8 {main}
CRITICAL - 2021-12-01 18:15:35 --> Undefined index: meta_tag
#0 /home/joyarico/public_html/joyari_new/app/Controllers/Categories.php(56): CodeIgniter\Debug\Exceptions->errorHandler(8, 'Undefined index...', '/home/joyarico/...', 56, Array)
#1 /home/joyarico/public_html/joyari_new/system/CodeIgniter.php(931): App\Controllers\Categories->products('diamond-rings')
#2 /home/joyarico/public_html/joyari_new/system/CodeIgniter.php(439): CodeIgniter\CodeIgniter->runController(Object(App\Controllers\Categories))
#3 /home/joyarico/public_html/joyari_new/system/CodeIgniter.php(339): CodeIgniter\CodeIgniter->handleRequest(NULL, Object(Config\Cache), false)
#4 /home/joyarico/public_html/joyari_new/index.php(44): CodeIgniter\CodeIgniter->run()
#5 {main}
CRITICAL - 2021-12-01 18:16:02 --> Invalid file: {0}
#0 /home/joyarico/public_html/joyari_new/system/View/View.php(213): CodeIgniter\Exceptions\FrameworkException::forInvalidFile('frontend/pages/...')
#1 /home/joyarico/public_html/joyari_new/system/Common.php(1271): CodeIgniter\View\View->render('frontend/pages/...', Array, true)
#2 /home/joyarico/public_html/joyari_new/app/Controllers/Categories.php(59): view('frontend/pages/...', Array)
#3 /home/joyarico/public_html/joyari_new/system/CodeIgniter.php(931): App\Controllers\Categories->products('diamond-rings')
#4 /home/joyarico/public_html/joyari_new/system/CodeIgniter.php(439): CodeIgniter\CodeIgniter->runController(Object(App\Controllers\Categories))
#5 /home/joyarico/public_html/joyari_new/system/CodeIgniter.php(339): CodeIgniter\CodeIgniter->handleRequest(NULL, Object(Config\Cache), false)
#6 /home/joyarico/public_html/joyari_new/index.php(44): CodeIgniter\CodeIgniter->run()
#7 {main}
CRITICAL - 2021-12-01 18:18:07 --> Invalid file: {0}
#0 /home/joyarico/public_html/joyari_new/system/View/View.php(213): CodeIgniter\Exceptions\FrameworkException::forInvalidFile('frontend/pages/...')
#1 /home/joyarico/public_html/joyari_new/system/Common.php(1271): CodeIgniter\View\View->render('frontend/pages/...', Array, true)
#2 /home/joyarico/public_html/joyari_new/app/Controllers/Categories.php(59): view('frontend/pages/...', Array)
#3 /home/joyarico/public_html/joyari_new/system/CodeIgniter.php(931): App\Controllers\Categories->products('diamond-rings')
#4 /home/joyarico/public_html/joyari_new/system/CodeIgniter.php(439): CodeIgniter\CodeIgniter->runController(Object(App\Controllers\Categories))
#5 /home/joyarico/public_html/joyari_new/system/CodeIgniter.php(339): CodeIgniter\CodeIgniter->handleRequest(NULL, Object(Config\Cache), false)
#6 /home/joyarico/public_html/joyari_new/index.php(44): CodeIgniter\CodeIgniter->run()
#7 {main}
CRITICAL - 2021-12-01 18:18:46 --> Invalid file: {0}
#0 /home/joyarico/public_html/joyari_new/system/View/View.php(213): CodeIgniter\Exceptions\FrameworkException::forInvalidFile('frontend/pages/...')
#1 /home/joyarico/public_html/joyari_new/system/Common.php(1271): CodeIgniter\View\View->render('frontend/pages/...', Array, true)
#2 /home/joyarico/public_html/joyari_new/app/Controllers/Categories.php(59): view('frontend/pages/...', Array)
#3 /home/joyarico/public_html/joyari_new/system/CodeIgniter.php(931): App\Controllers\Categories->products('diamond-rings')
#4 /home/joyarico/public_html/joyari_new/system/CodeIgniter.php(439): CodeIgniter\CodeIgniter->runController(Object(App\Controllers\Categories))
#5 /home/joyarico/public_html/joyari_new/system/CodeIgniter.php(339): CodeIgniter\CodeIgniter->handleRequest(NULL, Object(Config\Cache), false)
#6 /home/joyarico/public_html/joyari_new/index.php(44): CodeIgniter\CodeIgniter->run()
#7 {main}
CRITICAL - 2021-12-01 18:18:55 --> Invalid file: {0}
#0 /home/joyarico/public_html/joyari_new/system/View/View.php(213): CodeIgniter\Exceptions\FrameworkException::forInvalidFile('frontend/pages/...')
#1 /home/joyarico/public_html/joyari_new/system/Common.php(1271): CodeIgniter\View\View->render('frontend/pages/...', Array, true)
#2 /home/joyarico/public_html/joyari_new/app/Controllers/Categories.php(59): view('frontend/pages/...', Array)
#3 /home/joyarico/public_html/joyari_new/system/CodeIgniter.php(931): App\Controllers\Categories->products('diamond-rings')
#4 /home/joyarico/public_html/joyari_new/system/CodeIgniter.php(439): CodeIgniter\CodeIgniter->runController(Object(App\Controllers\Categories))
#5 /home/joyarico/public_html/joyari_new/system/CodeIgniter.php(339): CodeIgniter\CodeIgniter->handleRequest(NULL, Object(Config\Cache), false)
#6 /home/joyarico/public_html/joyari_new/index.php(44): CodeIgniter\CodeIgniter->run()
#7 {main}
CRITICAL - 2021-12-01 18:19:38 --> Undefined offset: 0
#0 /home/joyarico/public_html/joyari_new/app/Controllers/Categories.php(44): CodeIgniter\Debug\Exceptions->errorHandler(8, 'Undefined offse...', '/home/joyarico/...', 44, Array)
#1 /home/joyarico/public_html/joyari_new/system/CodeIgniter.php(931): App\Controllers\Categories->products('products', 'diamond-rings')
#2 /home/joyarico/public_html/joyari_new/system/CodeIgniter.php(439): CodeIgniter\CodeIgniter->runController(Object(App\Controllers\Categories))
#3 /home/joyarico/public_html/joyari_new/system/CodeIgniter.php(339): CodeIgniter\CodeIgniter->handleRequest(NULL, Object(Config\Cache), false)
#4 /home/joyarico/public_html/joyari_new/index.php(44): CodeIgniter\CodeIgniter->run()
#5 {main}
CRITICAL - 2021-12-01 18:22:44 --> Undefined variable: siteconfiguration
#0 /home/joyarico/public_html/joyari_new/app/Views/frontend/partial/footer.php(30): CodeIgniter\Debug\Exceptions->errorHandler(8, 'Undefined varia...', '/home/joyarico/...', 30, Array)
#1 /home/joyarico/public_html/joyari_new/system/View/View.php(230): include('/home/joyarico/...')
#2 /home/joyarico/public_html/joyari_new/system/View/View.php(232): CodeIgniter\View\View->CodeIgniter\View\{closure}()
#3 /home/joyarico/public_html/joyari_new/system/View/View.php(487): CodeIgniter\View\View->render('frontend/partia...', NULL, true)
#4 /home/joyarico/public_html/joyari_new/app/Views/frontend/pages/index.php(374): CodeIgniter\View\View->include('frontend/partia...')
#5 /home/joyarico/public_html/joyari_new/system/View/View.php(230): include('/home/joyarico/...')
#6 /home/joyarico/public_html/joyari_new/system/View/View.php(232): CodeIgniter\View\View->CodeIgniter\View\{closure}()
#7 /home/joyarico/public_html/joyari_new/system/Common.php(1271): CodeIgniter\View\View->render('frontend/pages/...', Array, true)
#8 /home/joyarico/public_html/joyari_new/app/Controllers/Home.php(16): view('frontend/pages/...', Array)
#9 /home/joyarico/public_html/joyari_new/system/CodeIgniter.php(931): App\Controllers\Home->index()
#10 /home/joyarico/public_html/joyari_new/system/CodeIgniter.php(439): CodeIgniter\CodeIgniter->runController(Object(App\Controllers\Home))
#11 /home/joyarico/public_html/joyari_new/system/CodeIgniter.php(339): CodeIgniter\CodeIgniter->handleRequest(NULL, Object(Config\Cache), false)
#12 /home/joyarico/public_html/joyari_new/index.php(44): CodeIgniter\CodeIgniter->run()
#13 {main}
CRITICAL - 2021-12-01 18:56:23 --> Undefined variable: request
#0 /home/joyarico/public_html/joyari_new/app/Views/frontend/pages/categories/product_list.php(38): CodeIgniter\Debug\Exceptions->errorHandler(8, 'Undefined varia...', '/home/joyarico/...', 38, Array)
#1 /home/joyarico/public_html/joyari_new/system/View/View.php(230): include('/home/joyarico/...')
#2 /home/joyarico/public_html/joyari_new/system/View/View.php(232): CodeIgniter\View\View->CodeIgniter\View\{closure}()
#3 /home/joyarico/public_html/joyari_new/system/Common.php(1271): CodeIgniter\View\View->render('frontend/pages/...', Array, true)
#4 /home/joyarico/public_html/joyari_new/app/Controllers/Categories.php(59): view('frontend/pages/...', Array)
#5 /home/joyarico/public_html/joyari_new/system/CodeIgniter.php(931): App\Controllers\Categories->products('diamond-rings')
#6 /home/joyarico/public_html/joyari_new/system/CodeIgniter.php(439): CodeIgniter\CodeIgniter->runController(Object(App\Controllers\Categories))
#7 /home/joyarico/public_html/joyari_new/system/CodeIgniter.php(339): CodeIgniter\CodeIgniter->handleRequest(NULL, Object(Config\Cache), false)
#8 /home/joyarico/public_html/joyari_new/index.php(44): CodeIgniter\CodeIgniter->run()
#9 {main}
CRITICAL - 2021-12-01 18:56:44 --> Undefined property: CodeIgniter\View\View::$uri
#0 /home/joyarico/public_html/joyari_new/app/Views/frontend/pages/categories/product_list.php(59): CodeIgniter\Debug\Exceptions->errorHandler(8, 'Undefined prope...', '/home/joyarico/...', 59, Array)
#1 /home/joyarico/public_html/joyari_new/system/View/View.php(230): include('/home/joyarico/...')
#2 /home/joyarico/public_html/joyari_new/system/View/View.php(232): CodeIgniter\View\View->CodeIgniter\View\{closure}()
#3 /home/joyarico/public_html/joyari_new/system/Common.php(1271): CodeIgniter\View\View->render('frontend/pages/...', Array, true)
#4 /home/joyarico/public_html/joyari_new/app/Controllers/Categories.php(59): view('frontend/pages/...', Array)
#5 /home/joyarico/public_html/joyari_new/system/CodeIgniter.php(931): App\Controllers\Categories->products('diamond-rings')
#6 /home/joyarico/public_html/joyari_new/system/CodeIgniter.php(439): CodeIgniter\CodeIgniter->runController(Object(App\Controllers\Categories))
#7 /home/joyarico/public_html/joyari_new/system/CodeIgniter.php(339): CodeIgniter\CodeIgniter->handleRequest(NULL, Object(Config\Cache), false)
#8 /home/joyarico/public_html/joyari_new/index.php(44): CodeIgniter\CodeIgniter->run()
#9 {main}
CRITICAL - 2021-12-01 18:57:17 --> Illegal string offset 'id'
#0 /home/joyarico/public_html/joyari_new/app/Views/frontend/pages/categories/product_list.php(99): CodeIgniter\Debug\Exceptions->errorHandler(2, 'Illegal string ...', '/home/joyarico/...', 99, Array)
#1 /home/joyarico/public_html/joyari_new/system/View/View.php(230): include('/home/joyarico/...')
#2 /home/joyarico/public_html/joyari_new/system/View/View.php(232): CodeIgniter\View\View->CodeIgniter\View\{closure}()
#3 /home/joyarico/public_html/joyari_new/system/Common.php(1271): CodeIgniter\View\View->render('frontend/pages/...', Array, true)
#4 /home/joyarico/public_html/joyari_new/app/Controllers/Categories.php(59): view('frontend/pages/...', Array)
#5 /home/joyarico/public_html/joyari_new/system/CodeIgniter.php(931): App\Controllers\Categories->products('diamond-rings')
#6 /home/joyarico/public_html/joyari_new/system/CodeIgniter.php(439): CodeIgniter\CodeIgniter->runController(Object(App\Controllers\Categories))
#7 /home/joyarico/public_html/joyari_new/system/CodeIgniter.php(339): CodeIgniter\CodeIgniter->handleRequest(NULL, Object(Config\Cache), false)
#8 /home/joyarico/public_html/joyari_new/index.php(44): CodeIgniter\CodeIgniter->run()
#9 {main}
CRITICAL - 2021-12-01 18:58:24 --> Undefined property: CodeIgniter\View\View::$load
#0 /home/joyarico/public_html/joyari_new/app/Views/frontend/pages/categories/product_list.php(152): CodeIgniter\Debug\Exceptions->errorHandler(8, 'Undefined prope...', '/home/joyarico/...', 152, Array)
#1 /home/joyarico/public_html/joyari_new/system/View/View.php(230): include('/home/joyarico/...')
#2 /home/joyarico/public_html/joyari_new/system/View/View.php(232): CodeIgniter\View\View->CodeIgniter\View\{closure}()
#3 /home/joyarico/public_html/joyari_new/system/Common.php(1271): CodeIgniter\View\View->render('frontend/pages/...', Array, true)
#4 /home/joyarico/public_html/joyari_new/app/Controllers/Categories.php(59): view('frontend/pages/...', Array)
#5 /home/joyarico/public_html/joyari_new/system/CodeIgniter.php(931): App\Controllers\Categories->products('diamond-rings')
#6 /home/joyarico/public_html/joyari_new/system/CodeIgniter.php(439): CodeIgniter\CodeIgniter->runController(Object(App\Controllers\Categories))
#7 /home/joyarico/public_html/joyari_new/system/CodeIgniter.php(339): CodeIgniter\CodeIgniter->handleRequest(NULL, Object(Config\Cache), false)
#8 /home/joyarico/public_html/joyari_new/index.php(44): CodeIgniter\CodeIgniter->run()
#9 {main}
CRITICAL - 2021-12-01 18:58:47 --> Trying to get property 'id' of non-object
#0 /home/joyarico/public_html/joyari_new/app/Views/frontend/pages/categories/product_list.php(202): CodeIgniter\Debug\Exceptions->errorHandler(8, 'Trying to get p...', '/home/joyarico/...', 202, Array)
#1 /home/joyarico/public_html/joyari_new/system/View/View.php(230): include('/home/joyarico/...')
#2 /home/joyarico/public_html/joyari_new/system/View/View.php(232): CodeIgniter\View\View->CodeIgniter\View\{closure}()
#3 /home/joyarico/public_html/joyari_new/system/Common.php(1271): CodeIgniter\View\View->render('frontend/pages/...', Array, true)
#4 /home/joyarico/public_html/joyari_new/app/Controllers/Categories.php(59): view('frontend/pages/...', Array)
#5 /home/joyarico/public_html/joyari_new/system/CodeIgniter.php(931): App\Controllers\Categories->products('diamond-rings')
#6 /home/joyarico/public_html/joyari_new/system/CodeIgniter.php(439): CodeIgniter\CodeIgniter->runController(Object(App\Controllers\Categories))
#7 /home/joyarico/public_html/joyari_new/system/CodeIgniter.php(339): CodeIgniter\CodeIgniter->handleRequest(NULL, Object(Config\Cache), false)
#8 /home/joyarico/public_html/joyari_new/index.php(44): CodeIgniter\CodeIgniter->run()
#9 {main}
CRITICAL - 2021-12-01 18:59:14 --> Trying to get property 'id' of non-object
#0 /home/joyarico/public_html/joyari_new/app/Views/frontend/pages/categories/product_list.php(202): CodeIgniter\Debug\Exceptions->errorHandler(8, 'Trying to get p...', '/home/joyarico/...', 202, Array)
#1 /home/joyarico/public_html/joyari_new/system/View/View.php(230): include('/home/joyarico/...')
#2 /home/joyarico/public_html/joyari_new/system/View/View.php(232): CodeIgniter\View\View->CodeIgniter\View\{closure}()
#3 /home/joyarico/public_html/joyari_new/system/Common.php(1271): CodeIgniter\View\View->render('frontend/pages/...', Array, true)
#4 /home/joyarico/public_html/joyari_new/app/Controllers/Categories.php(59): view('frontend/pages/...', Array)
#5 /home/joyarico/public_html/joyari_new/system/CodeIgniter.php(931): App\Controllers\Categories->products('diamond-rings')
#6 /home/joyarico/public_html/joyari_new/system/CodeIgniter.php(439): CodeIgniter\CodeIgniter->runController(Object(App\Controllers\Categories))
#7 /home/joyarico/public_html/joyari_new/system/CodeIgniter.php(339): CodeIgniter\CodeIgniter->handleRequest(NULL, Object(Config\Cache), false)
#8 /home/joyarico/public_html/joyari_new/index.php(44): CodeIgniter\CodeIgniter->run()
#9 {main}
CRITICAL - 2021-12-01 18:59:49 --> Undefined index: id
#0 /home/joyarico/public_html/joyari_new/app/Views/frontend/pages/categories/product_list.php(202): CodeIgniter\Debug\Exceptions->errorHandler(8, 'Undefined index...', '/home/joyarico/...', 202, Array)
#1 /home/joyarico/public_html/joyari_new/system/View/View.php(230): include('/home/joyarico/...')
#2 /home/joyarico/public_html/joyari_new/system/View/View.php(232): CodeIgniter\View\View->CodeIgniter\View\{closure}()
#3 /home/joyarico/public_html/joyari_new/system/Common.php(1271): CodeIgniter\View\View->render('frontend/pages/...', Array, true)
#4 /home/joyarico/public_html/joyari_new/app/Controllers/Categories.php(59): view('frontend/pages/...', Array)
#5 /home/joyarico/public_html/joyari_new/system/CodeIgniter.php(931): App\Controllers\Categories->products('diamond-rings')
#6 /home/joyarico/public_html/joyari_new/system/CodeIgniter.php(439): CodeIgniter\CodeIgniter->runController(Object(App\Controllers\Categories))
#7 /home/joyarico/public_html/joyari_new/system/CodeIgniter.php(339): CodeIgniter\CodeIgniter->handleRequest(NULL, Object(Config\Cache), false)
#8 /home/joyarico/public_html/joyari_new/index.php(44): CodeIgniter\CodeIgniter->run()
#9 {main}
CRITICAL - 2021-12-01 19:00:16 --> Undefined variable: count
#0 /home/joyarico/public_html/joyari_new/app/Views/frontend/pages/categories/product_list.php(276): CodeIgniter\Debug\Exceptions->errorHandler(8, 'Undefined varia...', '/home/joyarico/...', 276, Array)
#1 /home/joyarico/public_html/joyari_new/system/View/View.php(230): include('/home/joyarico/...')
#2 /home/joyarico/public_html/joyari_new/system/View/View.php(232): CodeIgniter\View\View->CodeIgniter\View\{closure}()
#3 /home/joyarico/public_html/joyari_new/system/Common.php(1271): CodeIgniter\View\View->render('frontend/pages/...', Array, true)
#4 /home/joyarico/public_html/joyari_new/app/Controllers/Categories.php(59): view('frontend/pages/...', Array)
#5 /home/joyarico/public_html/joyari_new/system/CodeIgniter.php(931): App\Controllers\Categories->products('diamond-rings')
#6 /home/joyarico/public_html/joyari_new/system/CodeIgniter.php(439): CodeIgniter\CodeIgniter->runController(Object(App\Controllers\Categories))
#7 /home/joyarico/public_html/joyari_new/system/CodeIgniter.php(339): CodeIgniter\CodeIgniter->handleRequest(NULL, Object(Config\Cache), false)
#8 /home/joyarico/public_html/joyari_new/index.php(44): CodeIgniter\CodeIgniter->run()
#9 {main}
CRITICAL - 2021-12-01 19:08:20 --> Invalid file: {0}
#0 /home/joyarico/public_html/joyari_new/system/View/View.php(213): CodeIgniter\Exceptions\FrameworkException::forInvalidFile('frontend/pages/...')
#1 /home/joyarico/public_html/joyari_new/system/Common.php(1271): CodeIgniter\View\View->render('frontend/pages/...', Array, true)
#2 /home/joyarico/public_html/joyari_new/app/Controllers/Products.php(47): view('frontend/pages/...', Array)
#3 /home/joyarico/public_html/joyari_new/system/CodeIgniter.php(931): App\Controllers\Products->productdetail('test')
#4 /home/joyarico/public_html/joyari_new/system/CodeIgniter.php(439): CodeIgniter\CodeIgniter->runController(Object(App\Controllers\Products))
#5 /home/joyarico/public_html/joyari_new/system/CodeIgniter.php(339): CodeIgniter\CodeIgniter->handleRequest(NULL, Object(Config\Cache), false)
#6 /home/joyarico/public_html/joyari_new/index.php(44): CodeIgniter\CodeIgniter->run()
#7 {main}
CRITICAL - 2021-12-01 19:11:26 --> Call to undefined method CodeIgniter\Database\MySQLi\Connection::where()
#0 /home/joyarico/public_html/joyari_new/system/View/View.php(230): include()
#1 /home/joyarico/public_html/joyari_new/system/View/View.php(232): CodeIgniter\View\View->CodeIgniter\View\{closure}()
#2 /home/joyarico/public_html/joyari_new/system/Common.php(1271): CodeIgniter\View\View->render('frontend/pages/...', Array, true)
#3 /home/joyarico/public_html/joyari_new/app/Controllers/Products.php(47): view('frontend/pages/...', Array)
#4 /home/joyarico/public_html/joyari_new/system/CodeIgniter.php(931): App\Controllers\Products->productdetail('test')
#5 /home/joyarico/public_html/joyari_new/system/CodeIgniter.php(439): CodeIgniter\CodeIgniter->runController(Object(App\Controllers\Products))
#6 /home/joyarico/public_html/joyari_new/system/CodeIgniter.php(339): CodeIgniter\CodeIgniter->handleRequest(NULL, Object(Config\Cache), false)
#7 /home/joyarico/public_html/joyari_new/index.php(44): CodeIgniter\CodeIgniter->run()
#8 {main}
CRITICAL - 2021-12-01 19:11:57 --> Undefined variable: record
#0 /home/joyarico/public_html/joyari_new/app/Views/frontend/pages/products/product_single.php(15): CodeIgniter\Debug\Exceptions->errorHandler(8, 'Undefined varia...', '/home/joyarico/...', 15, Array)
#1 /home/joyarico/public_html/joyari_new/system/View/View.php(230): include('/home/joyarico/...')
#2 /home/joyarico/public_html/joyari_new/system/View/View.php(232): CodeIgniter\View\View->CodeIgniter\View\{closure}()
#3 /home/joyarico/public_html/joyari_new/system/Common.php(1271): CodeIgniter\View\View->render('frontend/pages/...', Array, true)
#4 /home/joyarico/public_html/joyari_new/app/Controllers/Products.php(47): view('frontend/pages/...', Array)
#5 /home/joyarico/public_html/joyari_new/system/CodeIgniter.php(931): App\Controllers\Products->productdetail('test')
#6 /home/joyarico/public_html/joyari_new/system/CodeIgniter.php(439): CodeIgniter\CodeIgniter->runController(Object(App\Controllers\Products))
#7 /home/joyarico/public_html/joyari_new/system/CodeIgniter.php(339): CodeIgniter\CodeIgniter->handleRequest(NULL, Object(Config\Cache), false)
#8 /home/joyarico/public_html/joyari_new/index.php(44): CodeIgniter\CodeIgniter->run()
#9 {main}
CRITICAL - 2021-12-01 19:30:09 --> Undefined property: CodeIgniter\View\View::$uri
#0 /home/joyarico/public_html/joyari_new/app/Views/frontend/pages/products/product_single.php(37): CodeIgniter\Debug\Exceptions->errorHandler(8, 'Undefined prope...', '/home/joyarico/...', 37, Array)
#1 /home/joyarico/public_html/joyari_new/system/View/View.php(230): include('/home/joyarico/...')
#2 /home/joyarico/public_html/joyari_new/system/View/View.php(232): CodeIgniter\View\View->CodeIgniter\View\{closure}()
#3 /home/joyarico/public_html/joyari_new/system/Common.php(1271): CodeIgniter\View\View->render('frontend/pages/...', Array, true)
#4 /home/joyarico/public_html/joyari_new/app/Controllers/Products.php(47): view('frontend/pages/...', Array)
#5 /home/joyarico/public_html/joyari_new/system/CodeIgniter.php(931): App\Controllers\Products->productdetail('test')
#6 /home/joyarico/public_html/joyari_new/system/CodeIgniter.php(439): CodeIgniter\CodeIgniter->runController(Object(App\Controllers\Products))
#7 /home/joyarico/public_html/joyari_new/system/CodeIgniter.php(339): CodeIgniter\CodeIgniter->handleRequest(NULL, Object(Config\Cache), false)
#8 /home/joyarico/public_html/joyari_new/index.php(44): CodeIgniter\CodeIgniter->run()
#9 {main}
CRITICAL - 2021-12-01 19:30:29 --> Undefined variable: record
#0 /home/joyarico/public_html/joyari_new/app/Views/frontend/pages/products/product_single.php(54): CodeIgniter\Debug\Exceptions->errorHandler(8, 'Undefined varia...', '/home/joyarico/...', 54, Array)
#1 /home/joyarico/public_html/joyari_new/system/View/View.php(230): include('/home/joyarico/...')
#2 /home/joyarico/public_html/joyari_new/system/View/View.php(232): CodeIgniter\View\View->CodeIgniter\View\{closure}()
#3 /home/joyarico/public_html/joyari_new/system/Common.php(1271): CodeIgniter\View\View->render('frontend/pages/...', Array, true)
#4 /home/joyarico/public_html/joyari_new/app/Controllers/Products.php(47): view('frontend/pages/...', Array)
#5 /home/joyarico/public_html/joyari_new/system/CodeIgniter.php(931): App\Controllers\Products->productdetail('test')
#6 /home/joyarico/public_html/joyari_new/system/CodeIgniter.php(439): CodeIgniter\CodeIgniter->runController(Object(App\Controllers\Products))
#7 /home/joyarico/public_html/joyari_new/system/CodeIgniter.php(339): CodeIgniter\CodeIgniter->handleRequest(NULL, Object(Config\Cache), false)
#8 /home/joyarico/public_html/joyari_new/index.php(44): CodeIgniter\CodeIgniter->run()
#9 {main}
CRITICAL - 2021-12-01 19:42:37 --> Unknown column 'display_order' in 'order clause'
#0 /home/joyarico/public_html/joyari_new/system/Database/MySQLi/Connection.php(329): mysqli->query('select * from c...')
#1 /home/joyarico/public_html/joyari_new/system/Database/BaseConnection.php(732): CodeIgniter\Database\MySQLi\Connection->execute('select * from c...')
#2 /home/joyarico/public_html/joyari_new/system/Database/BaseConnection.php(647): CodeIgniter\Database\BaseConnection->simpleQuery('select * from c...')
#3 /home/joyarico/public_html/joyari_new/app/Controllers/Home.php(14): CodeIgniter\Database\BaseConnection->query('select * from c...')
#4 /home/joyarico/public_html/joyari_new/system/CodeIgniter.php(931): App\Controllers\Home->index()
#5 /home/joyarico/public_html/joyari_new/system/CodeIgniter.php(439): CodeIgniter\CodeIgniter->runController(Object(App\Controllers\Home))
#6 /home/joyarico/public_html/joyari_new/system/CodeIgniter.php(339): CodeIgniter\CodeIgniter->handleRequest(NULL, Object(Config\Cache), false)
#7 /home/joyarico/public_html/joyari_new/index.php(44): CodeIgniter\CodeIgniter->run()
#8 {main}
CRITICAL - 2021-12-01 19:43:16 --> Unknown column 'display_order' in 'order clause'
#0 /home/joyarico/public_html/joyari_new/system/Database/MySQLi/Connection.php(329): mysqli->query('select * from s...')
#1 /home/joyarico/public_html/joyari_new/system/Database/BaseConnection.php(732): CodeIgniter\Database\MySQLi\Connection->execute('select * from s...')
#2 /home/joyarico/public_html/joyari_new/system/Database/BaseConnection.php(647): CodeIgniter\Database\BaseConnection->simpleQuery('select * from s...')
#3 /home/joyarico/public_html/joyari_new/app/Controllers/Home.php(15): CodeIgniter\Database\BaseConnection->query('select * from s...')
#4 /home/joyarico/public_html/joyari_new/system/CodeIgniter.php(931): App\Controllers\Home->index()
#5 /home/joyarico/public_html/joyari_new/system/CodeIgniter.php(439): CodeIgniter\CodeIgniter->runController(Object(App\Controllers\Home))
#6 /home/joyarico/public_html/joyari_new/system/CodeIgniter.php(339): CodeIgniter\CodeIgniter->handleRequest(NULL, Object(Config\Cache), false)
#7 /home/joyarico/public_html/joyari_new/index.php(44): CodeIgniter\CodeIgniter->run()
#8 {main}
CRITICAL - 2021-12-01 19:43:45 --> Trying to get property 'image' of non-object
#0 /home/joyarico/public_html/joyari_new/app/Views/frontend/pages/index.php(17): CodeIgniter\Debug\Exceptions->errorHandler(8, 'Trying to get p...', '/home/joyarico/...', 17, Array)
#1 /home/joyarico/public_html/joyari_new/system/View/View.php(230): include('/home/joyarico/...')
#2 /home/joyarico/public_html/joyari_new/system/View/View.php(232): CodeIgniter\View\View->CodeIgniter\View\{closure}()
#3 /home/joyarico/public_html/joyari_new/system/Common.php(1271): CodeIgniter\View\View->render('frontend/pages/...', Array, true)
#4 /home/joyarico/public_html/joyari_new/app/Controllers/Home.php(16): view('frontend/pages/...', Array)
#5 /home/joyarico/public_html/joyari_new/system/CodeIgniter.php(931): App\Controllers\Home->index()
#6 /home/joyarico/public_html/joyari_new/system/CodeIgniter.php(439): CodeIgniter\CodeIgniter->runController(Object(App\Controllers\Home))
#7 /home/joyarico/public_html/joyari_new/system/CodeIgniter.php(339): CodeIgniter\CodeIgniter->handleRequest(NULL, Object(Config\Cache), false)
#8 /home/joyarico/public_html/joyari_new/index.php(44): CodeIgniter\CodeIgniter->run()
#9 {main}
CRITICAL - 2021-12-01 19:58:00 --> Call to undefined method CodeIgniter\Database\MySQLi\Result::result()
#0 /home/joyarico/public_html/joyari_new/system/CodeIgniter.php(931): App\Controllers\Home->index()
#1 /home/joyarico/public_html/joyari_new/system/CodeIgniter.php(439): CodeIgniter\CodeIgniter->runController(Object(App\Controllers\Home))
#2 /home/joyarico/public_html/joyari_new/system/CodeIgniter.php(339): CodeIgniter\CodeIgniter->handleRequest(NULL, Object(Config\Cache), false)
#3 /home/joyarico/public_html/joyari_new/index.php(44): CodeIgniter\CodeIgniter->run()
#4 {main}
CRITICAL - 2021-12-01 20:00:09 --> Trying to get property 'image' of non-object
#0 /home/joyarico/public_html/joyari_new/app/Views/frontend/pages/index.php(60): CodeIgniter\Debug\Exceptions->errorHandler(8, 'Trying to get p...', '/home/joyarico/...', 60, Array)
#1 /home/joyarico/public_html/joyari_new/system/View/View.php(230): include('/home/joyarico/...')
#2 /home/joyarico/public_html/joyari_new/system/View/View.php(232): CodeIgniter\View\View->CodeIgniter\View\{closure}()
#3 /home/joyarico/public_html/joyari_new/system/Common.php(1271): CodeIgniter\View\View->render('frontend/pages/...', Array, true)
#4 /home/joyarico/public_html/joyari_new/app/Controllers/Home.php(18): view('frontend/pages/...', Array)
#5 /home/joyarico/public_html/joyari_new/system/CodeIgniter.php(931): App\Controllers\Home->index()
#6 /home/joyarico/public_html/joyari_new/system/CodeIgniter.php(439): CodeIgniter\CodeIgniter->runController(Object(App\Controllers\Home))
#7 /home/joyarico/public_html/joyari_new/system/CodeIgniter.php(339): CodeIgniter\CodeIgniter->handleRequest(NULL, Object(Config\Cache), false)
#8 /home/joyarico/public_html/joyari_new/index.php(44): CodeIgniter\CodeIgniter->run()
#9 {main}
CRITICAL - 2021-12-01 20:03:43 --> Undefined variable: label
#0 /home/joyarico/public_html/joyari_new/app/Views/frontend/pages/index.php(81): CodeIgniter\Debug\Exceptions->errorHandler(8, 'Undefined varia...', '/home/joyarico/...', 81, Array)
#1 /home/joyarico/public_html/joyari_new/system/View/View.php(230): include('/home/joyarico/...')
#2 /home/joyarico/public_html/joyari_new/system/View/View.php(232): CodeIgniter\View\View->CodeIgniter\View\{closure}()
#3 /home/joyarico/public_html/joyari_new/system/Common.php(1271): CodeIgniter\View\View->render('frontend/pages/...', Array, true)
#4 /home/joyarico/public_html/joyari_new/app/Controllers/Home.php(18): view('frontend/pages/...', Array)
#5 /home/joyarico/public_html/joyari_new/system/CodeIgniter.php(931): App\Controllers\Home->index()
#6 /home/joyarico/public_html/joyari_new/system/CodeIgniter.php(439): CodeIgniter\CodeIgniter->runController(Object(App\Controllers\Home))
#7 /home/joyarico/public_html/joyari_new/system/CodeIgniter.php(339): CodeIgniter\CodeIgniter->handleRequest(NULL, Object(Config\Cache), false)
#8 /home/joyarico/public_html/joyari_new/index.php(44): CodeIgniter\CodeIgniter->run()
#9 {main}
CRITICAL - 2021-12-01 20:03:56 --> Undefined variable: label
#0 /home/joyarico/public_html/joyari_new/app/Views/frontend/pages/index.php(81): CodeIgniter\Debug\Exceptions->errorHandler(8, 'Undefined varia...', '/home/joyarico/...', 81, Array)
#1 /home/joyarico/public_html/joyari_new/system/View/View.php(230): include('/home/joyarico/...')
#2 /home/joyarico/public_html/joyari_new/system/View/View.php(232): CodeIgniter\View\View->CodeIgniter\View\{closure}()
#3 /home/joyarico/public_html/joyari_new/system/Common.php(1271): CodeIgniter\View\View->render('frontend/pages/...', Array, true)
#4 /home/joyarico/public_html/joyari_new/app/Controllers/Home.php(18): view('frontend/pages/...', Array)
#5 /home/joyarico/public_html/joyari_new/system/CodeIgniter.php(931): App\Controllers\Home->index()
#6 /home/joyarico/public_html/joyari_new/system/CodeIgniter.php(439): CodeIgniter\CodeIgniter->runController(Object(App\Controllers\Home))
#7 /home/joyarico/public_html/joyari_new/system/CodeIgniter.php(339): CodeIgniter\CodeIgniter->handleRequest(NULL, Object(Config\Cache), false)
#8 /home/joyarico/public_html/joyari_new/index.php(44): CodeIgniter\CodeIgniter->run()
#9 {main}
CRITICAL - 2021-12-01 20:08:01 --> Trying to get property 'alias' of non-object
#0 /home/joyarico/public_html/joyari_new/app/Views/frontend/pages/index.php(92): CodeIgniter\Debug\Exceptions->errorHandler(8, 'Trying to get p...', '/home/joyarico/...', 92, Array)
#1 /home/joyarico/public_html/joyari_new/system/View/View.php(230): include('/home/joyarico/...')
#2 /home/joyarico/public_html/joyari_new/system/View/View.php(232): CodeIgniter\View\View->CodeIgniter\View\{closure}()
#3 /home/joyarico/public_html/joyari_new/system/Common.php(1271): CodeIgniter\View\View->render('frontend/pages/...', Array, true)
#4 /home/joyarico/public_html/joyari_new/app/Controllers/Home.php(18): view('frontend/pages/...', Array)
#5 /home/joyarico/public_html/joyari_new/system/CodeIgniter.php(931): App\Controllers\Home->index()
#6 /home/joyarico/public_html/joyari_new/system/CodeIgniter.php(439): CodeIgniter\CodeIgniter->runController(Object(App\Controllers\Home))
#7 /home/joyarico/public_html/joyari_new/system/CodeIgniter.php(339): CodeIgniter\CodeIgniter->handleRequest(NULL, Object(Config\Cache), false)
#8 /home/joyarico/public_html/joyari_new/index.php(44): CodeIgniter\CodeIgniter->run()
#9 {main}
CRITICAL - 2021-12-01 20:08:46 --> Undefined index: meta_title
#0 /home/joyarico/public_html/joyari_new/app/Controllers/Categories.php(55): CodeIgniter\Debug\Exceptions->errorHandler(8, 'Undefined index...', '/home/joyarico/...', 55, Array)
#1 /home/joyarico/public_html/joyari_new/system/CodeIgniter.php(931): App\Controllers\Categories->products('love-collection')
#2 /home/joyarico/public_html/joyari_new/system/CodeIgniter.php(439): CodeIgniter\CodeIgniter->runController(Object(App\Controllers\Categories))
#3 /home/joyarico/public_html/joyari_new/system/CodeIgniter.php(339): CodeIgniter\CodeIgniter->handleRequest(NULL, Object(Config\Cache), false)
#4 /home/joyarico/public_html/joyari_new/public/index.php(45): CodeIgniter\CodeIgniter->run()
#5 {main}
CRITICAL - 2021-12-01 20:11:25 --> Invalid file: {0}
#0 /home/joyarico/public_html/joyari_new/system/View/View.php(213): CodeIgniter\Exceptions\FrameworkException::forInvalidFile('categories/prod...')
#1 /home/joyarico/public_html/joyari_new/system/Common.php(1271): CodeIgniter\View\View->render('categories/prod...', Array, true)
#2 /home/joyarico/public_html/joyari_new/app/Views/frontend/pages/categories/product_list.php(152): view('categories/prod...')
#3 /home/joyarico/public_html/joyari_new/system/View/View.php(230): include('/home/joyarico/...')
#4 /home/joyarico/public_html/joyari_new/system/View/View.php(232): CodeIgniter\View\View->CodeIgniter\View\{closure}()
#5 /home/joyarico/public_html/joyari_new/system/Common.php(1271): CodeIgniter\View\View->render('frontend/pages/...', Array, true)
#6 /home/joyarico/public_html/joyari_new/app/Controllers/Categories.php(59): view('frontend/pages/...', Array)
#7 /home/joyarico/public_html/joyari_new/system/CodeIgniter.php(931): App\Controllers\Categories->products('love-collection')
#8 /home/joyarico/public_html/joyari_new/system/CodeIgniter.php(439): CodeIgniter\CodeIgniter->runController(Object(App\Controllers\Categories))
#9 /home/joyarico/public_html/joyari_new/system/CodeIgniter.php(339): CodeIgniter\CodeIgniter->handleRequest(NULL, Object(Config\Cache), false)
#10 /home/joyarico/public_html/joyari_new/public/index.php(45): CodeIgniter\CodeIgniter->run()
#11 {main}
CRITICAL - 2021-12-01 20:11:50 --> Invalid file: {0}
#0 /home/joyarico/public_html/joyari_new/system/View/View.php(213): CodeIgniter\Exceptions\FrameworkException::forInvalidFile('categories/prod...')
#1 /home/joyarico/public_html/joyari_new/system/Common.php(1271): CodeIgniter\View\View->render('categories/prod...', Array, true)
#2 /home/joyarico/public_html/joyari_new/app/Views/frontend/pages/categories/product_list.php(152): view('categories/prod...')
#3 /home/joyarico/public_html/joyari_new/system/View/View.php(230): include('/home/joyarico/...')
#4 /home/joyarico/public_html/joyari_new/system/View/View.php(232): CodeIgniter\View\View->CodeIgniter\View\{closure}()
#5 /home/joyarico/public_html/joyari_new/system/Common.php(1271): CodeIgniter\View\View->render('frontend/pages/...', Array, true)
#6 /home/joyarico/public_html/joyari_new/app/Controllers/Categories.php(59): view('frontend/pages/...', Array)
#7 /home/joyarico/public_html/joyari_new/system/CodeIgniter.php(931): App\Controllers\Categories->products('love-collection')
#8 /home/joyarico/public_html/joyari_new/system/CodeIgniter.php(439): CodeIgniter\CodeIgniter->runController(Object(App\Controllers\Categories))
#9 /home/joyarico/public_html/joyari_new/system/CodeIgniter.php(339): CodeIgniter\CodeIgniter->handleRequest(NULL, Object(Config\Cache), false)
#10 /home/joyarico/public_html/joyari_new/public/index.php(45): CodeIgniter\CodeIgniter->run()
#11 {main}
CRITICAL - 2021-12-01 20:13:11 --> Invalid file: {0}
#0 /home/joyarico/public_html/joyari_new/system/View/View.php(213): CodeIgniter\Exceptions\FrameworkException::forInvalidFile('categories/prod...')
#1 /home/joyarico/public_html/joyari_new/system/Common.php(1271): CodeIgniter\View\View->render('categories/prod...', Array, true)
#2 /home/joyarico/public_html/joyari_new/app/Views/frontend/pages/categories/product_list.php(152): view('categories/prod...')
#3 /home/joyarico/public_html/joyari_new/system/View/View.php(230): include('/home/joyarico/...')
#4 /home/joyarico/public_html/joyari_new/system/View/View.php(232): CodeIgniter\View\View->CodeIgniter\View\{closure}()
#5 /home/joyarico/public_html/joyari_new/system/Common.php(1271): CodeIgniter\View\View->render('frontend/pages/...', Array, true)
#6 /home/joyarico/public_html/joyari_new/app/Controllers/Categories.php(59): view('frontend/pages/...', Array)
#7 /home/joyarico/public_html/joyari_new/system/CodeIgniter.php(931): App\Controllers\Categories->products('love-collection')
#8 /home/joyarico/public_html/joyari_new/system/CodeIgniter.php(439): CodeIgniter\CodeIgniter->runController(Object(App\Controllers\Categories))
#9 /home/joyarico/public_html/joyari_new/system/CodeIgniter.php(339): CodeIgniter\CodeIgniter->handleRequest(NULL, Object(Config\Cache), false)
#10 /home/joyarico/public_html/joyari_new/public/index.php(45): CodeIgniter\CodeIgniter->run()
#11 {main}
CRITICAL - 2021-12-01 20:14:48 --> Invalid file: {0}
#0 /home/joyarico/public_html/joyari_new/system/View/View.php(213): CodeIgniter\Exceptions\FrameworkException::forInvalidFile('categories/prod...')
#1 /home/joyarico/public_html/joyari_new/system/View/View.php(487): CodeIgniter\View\View->render('categories/prod...', NULL, true)
#2 /home/joyarico/public_html/joyari_new/app/Views/frontend/pages/categories/product_list.php(152): CodeIgniter\View\View->include('categories/prod...')
#3 /home/joyarico/public_html/joyari_new/system/View/View.php(230): include('/home/joyarico/...')
#4 /home/joyarico/public_html/joyari_new/system/View/View.php(232): CodeIgniter\View\View->CodeIgniter\View\{closure}()
#5 /home/joyarico/public_html/joyari_new/system/Common.php(1271): CodeIgniter\View\View->render('frontend/pages/...', Array, true)
#6 /home/joyarico/public_html/joyari_new/app/Controllers/Categories.php(59): view('frontend/pages/...', Array)
#7 /home/joyarico/public_html/joyari_new/system/CodeIgniter.php(931): App\Controllers\Categories->products('love-collection')
#8 /home/joyarico/public_html/joyari_new/system/CodeIgniter.php(439): CodeIgniter\CodeIgniter->runController(Object(App\Controllers\Categories))
#9 /home/joyarico/public_html/joyari_new/system/CodeIgniter.php(339): CodeIgniter\CodeIgniter->handleRequest(NULL, Object(Config\Cache), false)
#10 /home/joyarico/public_html/joyari_new/public/index.php(45): CodeIgniter\CodeIgniter->run()
#11 {main}
CRITICAL - 2021-12-01 20:15:20 --> Invalid file: {0}
#0 /home/joyarico/public_html/joyari_new/system/View/View.php(213): CodeIgniter\Exceptions\FrameworkException::forInvalidFile('categories/prod...')
#1 /home/joyarico/public_html/joyari_new/system/View/View.php(487): CodeIgniter\View\View->render('categories/prod...', NULL, true)
#2 /home/joyarico/public_html/joyari_new/app/Views/frontend/pages/categories/product_list.php(152): CodeIgniter\View\View->include('categories/prod...')
#3 /home/joyarico/public_html/joyari_new/system/View/View.php(230): include('/home/joyarico/...')
#4 /home/joyarico/public_html/joyari_new/system/View/View.php(232): CodeIgniter\View\View->CodeIgniter\View\{closure}()
#5 /home/joyarico/public_html/joyari_new/system/Common.php(1271): CodeIgniter\View\View->render('frontend/pages/...', Array, true)
#6 /home/joyarico/public_html/joyari_new/app/Controllers/Categories.php(59): view('frontend/pages/...', Array)
#7 /home/joyarico/public_html/joyari_new/system/CodeIgniter.php(931): App\Controllers\Categories->products('love-collection')
#8 /home/joyarico/public_html/joyari_new/system/CodeIgniter.php(439): CodeIgniter\CodeIgniter->runController(Object(App\Controllers\Categories))
#9 /home/joyarico/public_html/joyari_new/system/CodeIgniter.php(339): CodeIgniter\CodeIgniter->handleRequest(NULL, Object(Config\Cache), false)
#10 /home/joyarico/public_html/joyari_new/public/index.php(45): CodeIgniter\CodeIgniter->run()
#11 {main}
CRITICAL - 2021-12-01 20:15:53 --> Invalid file: {0}
#0 /home/joyarico/public_html/joyari_new/system/View/View.php(213): CodeIgniter\Exceptions\FrameworkException::forInvalidFile('categories/prod...')
#1 /home/joyarico/public_html/joyari_new/system/View/View.php(487): CodeIgniter\View\View->render('categories/prod...', NULL, true)
#2 /home/joyarico/public_html/joyari_new/app/Views/frontend/pages/categories/product_list.php(152): CodeIgniter\View\View->include('categories/prod...')
#3 /home/joyarico/public_html/joyari_new/system/View/View.php(230): include('/home/joyarico/...')
#4 /home/joyarico/public_html/joyari_new/system/View/View.php(232): CodeIgniter\View\View->CodeIgniter\View\{closure}()
#5 /home/joyarico/public_html/joyari_new/system/Common.php(1271): CodeIgniter\View\View->render('frontend/pages/...', Array, true)
#6 /home/joyarico/public_html/joyari_new/app/Controllers/Categories.php(59): view('frontend/pages/...', Array)
#7 /home/joyarico/public_html/joyari_new/system/CodeIgniter.php(931): App\Controllers\Categories->products('love-collection')
#8 /home/joyarico/public_html/joyari_new/system/CodeIgniter.php(439): CodeIgniter\CodeIgniter->runController(Object(App\Controllers\Categories))
#9 /home/joyarico/public_html/joyari_new/system/CodeIgniter.php(339): CodeIgniter\CodeIgniter->handleRequest(NULL, Object(Config\Cache), false)
#10 /home/joyarico/public_html/joyari_new/public/index.php(45): CodeIgniter\CodeIgniter->run()
#11 {main}
CRITICAL - 2021-12-01 20:16:45 --> Invalid file: {0}
#0 /home/joyarico/public_html/joyari_new/system/View/View.php(213): CodeIgniter\Exceptions\FrameworkException::forInvalidFile('categories/prod...')
#1 /home/joyarico/public_html/joyari_new/system/View/View.php(246): CodeIgniter\View\View->render('categories/prod...', NULL, true)
#2 /home/joyarico/public_html/joyari_new/system/View/View.php(487): CodeIgniter\View\View->render('frontend/partia...', NULL, true)
#3 /home/joyarico/public_html/joyari_new/app/Views/frontend/pages/categories/product_list.php(349): CodeIgniter\View\View->include('frontend/partia...')
#4 /home/joyarico/public_html/joyari_new/system/View/View.php(230): include('/home/joyarico/...')
#5 /home/joyarico/public_html/joyari_new/system/View/View.php(232): CodeIgniter\View\View->CodeIgniter\View\{closure}()
#6 /home/joyarico/public_html/joyari_new/system/Common.php(1271): CodeIgniter\View\View->render('frontend/pages/...', Array, true)
#7 /home/joyarico/public_html/joyari_new/app/Controllers/Categories.php(59): view('frontend/pages/...', Array)
#8 /home/joyarico/public_html/joyari_new/system/CodeIgniter.php(931): App\Controllers\Categories->products('love-collection')
#9 /home/joyarico/public_html/joyari_new/system/CodeIgniter.php(439): CodeIgniter\CodeIgniter->runController(Object(App\Controllers\Categories))
#10 /home/joyarico/public_html/joyari_new/system/CodeIgniter.php(339): CodeIgniter\CodeIgniter->handleRequest(NULL, Object(Config\Cache), false)
#11 /home/joyarico/public_html/joyari_new/public/index.php(45): CodeIgniter\CodeIgniter->run()
#12 {main}
CRITICAL - 2021-12-01 20:17:05 --> Undefined variable: records
#0 /home/joyarico/public_html/joyari_new/app/Views/frontend/pages/categories/product_filter.php(94): CodeIgniter\Debug\Exceptions->errorHandler(8, 'Undefined varia...', '/home/joyarico/...', 94, Array)
#1 /home/joyarico/public_html/joyari_new/system/View/View.php(230): include('/home/joyarico/...')
#2 /home/joyarico/public_html/joyari_new/system/View/View.php(232): CodeIgniter\View\View->CodeIgniter\View\{closure}()
#3 /home/joyarico/public_html/joyari_new/system/View/View.php(487): CodeIgniter\View\View->render('frontend/pages/...', NULL, true)
#4 /home/joyarico/public_html/joyari_new/app/Views/frontend/pages/categories/product_list.php(152): CodeIgniter\View\View->include('frontend/pages/...')
#5 /home/joyarico/public_html/joyari_new/system/View/View.php(230): include('/home/joyarico/...')
#6 /home/joyarico/public_html/joyari_new/system/View/View.php(232): CodeIgniter\View\View->CodeIgniter\View\{closure}()
#7 /home/joyarico/public_html/joyari_new/system/Common.php(1271): CodeIgniter\View\View->render('frontend/pages/...', Array, true)
#8 /home/joyarico/public_html/joyari_new/app/Controllers/Categories.php(59): view('frontend/pages/...', Array)
#9 /home/joyarico/public_html/joyari_new/system/CodeIgniter.php(931): App\Controllers\Categories->products('love-collection')
#10 /home/joyarico/public_html/joyari_new/system/CodeIgniter.php(439): CodeIgniter\CodeIgniter->runController(Object(App\Controllers\Categories))
#11 /home/joyarico/public_html/joyari_new/system/CodeIgniter.php(339): CodeIgniter\CodeIgniter->handleRequest(NULL, Object(Config\Cache), false)
#12 /home/joyarico/public_html/joyari_new/public/index.php(45): CodeIgniter\CodeIgniter->run()
#13 {main}
CRITICAL - 2021-12-01 20:18:26 --> Undefined variable: records
#0 /home/joyarico/public_html/joyari_new/app/Views/frontend/pages/categories/product_filter.php(94): CodeIgniter\Debug\Exceptions->errorHandler(8, 'Undefined varia...', '/home/joyarico/...', 94, Array)
#1 /home/joyarico/public_html/joyari_new/system/View/View.php(230): include('/home/joyarico/...')
#2 /home/joyarico/public_html/joyari_new/system/View/View.php(232): CodeIgniter\View\View->CodeIgniter\View\{closure}()
#3 /home/joyarico/public_html/joyari_new/system/View/View.php(487): CodeIgniter\View\View->render('frontend/pages/...', NULL, true)
#4 /home/joyarico/public_html/joyari_new/app/Views/frontend/pages/categories/product_list.php(152): CodeIgniter\View\View->include('frontend/pages/...')
#5 /home/joyarico/public_html/joyari_new/system/View/View.php(230): include('/home/joyarico/...')
#6 /home/joyarico/public_html/joyari_new/system/View/View.php(232): CodeIgniter\View\View->CodeIgniter\View\{closure}()
#7 /home/joyarico/public_html/joyari_new/system/Common.php(1271): CodeIgniter\View\View->render('frontend/pages/...', Array, true)
#8 /home/joyarico/public_html/joyari_new/app/Controllers/Categories.php(59): view('frontend/pages/...', Array)
#9 /home/joyarico/public_html/joyari_new/system/CodeIgniter.php(931): App\Controllers\Categories->products('love-collection')
#10 /home/joyarico/public_html/joyari_new/system/CodeIgniter.php(439): CodeIgniter\CodeIgniter->runController(Object(App\Controllers\Categories))
#11 /home/joyarico/public_html/joyari_new/system/CodeIgniter.php(339): CodeIgniter\CodeIgniter->handleRequest(NULL, Object(Config\Cache), false)
#12 /home/joyarico/public_html/joyari_new/public/index.php(45): CodeIgniter\CodeIgniter->run()
#13 {main}
CRITICAL - 2021-12-01 20:18:45 --> Undefined variable: records
#0 /home/joyarico/public_html/joyari_new/app/Views/frontend/pages/categories/product_filter.php(94): CodeIgniter\Debug\Exceptions->errorHandler(8, 'Undefined varia...', '/home/joyarico/...', 94, Array)
#1 /home/joyarico/public_html/joyari_new/system/View/View.php(230): include('/home/joyarico/...')
#2 /home/joyarico/public_html/joyari_new/system/View/View.php(232): CodeIgniter\View\View->CodeIgniter\View\{closure}()
#3 /home/joyarico/public_html/joyari_new/system/View/View.php(487): CodeIgniter\View\View->render('frontend/pages/...', NULL, true)
#4 /home/joyarico/public_html/joyari_new/app/Views/frontend/pages/categories/product_list.php(152): CodeIgniter\View\View->include('frontend/pages/...')
#5 /home/joyarico/public_html/joyari_new/system/View/View.php(230): include('/home/joyarico/...')
#6 /home/joyarico/public_html/joyari_new/system/View/View.php(232): CodeIgniter\View\View->CodeIgniter\View\{closure}()
#7 /home/joyarico/public_html/joyari_new/system/Common.php(1271): CodeIgniter\View\View->render('frontend/pages/...', Array, true)
#8 /home/joyarico/public_html/joyari_new/app/Controllers/Categories.php(59): view('frontend/pages/...', Array)
#9 /home/joyarico/public_html/joyari_new/system/CodeIgniter.php(931): App\Controllers\Categories->products('love-collection')
#10 /home/joyarico/public_html/joyari_new/system/CodeIgniter.php(439): CodeIgniter\CodeIgniter->runController(Object(App\Controllers\Categories))
#11 /home/joyarico/public_html/joyari_new/system/CodeIgniter.php(339): CodeIgniter\CodeIgniter->handleRequest(NULL, Object(Config\Cache), false)
#12 /home/joyarico/public_html/joyari_new/public/index.php(45): CodeIgniter\CodeIgniter->run()
#13 {main}
CRITICAL - 2021-12-01 20:30:07 --> Argument 3 passed to view() must be of the type array, bool given, called in /home/joyarico/public_html/joyari_new/app/Controllers/Categories.php on line 60
#0 /home/joyarico/public_html/joyari_new/app/Controllers/Categories.php(60): view('frontend/pages/...', Array, true)
#1 /home/joyarico/public_html/joyari_new/system/CodeIgniter.php(931): App\Controllers\Categories->ajax('love-collection')
#2 /home/joyarico/public_html/joyari_new/system/CodeIgniter.php(439): CodeIgniter\CodeIgniter->runController(Object(App\Controllers\Categories))
#3 /home/joyarico/public_html/joyari_new/system/CodeIgniter.php(339): CodeIgniter\CodeIgniter->handleRequest(NULL, Object(Config\Cache), false)
#4 /home/joyarico/public_html/joyari_new/public/index.php(45): CodeIgniter\CodeIgniter->run()
#5 {main}
CRITICAL - 2021-12-01 20:31:09 --> Undefined offset: 0
#0 /home/joyarico/public_html/joyari_new/app/Controllers/Categories.php(39): CodeIgniter\Debug\Exceptions->errorHandler(8, 'Undefined offse...', '/home/joyarico/...', 39, Array)
#1 /home/joyarico/public_html/joyari_new/system/CodeIgniter.php(931): App\Controllers\Categories->products('diamon-rings')
#2 /home/joyarico/public_html/joyari_new/system/CodeIgniter.php(439): CodeIgniter\CodeIgniter->runController(Object(App\Controllers\Categories))
#3 /home/joyarico/public_html/joyari_new/system/CodeIgniter.php(339): CodeIgniter\CodeIgniter->handleRequest(NULL, Object(Config\Cache), false)
#4 /home/joyarico/public_html/joyari_new/public/index.php(45): CodeIgniter\CodeIgniter->run()
#5 {main}
CRITICAL - 2021-12-01 20:31:55 --> Undefined property: CodeIgniter\View\View::$db
#0 /home/joyarico/public_html/joyari_new/app/Views/frontend/pages/categories/product_filter.php(7): CodeIgniter\Debug\Exceptions->errorHandler(8, 'Undefined prope...', '/home/joyarico/...', 7, Array)
#1 /home/joyarico/public_html/joyari_new/system/View/View.php(230): include('/home/joyarico/...')
#2 /home/joyarico/public_html/joyari_new/system/View/View.php(232): CodeIgniter\View\View->CodeIgniter\View\{closure}()
#3 /home/joyarico/public_html/joyari_new/system/Common.php(1271): CodeIgniter\View\View->render('frontend/pages/...', Array, true)
#4 /home/joyarico/public_html/joyari_new/app/Controllers/Categories.php(60): view('frontend/pages/...', Array)
#5 /home/joyarico/public_html/joyari_new/system/CodeIgniter.php(931): App\Controllers\Categories->ajax('diamond-rings')
#6 /home/joyarico/public_html/joyari_new/system/CodeIgniter.php(439): CodeIgniter\CodeIgniter->runController(Object(App\Controllers\Categories))
#7 /home/joyarico/public_html/joyari_new/system/CodeIgniter.php(339): CodeIgniter\CodeIgniter->handleRequest(NULL, Object(Config\Cache), false)
#8 /home/joyarico/public_html/joyari_new/public/index.php(45): CodeIgniter\CodeIgniter->run()
#9 {main}
CRITICAL - 2021-12-01 20:38:37 --> Argument 3 passed to view() must be of the type array, bool given, called in /home/joyarico/public_html/joyari_new/app/Controllers/Categories.php on line 60
#0 /home/joyarico/public_html/joyari_new/app/Controllers/Categories.php(60): view('frontend/pages/...', Array, true)
#1 /home/joyarico/public_html/joyari_new/system/CodeIgniter.php(931): App\Controllers\Categories->ajax('diamond-rings')
#2 /home/joyarico/public_html/joyari_new/system/CodeIgniter.php(439): CodeIgniter\CodeIgniter->runController(Object(App\Controllers\Categories))
#3 /home/joyarico/public_html/joyari_new/system/CodeIgniter.php(339): CodeIgniter\CodeIgniter->handleRequest(NULL, Object(Config\Cache), false)
#4 /home/joyarico/public_html/joyari_new/public/index.php(45): CodeIgniter\CodeIgniter->run()
#5 {main}
