CRITICAL - 2021-10-09 17:11:34 --> Unable to connect to the database.
Main connection [MySQLi]: Access denied for user '****'@'localhost' (using password: YES)
#0 /home1/reselorr/public_html/bebaby/system/Database/BaseConnection.php(625): CodeIgniter\Database\BaseConnection->initialize()
#1 /home1/reselorr/public_html/bebaby/app/Controllers/Categories.php(19): CodeIgniter\Database\BaseConnection->query('select * from b...')
#2 /home1/reselorr/public_html/bebaby/system/CodeIgniter.php(931): App\Controllers\Categories->products('bridal')
#3 /home1/reselorr/public_html/bebaby/system/CodeIgniter.php(439): CodeIgniter\CodeIgniter->runController(Object(App\Controllers\Categories))
#4 /home1/reselorr/public_html/bebaby/system/CodeIgniter.php(339): CodeIgniter\CodeIgniter->handleRequest(NULL, Object(Config\Cache), false)
#5 /home1/reselorr/public_html/bebaby/public/index.php(45): CodeIgniter\CodeIgniter->run()
#6 {main}
CRITICAL - 2021-10-09 17:15:30 --> Invalid file: admin/login.php
#0 /home1/reselorr/public_html/bebaby/system/View/View.php(213): CodeIgniter\Exceptions\FrameworkException::forInvalidFile('admin/login.php')
#1 /home1/reselorr/public_html/bebaby/system/Common.php(1271): CodeIgniter\View\View->render('admin/login', Array, true)
#2 /home1/reselorr/public_html/bebaby/app/Controllers/Admin/User.php(74): view('admin/login')
#3 /home1/reselorr/public_html/bebaby/system/CodeIgniter.php(931): App\Controllers\Admin\User->logout()
#4 /home1/reselorr/public_html/bebaby/system/CodeIgniter.php(439): CodeIgniter\CodeIgniter->runController(Object(App\Controllers\Admin\User))
#5 /home1/reselorr/public_html/bebaby/system/CodeIgniter.php(339): CodeIgniter\CodeIgniter->handleRequest(NULL, Object(Config\Cache), false)
#6 /home1/reselorr/public_html/bebaby/public/index.php(45): CodeIgniter\CodeIgniter->run()
#7 {main}
CRITICAL - 2021-10-09 17:16:07 --> Invalid file: admin/login.php
#0 /home1/reselorr/public_html/bebaby/system/View/View.php(213): CodeIgniter\Exceptions\FrameworkException::forInvalidFile('admin/login.php')
#1 /home1/reselorr/public_html/bebaby/system/Common.php(1271): CodeIgniter\View\View->render('admin/login', Array, true)
#2 /home1/reselorr/public_html/bebaby/app/Controllers/Admin/User.php(74): view('admin/login')
#3 /home1/reselorr/public_html/bebaby/system/CodeIgniter.php(931): App\Controllers\Admin\User->logout()
#4 /home1/reselorr/public_html/bebaby/system/CodeIgniter.php(439): CodeIgniter\CodeIgniter->runController(Object(App\Controllers\Admin\User))
#5 /home1/reselorr/public_html/bebaby/system/CodeIgniter.php(339): CodeIgniter\CodeIgniter->handleRequest(NULL, Object(Config\Cache), false)
#6 /home1/reselorr/public_html/bebaby/public/index.php(45): CodeIgniter\CodeIgniter->run()
#7 {main}
CRITICAL - 2021-10-09 17:17:04 --> Undefined variable: title
#0 /home1/reselorr/public_html/bebaby/app/Views/admin/partial/head.php(3): CodeIgniter\Debug\Exceptions->errorHandler(8, 'Undefined varia...', '/home1/reselorr...', 3, Array)
#1 /home1/reselorr/public_html/bebaby/system/View/View.php(230): include('/home1/reselorr...')
#2 /home1/reselorr/public_html/bebaby/system/View/View.php(232): CodeIgniter\View\View->CodeIgniter\View\{closure}()
#3 /home1/reselorr/public_html/bebaby/system/View/View.php(487): CodeIgniter\View\View->render('admin/partial/h...', NULL, true)
#4 /home1/reselorr/public_html/bebaby/app/Views/admin/pages/login.php(5): CodeIgniter\View\View->include('admin/partial/h...')
#5 /home1/reselorr/public_html/bebaby/system/View/View.php(230): include('/home1/reselorr...')
#6 /home1/reselorr/public_html/bebaby/system/View/View.php(232): CodeIgniter\View\View->CodeIgniter\View\{closure}()
#7 /home1/reselorr/public_html/bebaby/system/Common.php(1271): CodeIgniter\View\View->render('admin/pages/log...', Array, true)
#8 /home1/reselorr/public_html/bebaby/app/Controllers/Admin/User.php(74): view('admin/pages/log...')
#9 /home1/reselorr/public_html/bebaby/system/CodeIgniter.php(931): App\Controllers\Admin\User->logout()
#10 /home1/reselorr/public_html/bebaby/system/CodeIgniter.php(439): CodeIgniter\CodeIgniter->runController(Object(App\Controllers\Admin\User))
#11 /home1/reselorr/public_html/bebaby/system/CodeIgniter.php(339): CodeIgniter\CodeIgniter->handleRequest(NULL, Object(Config\Cache), false)
#12 /home1/reselorr/public_html/bebaby/public/index.php(45): CodeIgniter\CodeIgniter->run()
#13 {main}
